Loading plugins phase: Elapsed time ==> 0s.135ms
<CYPRESSTAG name="CyDsfit arguments...">
cydsfit arguments: -.fdsnotice -.fdswarpdepfile=warp_dependencies.txt -.fdselabdepfile=elab_dependencies.txt -.fdsbldfile=generated_files.txt -.fdsreffile=referenced_files.txt -p C:\Users\guill\Escritorio\CSE121\Lab3.4.cydsn\Lab3.4.cyprj -d CYBLE-416045-02 -s C:\Users\guill\Escritorio\CSE121\Lab3.4.cydsn\Generated_Source\PSoC6 -- -yv2 -q10 -ygs -o2 -v3 -.fftcfgtype=LE
</CYPRESSTAG>
<CYPRESSTAG name="Design elaboration results...">
ADD: sdb.M0061: information: Info from component: ADC. Off-chip Vref bypass does not have any effect when Vref is set to VDDA.
 * C:\Users\guill\Escritorio\CSE121\Lab3.4.cydsn\TopDesign\TopDesign.cysch (Instance:ADC)

</CYPRESSTAG>
Elaboration phase: Elapsed time ==> 2s.345ms
<CYPRESSTAG name="HDL generation results...">
</CYPRESSTAG>
HDL generation phase: Elapsed time ==> 0s.087ms
<CYPRESSTAG name="Synthesis results...">

     | | | | | | |
   _________________
  -|               |-
  -|               |-
  -|               |-
  -|    CYPRESS    |-
  -|               |-
  -|               |-   Warp Verilog Synthesis Compiler: Version 6.3 IR 41
  -|               |-   Copyright (C) 1991-2001 Cypress Semiconductor
   |_______________|
     | | | | | | |

======================================================================
Compiling:  Lab3.4.v
Program  :   C:\Program Files (x86)\Cypress\PSoC Creator\4.4\PSoC Creator\warp\bin\warp.exe
Options  :    -yv2 -q10 -ygs -o2 -v3 -.fftcfgtype=LE -ya -.fftprj=C:\Users\guill\Escritorio\CSE121\Lab3.4.cydsn\Lab3.4.cyprj -dcpsoc3 Lab3.4.v -verilog
======================================================================

======================================================================
Compiling:  Lab3.4.v
Program  :   C:\Program Files (x86)\Cypress\PSoC Creator\4.4\PSoC Creator\warp\bin\warp.exe
Options  :    -yv2 -q10 -ygs -o2 -v3 -.fftcfgtype=LE -ya -.fftprj=C:\Users\guill\Escritorio\CSE121\Lab3.4.cydsn\Lab3.4.cyprj -dcpsoc3 Lab3.4.v -verilog
======================================================================

======================================================================
Compiling:  Lab3.4.v
Program  :   vlogfe
Options  :    -yv2 -q10 -ygs -o2 -v3 -.fftcfgtype=LE -ya -.fftprj=C:\Users\guill\Escritorio\CSE121\Lab3.4.cydsn\Lab3.4.cyprj -dcpsoc3 -verilog Lab3.4.v
======================================================================

vlogfe V6.3 IR 41:  Verilog parser
Tue Apr 26 12:00:23 2022


======================================================================
Compiling:  Lab3.4.v
Program  :   vpp
Options  :    -yv2 -q10 Lab3.4.v
======================================================================

vpp V6.3 IR 41:  Verilog Pre-Processor
Tue Apr 26 12:00:23 2022

Flattening file 'C:\Program Files (x86)\Cypress\PSoC Creator\4.4\PSoC Creator\psoc\content\CyPrimitives\cyprimitives.cylib\cy_virtualmux_v1_0\cy_virtualmux_v1_0.v'
Flattening file 'C:\Program Files (x86)\Cypress\PSoC Creator\4.4\PSoC Creator\psoc\content\CyPrimitives\cyprimitives.cylib\ZeroTerminal\ZeroTerminal.v'
Flattening file 'C:\Program Files (x86)\Cypress\PSoC Creator\4.4\PSoC Creator\psoc\content\CyPrimitives\cyprimitives.cylib\or_v1_0\or_v1_0.v'
Flattening file 'C:\Program Files (x86)\Cypress\PSoC Creator\4.4\PSoC Creator\psoc\content\CyPrimitives\cyprimitives.cylib\cy_analog_virtualmux_v1_0\cy_analog_virtualmux_v1_0.v'
Flattening file 'C:\Program Files (x86)\Cypress\PSoC Creator\4.4\PSoC Creator\psoc\content\CyComponentLibrary\CyComponentLibrary.cylib\Bus_Connect_v2_50\Bus_Connect_v2_50.v'
Flattening file 'C:\Program Files (x86)\Cypress\PSoC Creator\4.4\PSoC Creator\warp\lib\common\cypress.v'
Flattening file 'C:\Program Files (x86)\Cypress\PSoC Creator\4.4\PSoC Creator\warp\lib\common\cy_psoc3_inc.v'
Flattening file 'C:\Program Files (x86)\Cypress\PSoC Creator\4.4\PSoC Creator\psoc\content\CyPrimitives\cyprimitives.cylib\cy_constant_v1_0\cy_constant_v1_0.v'
Flattening file 'C:\Program Files (x86)\Cypress\PSoC Creator\4.4\PSoC Creator\psoc\content\CyPrimitives\cyprimitives.cylib\cy_vref_v1_70\cy_vref_v1_70.v'

vpp:  No errors.

Library 'work' => directory 'lcpsoc3'
General_symbol_table
General_symbol_table
Linking 'C:\Program Files (x86)\Cypress\PSoC Creator\4.4\PSoC Creator\warp\lib\common\std.vhd'.
Linking 'C:\Program Files (x86)\Cypress\PSoC Creator\4.4\PSoC Creator\warp\lib\common\cypress.vhd'.
Linking 'C:\Program Files (x86)\Cypress\PSoC Creator\4.4\PSoC Creator\warp\lib\common\work\cypress.vif'.
Linking 'C:\Program Files (x86)\Cypress\PSoC Creator\4.4\PSoC Creator\warp\lib\ieee\work\stdlogic.vif'.
Linking 'C:\Program Files (x86)\Cypress\PSoC Creator\4.4\PSoC Creator\warp\lib\common\stdlogic\lpmpkg.vif'.
Linking 'C:\Program Files (x86)\Cypress\PSoC Creator\4.4\PSoC Creator\warp\lib\common\stdlogic\rtlpkg.vif'.
Linking 'C:\Program Files (x86)\Cypress\PSoC Creator\4.4\PSoC Creator\warp\lib\common\stdlogic\mod_cnst.vif'.
Linking 'C:\Program Files (x86)\Cypress\PSoC Creator\4.4\PSoC Creator\warp\lib\common\stdlogic\mod_mthv.vif'.
Linking 'C:\Program Files (x86)\Cypress\PSoC Creator\4.4\PSoC Creator\warp\lib\common\stdlogic\mod_genv.vif'.
Using control file 'Lab3.4.ctl'.

vlogfe:  No errors.


======================================================================
Compiling:  Lab3.4.v
Program  :   tovif
Options  :    -yv2 -q10 -ygs -o2 -v3 -.fftcfgtype=LE -ya -.fftprj=C:\Users\guill\Escritorio\CSE121\Lab3.4.cydsn\Lab3.4.cyprj -dcpsoc3 -verilog Lab3.4.v
======================================================================

tovif V6.3 IR 41:  High-level synthesis
Tue Apr 26 12:00:23 2022

Linking 'C:\Program Files (x86)\Cypress\PSoC Creator\4.4\PSoC Creator\warp\lib\common\std.vhd'.
Linking 'C:\Program Files (x86)\Cypress\PSoC Creator\4.4\PSoC Creator\warp\lib\common\cypress.vhd'.
Linking 'C:\Program Files (x86)\Cypress\PSoC Creator\4.4\PSoC Creator\warp\lib\common\work\cypress.vif'.
Linking 'C:\Program Files (x86)\Cypress\PSoC Creator\4.4\PSoC Creator\warp\lib\ieee\work\stdlogic.vif'.
Linking 'C:\Program Files (x86)\Cypress\PSoC Creator\4.4\PSoC Creator\warp\lib\common\stdlogic\lpmpkg.vif'.
Linking 'C:\Program Files (x86)\Cypress\PSoC Creator\4.4\PSoC Creator\warp\lib\common\stdlogic\rtlpkg.vif'.
Linking 'C:\Program Files (x86)\Cypress\PSoC Creator\4.4\PSoC Creator\warp\lib\common\stdlogic\mod_cnst.vif'.
Linking 'C:\Program Files (x86)\Cypress\PSoC Creator\4.4\PSoC Creator\warp\lib\common\stdlogic\mod_mthv.vif'.
Linking 'C:\Program Files (x86)\Cypress\PSoC Creator\4.4\PSoC Creator\warp\lib\common\stdlogic\mod_genv.vif'.
Linking 'C:\Users\guill\Escritorio\CSE121\Lab3.4.cydsn\codegentemp\Lab3.4.ctl'.
Linking 'C:\Program Files (x86)\Cypress\PSoC Creator\4.4\PSoC Creator\psoc\content\CyPrimitives\cyprimitives.cylib\cy_virtualmux_v1_0\cy_virtualmux_v1_0.v'.
Linking 'C:\Users\guill\Escritorio\CSE121\Lab3.4.cydsn\codegentemp\Lab3.4.v'.
Linking 'C:\Program Files (x86)\Cypress\PSoC Creator\4.4\PSoC Creator\psoc\content\CyPrimitives\cyprimitives.cylib\ZeroTerminal\ZeroTerminal.v'.
Linking 'C:\Program Files (x86)\Cypress\PSoC Creator\4.4\PSoC Creator\psoc\content\CyPrimitives\cyprimitives.cylib\or_v1_0\or_v1_0.v'.
Linking 'C:\Program Files (x86)\Cypress\PSoC Creator\4.4\PSoC Creator\psoc\content\CyPrimitives\cyprimitives.cylib\cy_analog_virtualmux_v1_0\cy_analog_virtualmux_v1_0.v'.
Linking 'C:\Program Files (x86)\Cypress\PSoC Creator\4.4\PSoC Creator\psoc\content\CyComponentLibrary\CyComponentLibrary.cylib\Bus_Connect_v2_50\Bus_Connect_v2_50.v'.
Linking 'C:\Program Files (x86)\Cypress\PSoC Creator\4.4\PSoC Creator\warp\lib\common\cypress.v'.
Linking 'C:\Program Files (x86)\Cypress\PSoC Creator\4.4\PSoC Creator\warp\lib\common\cy_psoc3_inc.v'.
Linking 'C:\Program Files (x86)\Cypress\PSoC Creator\4.4\PSoC Creator\psoc\content\CyPrimitives\cyprimitives.cylib\cy_constant_v1_0\cy_constant_v1_0.v'.
Linking 'C:\Program Files (x86)\Cypress\PSoC Creator\4.4\PSoC Creator\psoc\content\CyPrimitives\cyprimitives.cylib\cy_vref_v1_70\cy_vref_v1_70.v'.

tovif:  No errors.


======================================================================
Compiling:  Lab3.4.v
Program  :   topld
Options  :    -yv2 -q10 -ygs -o2 -v3 -.fftcfgtype=LE -ya -.fftprj=C:\Users\guill\Escritorio\CSE121\Lab3.4.cydsn\Lab3.4.cyprj -dcpsoc3 -verilog Lab3.4.v
======================================================================

topld V6.3 IR 41:  Synthesis and optimization
Tue Apr 26 12:00:24 2022

Linking 'C:\Program Files (x86)\Cypress\PSoC Creator\4.4\PSoC Creator\warp\lib\common\std.vhd'.
Linking 'C:\Program Files (x86)\Cypress\PSoC Creator\4.4\PSoC Creator\warp\lib\common\cypress.vhd'.
Linking 'C:\Program Files (x86)\Cypress\PSoC Creator\4.4\PSoC Creator\warp\lib\common\work\cypress.vif'.
Linking 'C:\Program Files (x86)\Cypress\PSoC Creator\4.4\PSoC Creator\warp\lib\ieee\work\stdlogic.vif'.
Linking 'C:\Program Files (x86)\Cypress\PSoC Creator\4.4\PSoC Creator\warp\lib\common\stdlogic\lpmpkg.vif'.
Linking 'C:\Program Files (x86)\Cypress\PSoC Creator\4.4\PSoC Creator\warp\lib\common\stdlogic\rtlpkg.vif'.
Linking 'C:\Program Files (x86)\Cypress\PSoC Creator\4.4\PSoC Creator\warp\lib\common\stdlogic\mod_cnst.vif'.
Linking 'C:\Program Files (x86)\Cypress\PSoC Creator\4.4\PSoC Creator\warp\lib\common\stdlogic\mod_mthv.vif'.
Linking 'C:\Program Files (x86)\Cypress\PSoC Creator\4.4\PSoC Creator\warp\lib\common\stdlogic\mod_genv.vif'.
Linking 'C:\Users\guill\Escritorio\CSE121\Lab3.4.cydsn\codegentemp\Lab3.4.ctl'.
Linking 'C:\Program Files (x86)\Cypress\PSoC Creator\4.4\PSoC Creator\psoc\content\CyPrimitives\cyprimitives.cylib\cy_virtualmux_v1_0\cy_virtualmux_v1_0.v'.
Linking 'C:\Users\guill\Escritorio\CSE121\Lab3.4.cydsn\codegentemp\Lab3.4.v'.
Linking 'C:\Program Files (x86)\Cypress\PSoC Creator\4.4\PSoC Creator\psoc\content\CyPrimitives\cyprimitives.cylib\ZeroTerminal\ZeroTerminal.v'.
Linking 'C:\Program Files (x86)\Cypress\PSoC Creator\4.4\PSoC Creator\psoc\content\CyPrimitives\cyprimitives.cylib\or_v1_0\or_v1_0.v'.
Linking 'C:\Program Files (x86)\Cypress\PSoC Creator\4.4\PSoC Creator\psoc\content\CyPrimitives\cyprimitives.cylib\cy_analog_virtualmux_v1_0\cy_analog_virtualmux_v1_0.v'.
Linking 'C:\Program Files (x86)\Cypress\PSoC Creator\4.4\PSoC Creator\psoc\content\CyComponentLibrary\CyComponentLibrary.cylib\Bus_Connect_v2_50\Bus_Connect_v2_50.v'.
Linking 'C:\Program Files (x86)\Cypress\PSoC Creator\4.4\PSoC Creator\warp\lib\common\cypress.v'.
Linking 'C:\Program Files (x86)\Cypress\PSoC Creator\4.4\PSoC Creator\warp\lib\common\cy_psoc3_inc.v'.
Linking 'C:\Program Files (x86)\Cypress\PSoC Creator\4.4\PSoC Creator\psoc\content\CyPrimitives\cyprimitives.cylib\cy_constant_v1_0\cy_constant_v1_0.v'.
Linking 'C:\Program Files (x86)\Cypress\PSoC Creator\4.4\PSoC Creator\psoc\content\CyPrimitives\cyprimitives.cylib\cy_vref_v1_70\cy_vref_v1_70.v'.
Linking 'C:\Program Files (x86)\Cypress\PSoC Creator\4.4\PSoC Creator\warp\lib\lcpsoc3\stdlogic\cpsoc3.vif'.

----------------------------------------------------------
Detecting unused logic.
----------------------------------------------------------
    User names
	\UART:Net_22\
	\UART:Net_23\
	Net_21
	Net_20
	Net_26
	Net_27
	Net_19
	\ADC:Net_34\
	\ADC:Net_33\
	Net_148
	\I2C:Net_224\
	\I2C:Net_223\


Deleted 12 User equations/components.
Deleted 0 Synthesized equations/components.

------------------------------------------------------
Alias Detection
------------------------------------------------------
Aliasing \PWM:count\ to one
Aliasing \PWM:reload\ to \PWM:swap\
Aliasing \PWM:kill\ to \PWM:swap\
Aliasing \PWM:start\ to \PWM:swap\
Aliasing zero to \PWM:swap\
Aliasing \UART:cts_wire\ to \PWM:swap\
Aliasing \PWM_1:swap\ to \PWM:swap\
Aliasing \PWM_1:count\ to one
Aliasing \PWM_1:reload\ to \PWM:swap\
Aliasing \PWM_1:kill\ to \PWM:swap\
Aliasing \PWM_1:start\ to \PWM:swap\
Aliasing \PWM_2:swap\ to \PWM:swap\
Aliasing \PWM_2:count\ to one
Aliasing \PWM_2:reload\ to \PWM:swap\
Aliasing \PWM_2:kill\ to \PWM:swap\
Aliasing \PWM_2:start\ to \PWM:swap\
Aliasing \ADC:Net_40\ to \PWM:swap\
Aliasing \ADC:Net_41\ to \PWM:swap\
Aliasing \ADC:Net_42\ to \PWM:swap\
Aliasing \ADC:Net_43\ to \PWM:swap\
Aliasing \ADC:st_sel_1\ to \PWM:swap\
Aliasing \ADC:st_sel_0\ to \PWM:swap\
Aliasing \ADC:Net_29\ to \PWM:swap\
Aliasing \I2C:Net_283\ to \PWM:swap\
Aliasing \I2C:Net_282\ to \PWM:swap\
Aliasing \I2C:Net_281\ to \PWM:swap\
Aliasing \I2C:Net_280\ to \PWM:swap\
Aliasing \I2C:Net_279\ to \PWM:swap\
Aliasing \I2C:Net_278\ to \PWM:swap\
Removing Lhs of wire \PWM:count\[9] = one[1]
Removing Lhs of wire \PWM:reload\[10] = \PWM:swap\[8]
Removing Lhs of wire \PWM:kill\[11] = \PWM:swap\[8]
Removing Lhs of wire \PWM:start\[12] = \PWM:swap\[8]
Removing Lhs of wire \UART:clock_wire\[21] = \UART:Net_847\[20]
Removing Rhs of wire zero[30] = \PWM:swap\[8]
Removing Lhs of wire \UART:rx_wire\[34] = \UART:Net_1172\[31]
Removing Lhs of wire \UART:cts_wire\[35] = zero[30]
Removing Lhs of wire \PWM_1:swap\[67] = zero[30]
Removing Lhs of wire \PWM_1:count\[68] = one[1]
Removing Lhs of wire \PWM_1:reload\[69] = zero[30]
Removing Lhs of wire \PWM_1:kill\[70] = zero[30]
Removing Lhs of wire \PWM_1:start\[71] = zero[30]
Removing Lhs of wire \PWM_2:swap\[79] = zero[30]
Removing Lhs of wire \PWM_2:count\[80] = one[1]
Removing Lhs of wire \PWM_2:reload\[81] = zero[30]
Removing Lhs of wire \PWM_2:kill\[82] = zero[30]
Removing Lhs of wire \PWM_2:start\[83] = zero[30]
Removing Lhs of wire \ADC:Net_40\[113] = zero[30]
Removing Lhs of wire \ADC:Net_41\[114] = zero[30]
Removing Lhs of wire \ADC:Net_42\[115] = zero[30]
Removing Lhs of wire \ADC:Net_43\[116] = zero[30]
Removing Lhs of wire \ADC:st_sel_1\[117] = zero[30]
Removing Lhs of wire \ADC:st_sel_0\[118] = zero[30]
Removing Lhs of wire \ADC:sarClock\[119] = \ADC:Net_428\[99]
Removing Lhs of wire \ADC:Net_415\[120] = zero[30]
Removing Lhs of wire \ADC:Net_29\[121] = zero[30]
Removing Rhs of wire \I2C:clock_wire\[720] = \I2C:Net_847\[745]
Removing Lhs of wire \I2C:Net_283\[721] = zero[30]
Removing Lhs of wire \I2C:Net_282\[724] = zero[30]
Removing Lhs of wire \I2C:Net_281\[729] = zero[30]
Removing Lhs of wire \I2C:Net_280\[734] = zero[30]
Removing Lhs of wire \I2C:Net_279\[736] = zero[30]
Removing Lhs of wire \I2C:Net_278\[737] = zero[30]

------------------------------------------------------
Aliased 0 equations, 34 wires.
------------------------------------------------------

----------------------------------------------------------
Circuit simplification
----------------------------------------------------------

Substituting virtuals - pass 1:


----------------------------------------------------------
Circuit simplification results:

	Expanded 0 signals.
	Turned 0 signals into soft nodes.
	Maximum default expansion cost was set at 3.
----------------------------------------------------------

topld:  No errors.

CYPRESS_DIR    : C:\Program Files (x86)\Cypress\PSoC Creator\4.4\PSoC Creator\warp
Warp Program   : C:\Program Files (x86)\Cypress\PSoC Creator\4.4\PSoC Creator\warp\bin\warp.exe
Warp Arguments : -yv2 -q10 -ygs -o2 -v3 -.fftcfgtype=LE -ya -.fftprj=C:\Users\guill\Escritorio\CSE121\Lab3.4.cydsn\Lab3.4.cyprj -dcpsoc3 Lab3.4.v -verilog
</CYPRESSTAG>
Warp synthesis phase: Elapsed time ==> 2s.452ms
<CYPRESSTAG name="Fitter results...">
<CYPRESSTAG name="Fitter startup details...">
cyp3fit: V4.4.0.80, Family: PSoC3, Started at: Tuesday, 26 April 2022 12:00:25
Options: -yv2 -q10 -ygs -o2 -v3 -.fftcfgtype=LE -ya -.fftprj=C:\Users\guill\Escritorio\CSE121\Lab3.4.cydsn\Lab3.4.cyprj -d CYBLE-416045-02 Lab3.4.v -verilog
</CYPRESSTAG>
<CYPRESSTAG name="Design parsing">
Design parsing phase: Elapsed time ==> 0s.474ms
</CYPRESSTAG>
<CYPRESSTAG name="Tech Mapping">
<CYPRESSTAG name="Initial Mapping" icon="FILE_RPT_TECHM">

Removing unused cells resulting from optimization
Done removing unused cells.
<CYPRESSTAG name="Global Clock Selection" icon="FILE_RPT_TECHM">
    Fixed Function Clock 11: Automatic-assigning  clock 'Clock'. Signal=Net_11_ff11
    Fixed Function Clock 12: Automatic-assigning  clock 'Clock'. Signal=Net_11_ff12
    Fixed Function Clock 13: Automatic-assigning  clock 'Clock'. Signal=Net_11_ff13
    Fixed Function Clock 0: Automatic-assigning  clock 'I2C_SCBCLK'. Signal=\I2C:clock_wire_ff0\
    Fixed Function Clock 1: Automatic-assigning  clock 'UART_SCBCLK'. Signal=\UART:Net_847_ff1\
    Fixed Function Clock 49: Automatic-assigning  clock 'ADC_intSarClock'. Signal=\ADC:Net_428_ff49\
<CYPRESSTAG name="UDB Clock/Enable Remapping Results">
</CYPRESSTAG>
</CYPRESSTAG>
Info: plm.M0038: The pin named CY_CPUSS_SWJ_SWCLK_TCLK(0) at location P6[7] prevents usage of special purposes: TCPWM[3].line_compl. (App=cydsfit)
Info: plm.M0038: The pin named CY_CPUSS_SWJ_SWCLK_TCLK(0) at location P6[7] prevents usage of special purposes: TCPWM[19].line_compl. (App=cydsfit)
Info: plm.M0038: The pin named CY_CPUSS_SWJ_SWCLK_TCLK(0) at location P6[7] prevents usage of special purposes: SCB[6].uart_cts. (App=cydsfit)
Info: plm.M0038: The pin named CY_CPUSS_SWJ_SWCLK_TCLK(0) at location P6[7] prevents usage of special purposes: SCB[6].spi_select[0]. (App=cydsfit)
Info: plm.M0038: The pin named CY_CPUSS_SWJ_SWCLK_TCLK(0) at location P6[7] prevents usage of special purposes: SCB[8].spi_select[0]. (App=cydsfit)
Info: plm.M0038: The pin named CY_CPUSS_SWJ_SWDIO_TMS(0) at location P6[6] prevents usage of special purposes: TCPWM[3].line. (App=cydsfit)
Info: plm.M0038: The pin named CY_CPUSS_SWJ_SWDIO_TMS(0) at location P6[6] prevents usage of special purposes: TCPWM[19].line. (App=cydsfit)
Info: plm.M0038: The pin named CY_CPUSS_SWJ_SWDIO_TMS(0) at location P6[6] prevents usage of special purposes: SCB[6].uart_rts. (App=cydsfit)
Info: plm.M0038: The pin named CY_CPUSS_SWJ_SWDIO_TMS(0) at location P6[6] prevents usage of special purposes: SCB[6].spi_clk. (App=cydsfit)
Info: plm.M0038: The pin named CY_CPUSS_SWJ_SWDIO_TMS(0) at location P6[6] prevents usage of special purposes: SCB[8].spi_clk. (App=cydsfit)

Removing unused cells resulting from optimization
Done removing unused cells.
<CYPRESSTAG name="Duplicate Macrocell detection">
</CYPRESSTAG>
</CYPRESSTAG>
<CYPRESSTAG name="Duplicate Macrocell detection">
</CYPRESSTAG>
<CYPRESSTAG name="Design Equations" icon="FILE_RPT_EQUATION">

------------------------------------------------------------
Design Equations
------------------------------------------------------------
    <CYPRESSTAG name="Pin listing">

    ------------------------------------------------------------
    Pin listing
    ------------------------------------------------------------

    Pin : Name = CY_CPUSS_SWJ_SWCLK_TCLK(0)
        Attributes:
            In Group/Port: True
            In Sync Option: AUTO
            Out Sync Option: AUTO
            Interrupt generated: False
            Interrupt mode: NONE
            Drive mode: RES_PULL_DOWN
            VTrip: CMOS
            Slew: FAST
            Input Sync needed: False
            Output Sync needed: False
            SC shield enabled: False
            POR State: INP_DIS_HI_Z
            LCD Mode: COMMON
            Register Mode: RegComb
            CaSense Mode: NEITHER
            Treat as pin: True
            Is OE Registered: False
            Uses Analog: False
            Can contain Digital: True
            Is SIO: False
            SIO Output Buf: NONREGULATED
            SIO Input Buf: SINGLE_ENDED
            SIO HiFreq: LOW
            SIO Hyst: DISABLED
            SIO Vtrip: MULTIPLIER_0_5
            SIO Multiplier Index: 0
            SIO RefSel: VCC_IO
            Required Capabilities: DIGITAL
            Initial Value: 0
            IO Voltage: 0
        PORT MAP (
            pa_out => CY_CPUSS_SWJ_SWCLK_TCLK(0)__PA ,
            fb => CPUSS_swj_swclk_tclk );

    Pin : Name = CY_CPUSS_SWJ_SWDIO_TMS(0)
        Attributes:
            In Group/Port: True
            In Sync Option: AUTO
            Out Sync Option: AUTO
            Interrupt generated: False
            Interrupt mode: NONE
            Drive mode: RES_PULL_UP
            VTrip: CMOS
            Slew: FAST
            Input Sync needed: False
            Output Sync needed: False
            SC shield enabled: False
            POR State: INP_DIS_HI_Z
            LCD Mode: COMMON
            Register Mode: RegComb
            CaSense Mode: NEITHER
            Treat as pin: True
            Is OE Registered: False
            Uses Analog: False
            Can contain Digital: True
            Is SIO: False
            SIO Output Buf: NONREGULATED
            SIO Input Buf: SINGLE_ENDED
            SIO HiFreq: LOW
            SIO Hyst: DISABLED
            SIO Vtrip: MULTIPLIER_0_5
            SIO Multiplier Index: 0
            SIO RefSel: VCC_IO
            Required Capabilities: DIGITAL
            Initial Value: 0
            IO Voltage: 0
        PORT MAP (
            pa_out => CY_CPUSS_SWJ_SWDIO_TMS(0)__PA ,
            fb => CPUSS_swj_swdio_tms );

    Pin : Name = BLUE(0)
        Attributes:
            In Group/Port: True
            In Sync Option: AUTO
            Out Sync Option: NOSYNC
            Interrupt generated: False
            Interrupt mode: NONE
            Drive mode: CMOS_OUT
            VTrip: CMOS
            Slew: FAST
            Input Sync needed: False
            Output Sync needed: False
            SC shield enabled: False
            POR State: INP_DIS_HI_Z
            LCD Mode: COMMON
            Register Mode: RegComb
            CaSense Mode: NEITHER
            Treat as pin: True
            Is OE Registered: False
            Uses Analog: False
            Can contain Digital: True
            Is SIO: False
            SIO Output Buf: NONREGULATED
            SIO Input Buf: SINGLE_ENDED
            SIO HiFreq: LOW
            SIO Hyst: DISABLED
            SIO Vtrip: MULTIPLIER_0_5
            SIO Multiplier Index: 0
            SIO RefSel: VCC_IO
            Required Capabilities: DIGITAL
            Initial Value: 1
            IO Voltage: 0
        PORT MAP (
            pa_out => BLUE(0)__PA ,
            pin_input => Net_1 ,
            pad => BLUE(0)_PAD );
        Properties:
        {
        }

    Pin : Name = \UART:tx(0)\
        Attributes:
            In Group/Port: True
            In Sync Option: AUTO
            Out Sync Option: NOSYNC
            Interrupt generated: False
            Interrupt mode: NONE
            Drive mode: CMOS_OUT
            VTrip: CMOS
            Slew: FAST
            Input Sync needed: False
            Output Sync needed: False
            SC shield enabled: False
            POR State: INP_DIS_HI_Z
            LCD Mode: COMMON
            Register Mode: RegComb
            CaSense Mode: NEITHER
            Treat as pin: True
            Is OE Registered: False
            Uses Analog: False
            Can contain Digital: True
            Is SIO: False
            SIO Output Buf: NONREGULATED
            SIO Input Buf: SINGLE_ENDED
            SIO HiFreq: LOW
            SIO Hyst: DISABLED
            SIO Vtrip: MULTIPLIER_0_5
            SIO Multiplier Index: 0
            SIO RefSel: VCC_IO
            Required Capabilities: DIGITAL
            Initial Value: 1
            IO Voltage: 0
        PORT MAP (
            pa_out => \UART:tx(0)\__PA ,
            pin_input => \UART:tx_wire\ ,
            pad => \UART:tx(0)_PAD\ );
        Properties:
        {
        }

    Pin : Name = \UART:rx(0)\
        Attributes:
            In Group/Port: True
            In Sync Option: NOSYNC
            Out Sync Option: AUTO
            Interrupt generated: False
            Interrupt mode: NONE
            Drive mode: HI_Z_ANALOG
            VTrip: CMOS
            Slew: FAST
            Input Sync needed: False
            Output Sync needed: False
            SC shield enabled: False
            POR State: INP_DIS_HI_Z
            LCD Mode: COMMON
            Register Mode: RegComb
            CaSense Mode: NEITHER
            Treat as pin: True
            Is OE Registered: False
            Uses Analog: False
            Can contain Digital: True
            Is SIO: False
            SIO Output Buf: NONREGULATED
            SIO Input Buf: SINGLE_ENDED
            SIO HiFreq: LOW
            SIO Hyst: DISABLED
            SIO Vtrip: MULTIPLIER_0_5
            SIO Multiplier Index: 0
            SIO RefSel: VCC_IO
            Required Capabilities: DIGITAL
            Initial Value: 1
            IO Voltage: 0
        PORT MAP (
            pa_out => \UART:rx(0)\__PA ,
            fb => \UART:Net_1172\ ,
            pad => \UART:rx(0)_PAD\ );
        Properties:
        {
        }

    Pin : Name = SW2(0)
        Attributes:
            In Group/Port: True
            In Sync Option: NOSYNC
            Out Sync Option: AUTO
            Interrupt generated: True
            Interrupt mode: FALLING
            Drive mode: RES_PULL_UP
            VTrip: CMOS
            Slew: FAST
            Input Sync needed: False
            Output Sync needed: False
            SC shield enabled: False
            POR State: INP_DIS_HI_Z
            LCD Mode: COMMON
            Register Mode: RegComb
            CaSense Mode: NEITHER
            Treat as pin: False
            Is OE Registered: False
            Uses Analog: False
            Can contain Digital: True
            Is SIO: False
            SIO Output Buf: NONREGULATED
            SIO Input Buf: SINGLE_ENDED
            SIO HiFreq: LOW
            SIO Hyst: DISABLED
            SIO Vtrip: MULTIPLIER_0_5
            SIO Multiplier Index: 0
            SIO RefSel: VCC_IO
            Required Capabilities: DIGITAL
            Initial Value: 1
            IO Voltage: 0
        PORT MAP (
            pa_out => SW2(0)__PA ,
            pad => SW2(0)_PAD );
        Properties:
        {
        }

    Pin : Name = GREEN(0)
        Attributes:
            In Group/Port: True
            In Sync Option: AUTO
            Out Sync Option: NOSYNC
            Interrupt generated: False
            Interrupt mode: NONE
            Drive mode: CMOS_OUT
            VTrip: CMOS
            Slew: FAST
            Input Sync needed: False
            Output Sync needed: False
            SC shield enabled: False
            POR State: INP_DIS_HI_Z
            LCD Mode: COMMON
            Register Mode: RegComb
            CaSense Mode: NEITHER
            Treat as pin: True
            Is OE Registered: False
            Uses Analog: False
            Can contain Digital: True
            Is SIO: False
            SIO Output Buf: NONREGULATED
            SIO Input Buf: SINGLE_ENDED
            SIO HiFreq: LOW
            SIO Hyst: DISABLED
            SIO Vtrip: MULTIPLIER_0_5
            SIO Multiplier Index: 0
            SIO RefSel: VCC_IO
            Required Capabilities: DIGITAL
            Initial Value: 1
            IO Voltage: 0
        PORT MAP (
            pa_out => GREEN(0)__PA ,
            pin_input => Net_68 ,
            pad => GREEN(0)_PAD );
        Properties:
        {
        }

    Pin : Name = RED(0)
        Attributes:
            In Group/Port: True
            In Sync Option: AUTO
            Out Sync Option: NOSYNC
            Interrupt generated: False
            Interrupt mode: NONE
            Drive mode: CMOS_OUT
            VTrip: CMOS
            Slew: FAST
            Input Sync needed: False
            Output Sync needed: False
            SC shield enabled: False
            POR State: INP_DIS_HI_Z
            LCD Mode: COMMON
            Register Mode: RegComb
            CaSense Mode: NEITHER
            Treat as pin: True
            Is OE Registered: False
            Uses Analog: False
            Can contain Digital: True
            Is SIO: False
            SIO Output Buf: NONREGULATED
            SIO Input Buf: SINGLE_ENDED
            SIO HiFreq: LOW
            SIO Hyst: DISABLED
            SIO Vtrip: MULTIPLIER_0_5
            SIO Multiplier Index: 0
            SIO RefSel: VCC_IO
            Required Capabilities: DIGITAL
            Initial Value: 1
            IO Voltage: 0
        PORT MAP (
            pa_out => RED(0)__PA ,
            pin_input => Net_73 ,
            pad => RED(0)_PAD );
        Properties:
        {
        }

    Pin : Name = A1(0)
        Attributes:
            In Group/Port: True
            In Sync Option: AUTO
            Out Sync Option: AUTO
            Interrupt generated: False
            Interrupt mode: NONE
            Drive mode: HI_Z_ANALOG
            VTrip: CMOS
            Slew: FAST
            Input Sync needed: False
            Output Sync needed: False
            SC shield enabled: False
            POR State: INP_DIS_HI_Z
            LCD Mode: COMMON
            Register Mode: RegComb
            CaSense Mode: NEITHER
            Treat as pin: True
            Is OE Registered: False
            Uses Analog: True
            Can contain Digital: False
            Is SIO: False
            SIO Output Buf: NONREGULATED
            SIO Input Buf: SINGLE_ENDED
            SIO HiFreq: LOW
            SIO Hyst: DISABLED
            SIO Vtrip: MULTIPLIER_0_5
            SIO Multiplier Index: 0
            SIO RefSel: VCC_IO
            Required Capabilities: ANALOG
            Initial Value: 1
            IO Voltage: 0
        PORT MAP (
            pa_out => A1(0)__PA ,
            analog_term => Net_139 ,
            pad => A1(0)_PAD );
        Properties:
        {
        }

    Pin : Name = \I2C:scl(0)\
        Attributes:
            In Group/Port: True
            In Sync Option: NOSYNC
            Out Sync Option: NOSYNC
            Interrupt generated: False
            Interrupt mode: NONE
            Drive mode: OPEN_DRAIN_LO
            VTrip: CMOS
            Slew: FAST
            Input Sync needed: False
            Output Sync needed: False
            SC shield enabled: False
            POR State: INP_DIS_HI_Z
            LCD Mode: COMMON
            Register Mode: RegComb
            CaSense Mode: NEITHER
            Treat as pin: True
            Is OE Registered: False
            Uses Analog: False
            Can contain Digital: True
            Is SIO: False
            SIO Output Buf: NONREGULATED
            SIO Input Buf: SINGLE_ENDED
            SIO HiFreq: LOW
            SIO Hyst: DISABLED
            SIO Vtrip: MULTIPLIER_0_5
            SIO Multiplier Index: 0
            SIO RefSel: VCC_IO
            Required Capabilities: DIGITAL
            Initial Value: 1
            IO Voltage: 0
        PORT MAP (
            pa_out => \I2C:scl(0)\__PA ,
            fb => Net_153 ,
            pad => \I2C:scl(0)_PAD\ );
        Properties:
        {
        }

    Pin : Name = \I2C:sda(0)\
        Attributes:
            In Group/Port: True
            In Sync Option: NOSYNC
            Out Sync Option: NOSYNC
            Interrupt generated: False
            Interrupt mode: NONE
            Drive mode: OPEN_DRAIN_LO
            VTrip: CMOS
            Slew: FAST
            Input Sync needed: False
            Output Sync needed: False
            SC shield enabled: False
            POR State: INP_DIS_HI_Z
            LCD Mode: COMMON
            Register Mode: RegComb
            CaSense Mode: NEITHER
            Treat as pin: True
            Is OE Registered: False
            Uses Analog: False
            Can contain Digital: True
            Is SIO: False
            SIO Output Buf: NONREGULATED
            SIO Input Buf: SINGLE_ENDED
            SIO HiFreq: LOW
            SIO Hyst: DISABLED
            SIO Vtrip: MULTIPLIER_0_5
            SIO Multiplier Index: 0
            SIO RefSel: VCC_IO
            Required Capabilities: DIGITAL
            Initial Value: 1
            IO Voltage: 0
        PORT MAP (
            pa_out => \I2C:sda(0)\__PA ,
            fb => Net_155 ,
            pad => \I2C:sda(0)_PAD\ );
        Properties:
        {
        }
    </CYPRESSTAG>
    <CYPRESSTAG name="Macrocell listing" icon="FILE_RPT_EQUATION">
    </CYPRESSTAG>
    <CYPRESSTAG name="Datapath listing">
    </CYPRESSTAG>
    <CYPRESSTAG name="Status register listing">
    </CYPRESSTAG>
    <CYPRESSTAG name="StatusI register listing">
    </CYPRESSTAG>
    <CYPRESSTAG name="Sync listing">
    </CYPRESSTAG>
    <CYPRESSTAG name="Control register listing">
    </CYPRESSTAG>
    <CYPRESSTAG name="Count7 listing">
    </CYPRESSTAG>
    <CYPRESSTAG name="DRQ listing">
    </CYPRESSTAG>
    <CYPRESSTAG name="Interrupt listing">

    ------------------------------------------------------------
    Interrupt listing
    ------------------------------------------------------------

    interrupt: Name =\UART:SCB_IRQ\
        PORT MAP (
            interrupt => \UART:intr_wire\ );
        Properties:
        {
            cy_registers = ""
            deepsleep_required = 0
            int_type = "10"
        }

    interrupt: Name =SysInt_switch
        PORT MAP (
            interrupt => INDIVIDUAL_PICU_OUT_0 );
        Properties:
        {
            cy_registers = ""
            deepsleep_required = 1
            int_type = "10"
        }

    interrupt: Name =\ADC:IRQ\
        PORT MAP (
            interrupt => \ADC:Net_423\ );
        Properties:
        {
            cy_registers = ""
            deepsleep_required = 0
            int_type = "10"
        }

    interrupt: Name =\I2C:SCB_IRQ\
        PORT MAP (
            interrupt => \I2C:intr_wire\ );
        Properties:
        {
            cy_registers = ""
            deepsleep_required = 0
            int_type = "10"
        }
    </CYPRESSTAG>
</CYPRESSTAG>
<CYPRESSTAG name="Technology mapping summary" expanded>

------------------------------------------------------------
Technology mapping summary
------------------------------------------------------------

Resource Type                 : Used : Free :  Max :  % Used
============================================================
Digital Clocks                :    0 :    8 :    8 :  0.00 %
Crypto Accelerator            :    0 :    1 :    1 :  0.00 %
Interrupts [CM0+]             :    5 :   27 :   32 : 15.63 %
Interrupts [CM4]              :    4 :  143 :  147 :  2.72 %
IO                            :   11 :   25 :   36 : 30.56 %
Interprocessor Communication  :    0 :   16 :   16 :  0.00 %
MCWDT                         :    0 :    2 :    2 :  0.00 %
CapSense                      :    0 :    1 :    1 :  0.00 %
Energy Profiler               :    0 :    1 :    1 :  0.00 %
Real Time Clock               :    0 :    1 :    1 :  0.00 %
Bluetooth Low Energy          :    0 :    1 :    1 :  0.00 %
I2S                           :    0 :    1 :    1 :  0.00 %
PDM/PCM                       :    0 :    1 :    1 :  0.00 %
SCB                           :    2 :    7 :    9 : 22.22 %
DMA Channels                  :    0 :   32 :   32 :  0.00 %
LCD                           :    0 :    1 :    1 :  0.00 %
SmartIO                       :    0 :    2 :    2 :  0.00 %
TCPWM                         :    3 :   29 :   32 :  9.38 %
UDB                           :      :      :      :        
  Macrocells                  :    0 :   96 :   96 :  0.00 %
  Unique P-terms              :    0 :  192 :  192 :  0.00 %
  Total P-terms               :    0 :      :      :        
  Datapath Cells              :    0 :   12 :   12 :  0.00 %
  Status Cells                :    0 :   12 :   12 :  0.00 %
  Control Cells               :    0 :   12 :   12 :  0.00 %
7-Bit IDAC                    :    0 :    2 :    2 :  0.00 %
Continuous Time DAC           :    0 :    1 :    1 :  0.00 %
LP Comparator                 :    0 :    2 :    2 :  0.00 %
Opamp                         :    0 :    2 :    2 :  0.00 %
Sample and Hold               :    0 :    1 :    1 :  0.00 %
SAR ADC                       :    1 :    0 :    1 : 100.00 %
DieTemp Sensor                :    0 :    1 :    1 :  0.00 %
</CYPRESSTAG>
Technology Mapping: Elapsed time ==> 0s.116ms
Tech Mapping phase: Elapsed time ==> 0s.180ms
</CYPRESSTAG>
<CYPRESSTAG name="Analog Placement">
<CYPRESSTAG name="FFB & IO Pre Placement">
<CYPRESSTAG name="Placement" icon="FILE_RPT_PLACEMENT">

Cell                                : Block                              
=========================================================================
CY_CPUSS_SWJ_SWCLK_TCLK(0)          : [IOP=(6)][IoId=(7)]                
CY_CPUSS_SWJ_SWDIO_TMS(0)           : [IOP=(6)][IoId=(6)]                
BLUE(0)                             : [IOP=(7)][IoId=(2)]                
\UART:tx(0)\                        : [IOP=(5)][IoId=(1)]                
\UART:rx(0)\                        : [IOP=(5)][IoId=(0)]                
SW2(0)                              : [IOP=(0)][IoId=(4)]                
GREEN(0)                            : [IOP=(7)][IoId=(1)]                
RED(0)                              : [IOP=(6)][IoId=(3)]                
A1(0)                               : [IOP=(9)][IoId=(0)]                
\I2C:scl(0)\                        : [IOP=(6)][IoId=(4)]                
\I2C:sda(0)\                        : [IOP=(6)][IoId=(5)]                
ClockGenBlock                       : CLK_GEN_[FFB(CLK_GEN,0)]           
CPUSS                               : CPUSS_[FFB(CPUSS,0)]               
\UART:SCB\                          : SCB_[FFB(SCB,5)]                   
\ADC:SAR\                           : SARADC_[FFB(SARADC,0)]             
\I2C:SCB\                           : SCB_[FFB(SCB,6)]                   
IOSS                                : IOSS_[FFB(IOSS,0)]                 
\ADC:vRef_4\                        : Vref_[FFB(Vref,0)]                 
\ADC:vRef_8\                        : Vref_[FFB(Vref,1)]                 
\PWM:TCPWM\                         : TCPWM_[FFB(TCPWM,5)]               
\PWM_1:TCPWM\                       : TCPWM_[FFB(TCPWM,0)]               
\PWM_2:TCPWM\                       : TCPWM_[FFB(TCPWM,1)]               

</CYPRESSTAG>
</CYPRESSTAG>
<CYPRESSTAG name="Real Analog Placement">
Elapsed time ==> 0.1121173s
</CYPRESSTAG>
Analog Placement phase: Elapsed time ==> 0s.777ms
</CYPRESSTAG>
<CYPRESSTAG name="Analog Routing">
<CYPRESSTAG name="Analog Routing">
Route success=True, Iterations=1 Elapsed=0.0032168 secs
</CYPRESSTAG>
Analog Routing phase: Elapsed time ==> 0s.008ms
</CYPRESSTAG>
<CYPRESSTAG name="Analog Code Generation">
============ Analog Final Answer Routes ============
Dump of CyAnalogRoutingResultsDB
Map of net to items {
  Net: Net_139 {
    p9_0
    P9_P50
    amuxbusb_sar
    PASS0_SARMUX0_sw19
    PASS0_sarmux_vplus
  }
  Net: \ADC:Net_102\ {
    PASS0_SARADC0_ext_vref_internal
    PASS0_SARADC0_swh_1
    sar_ext_vref
  }
  Net: \ADC:Net_1448\ {
  }
  Net: \ADC:muxoutMinus\ {
  }
}
Map of item to net {
  p9_0                                             -> Net_139
  P9_P50                                           -> Net_139
  amuxbusb_sar                                     -> Net_139
  PASS0_SARMUX0_sw19                               -> Net_139
  PASS0_sarmux_vplus                               -> Net_139
  PASS0_SARADC0_ext_vref_internal                  -> \ADC:Net_102\
  PASS0_SARADC0_swh_1                              -> \ADC:Net_102\
  sar_ext_vref                                     -> \ADC:Net_102\
}
Mux Info {
}
Analog Code Generation phase: Elapsed time ==> 0s.014ms
</CYPRESSTAG>
<CYPRESSTAG name="Digital Placement">
<CYPRESSTAG name="Detailed placement messages">
I2659: No Constrained paths were found. The placer will run in non-timing driven mode.
I2076: Total run-time: 0.4 sec.

</CYPRESSTAG>
<CYPRESSTAG name="PLD Packing">
<CYPRESSTAG name="PLD Packing Summary">
No PLDs were packed.
</CYPRESSTAG>
PLD Packing: Elapsed time ==> 0s.000ms
</CYPRESSTAG>
<CYPRESSTAG name="Partitioning">
<CYPRESSTAG name="Initial Partitioning Summary">
Initial Partitioning Summary not displayed at this verbose level.</CYPRESSTAG>
<CYPRESSTAG name="Final Partitioning Summary">
Final Partitioning Summary not displayed at this verbose level.</CYPRESSTAG>
Partitioning: Elapsed time ==> 0s.014ms
</CYPRESSTAG>
<CYPRESSTAG name="Final Placement Summary">

------------------------------------------------------------
Final Placement Summary
------------------------------------------------------------

       Resource Type :      Count : Avg Inputs : Avg Outputs
    ========================================================
                 UDB :          0 :       0.00 :       0.00
<CYPRESSTAG name="Final Placement Details">
<CYPRESSTAG name="Component Details">

------------------------------------------------------------
Component Placement Details
------------------------------------------------------------
UDB [UDB=(0,0)] is empty.
UDB [UDB=(0,1)] is empty.
UDB [UDB=(0,2)] is empty.
UDB [UDB=(0,3)] is empty.
UDB [UDB=(0,4)] is empty.
UDB [UDB=(0,5)] is empty.
UDB [UDB=(1,0)] is empty.
UDB [UDB=(1,1)] is empty.
UDB [UDB=(1,2)] is empty.
UDB [UDB=(1,3)] is empty.
UDB [UDB=(1,4)] is empty.
UDB [UDB=(1,5)] is empty.
Intr container @ [IntrContainer=(0)]: 
  Intr@ [IntrContainer=(0)][IntrId=(0)] 
    interrupt: Name =SysInt_switch
        PORT MAP (
            interrupt => INDIVIDUAL_PICU_OUT_0 );
        Properties:
        {
            cy_registers = ""
            deepsleep_required = 1
            int_type = "10"
        }
  Intr@ [IntrContainer=(0)][IntrId=(46)] 
    interrupt: Name =\UART:SCB_IRQ\
        PORT MAP (
            interrupt => \UART:intr_wire\ );
        Properties:
        {
            cy_registers = ""
            deepsleep_required = 0
            int_type = "10"
        }
  Intr@ [IntrContainer=(0)][IntrId=(47)] 
    interrupt: Name =\I2C:SCB_IRQ\
        PORT MAP (
            interrupt => \I2C:intr_wire\ );
        Properties:
        {
            cy_registers = ""
            deepsleep_required = 0
            int_type = "10"
        }
  Intr@ [IntrContainer=(0)][IntrId=(138)] 
    interrupt: Name =\ADC:IRQ\
        PORT MAP (
            interrupt => \ADC:Net_423\ );
        Properties:
        {
            cy_registers = ""
            deepsleep_required = 0
            int_type = "10"
        }
Drq container @ [DrqContainer=(0)]: empty
Port 0 generates interrupt for logical port:
    logicalport: Name =SW2
        PORT MAP (
             );
        Properties:
        {
            cy_registers = ""
            drive_mode = "010"
            drive_strength = "0"
            hotswap_needed = "0"
            i2c_mode = "0"
            ibuf_enabled = "1"
            id = "4cca878b-77b5-471d-8aeb-ad6925202455"
            init_dr_st = "1"
            input_sync = "0"
            intr_mode = "10"
            io_voltage = ""
            max_frequency = "100"
            oe_conn = "0"
            oe_sync = "0"
            output_conn = "0"
            output_current_cap = "8"
            output_sync = "0"
            pin_aliases = ""
            pin_mode = "B"
            sio_grp_cnt = 0
            slew_rate = "0"
            use_annotation = "1"
            vtrip = "00"
            width = 1
        }
    and contains the following IO cells:
[IoId=4]: 
Pin : Name = SW2(0)
    Attributes:
        In Group/Port: True
        In Sync Option: NOSYNC
        Out Sync Option: AUTO
        Interrupt generated: True
        Interrupt mode: FALLING
        Drive mode: RES_PULL_UP
        VTrip: CMOS
        Slew: FAST
        Input Sync needed: False
        Output Sync needed: False
        SC shield enabled: False
        POR State: INP_DIS_HI_Z
        LCD Mode: COMMON
        Register Mode: RegComb
        CaSense Mode: NEITHER
        Treat as pin: False
        Is OE Registered: False
        Uses Analog: False
        Can contain Digital: True
        Is SIO: False
        SIO Output Buf: NONREGULATED
        SIO Input Buf: SINGLE_ENDED
        SIO HiFreq: LOW
        SIO Hyst: DISABLED
        SIO Vtrip: MULTIPLIER_0_5
        SIO Multiplier Index: 0
        SIO RefSel: VCC_IO
        Required Capabilities: DIGITAL
        Initial Value: 1
        IO Voltage: 0
    PORT MAP (
        pa_out => SW2(0)__PA ,
        pad => SW2(0)_PAD );
    Properties:
    {
    }

Port 5 contains the following IO cells:
[IoId=0]: 
Pin : Name = \UART:rx(0)\
    Attributes:
        In Group/Port: True
        In Sync Option: NOSYNC
        Out Sync Option: AUTO
        Interrupt generated: False
        Interrupt mode: NONE
        Drive mode: HI_Z_ANALOG
        VTrip: CMOS
        Slew: FAST
        Input Sync needed: False
        Output Sync needed: False
        SC shield enabled: False
        POR State: INP_DIS_HI_Z
        LCD Mode: COMMON
        Register Mode: RegComb
        CaSense Mode: NEITHER
        Treat as pin: True
        Is OE Registered: False
        Uses Analog: False
        Can contain Digital: True
        Is SIO: False
        SIO Output Buf: NONREGULATED
        SIO Input Buf: SINGLE_ENDED
        SIO HiFreq: LOW
        SIO Hyst: DISABLED
        SIO Vtrip: MULTIPLIER_0_5
        SIO Multiplier Index: 0
        SIO RefSel: VCC_IO
        Required Capabilities: DIGITAL
        Initial Value: 1
        IO Voltage: 0
    PORT MAP (
        pa_out => \UART:rx(0)\__PA ,
        fb => \UART:Net_1172\ ,
        pad => \UART:rx(0)_PAD\ );
    Properties:
    {
    }

[IoId=1]: 
Pin : Name = \UART:tx(0)\
    Attributes:
        In Group/Port: True
        In Sync Option: AUTO
        Out Sync Option: NOSYNC
        Interrupt generated: False
        Interrupt mode: NONE
        Drive mode: CMOS_OUT
        VTrip: CMOS
        Slew: FAST
        Input Sync needed: False
        Output Sync needed: False
        SC shield enabled: False
        POR State: INP_DIS_HI_Z
        LCD Mode: COMMON
        Register Mode: RegComb
        CaSense Mode: NEITHER
        Treat as pin: True
        Is OE Registered: False
        Uses Analog: False
        Can contain Digital: True
        Is SIO: False
        SIO Output Buf: NONREGULATED
        SIO Input Buf: SINGLE_ENDED
        SIO HiFreq: LOW
        SIO Hyst: DISABLED
        SIO Vtrip: MULTIPLIER_0_5
        SIO Multiplier Index: 0
        SIO RefSel: VCC_IO
        Required Capabilities: DIGITAL
        Initial Value: 1
        IO Voltage: 0
    PORT MAP (
        pa_out => \UART:tx(0)\__PA ,
        pin_input => \UART:tx_wire\ ,
        pad => \UART:tx(0)_PAD\ );
    Properties:
    {
    }

Port 6 contains the following IO cells:
[IoId=3]: 
Pin : Name = RED(0)
    Attributes:
        In Group/Port: True
        In Sync Option: AUTO
        Out Sync Option: NOSYNC
        Interrupt generated: False
        Interrupt mode: NONE
        Drive mode: CMOS_OUT
        VTrip: CMOS
        Slew: FAST
        Input Sync needed: False
        Output Sync needed: False
        SC shield enabled: False
        POR State: INP_DIS_HI_Z
        LCD Mode: COMMON
        Register Mode: RegComb
        CaSense Mode: NEITHER
        Treat as pin: True
        Is OE Registered: False
        Uses Analog: False
        Can contain Digital: True
        Is SIO: False
        SIO Output Buf: NONREGULATED
        SIO Input Buf: SINGLE_ENDED
        SIO HiFreq: LOW
        SIO Hyst: DISABLED
        SIO Vtrip: MULTIPLIER_0_5
        SIO Multiplier Index: 0
        SIO RefSel: VCC_IO
        Required Capabilities: DIGITAL
        Initial Value: 1
        IO Voltage: 0
    PORT MAP (
        pa_out => RED(0)__PA ,
        pin_input => Net_73 ,
        pad => RED(0)_PAD );
    Properties:
    {
    }

[IoId=4]: 
Pin : Name = \I2C:scl(0)\
    Attributes:
        In Group/Port: True
        In Sync Option: NOSYNC
        Out Sync Option: NOSYNC
        Interrupt generated: False
        Interrupt mode: NONE
        Drive mode: OPEN_DRAIN_LO
        VTrip: CMOS
        Slew: FAST
        Input Sync needed: False
        Output Sync needed: False
        SC shield enabled: False
        POR State: INP_DIS_HI_Z
        LCD Mode: COMMON
        Register Mode: RegComb
        CaSense Mode: NEITHER
        Treat as pin: True
        Is OE Registered: False
        Uses Analog: False
        Can contain Digital: True
        Is SIO: False
        SIO Output Buf: NONREGULATED
        SIO Input Buf: SINGLE_ENDED
        SIO HiFreq: LOW
        SIO Hyst: DISABLED
        SIO Vtrip: MULTIPLIER_0_5
        SIO Multiplier Index: 0
        SIO RefSel: VCC_IO
        Required Capabilities: DIGITAL
        Initial Value: 1
        IO Voltage: 0
    PORT MAP (
        pa_out => \I2C:scl(0)\__PA ,
        fb => Net_153 ,
        pad => \I2C:scl(0)_PAD\ );
    Properties:
    {
    }

[IoId=5]: 
Pin : Name = \I2C:sda(0)\
    Attributes:
        In Group/Port: True
        In Sync Option: NOSYNC
        Out Sync Option: NOSYNC
        Interrupt generated: False
        Interrupt mode: NONE
        Drive mode: OPEN_DRAIN_LO
        VTrip: CMOS
        Slew: FAST
        Input Sync needed: False
        Output Sync needed: False
        SC shield enabled: False
        POR State: INP_DIS_HI_Z
        LCD Mode: COMMON
        Register Mode: RegComb
        CaSense Mode: NEITHER
        Treat as pin: True
        Is OE Registered: False
        Uses Analog: False
        Can contain Digital: True
        Is SIO: False
        SIO Output Buf: NONREGULATED
        SIO Input Buf: SINGLE_ENDED
        SIO HiFreq: LOW
        SIO Hyst: DISABLED
        SIO Vtrip: MULTIPLIER_0_5
        SIO Multiplier Index: 0
        SIO RefSel: VCC_IO
        Required Capabilities: DIGITAL
        Initial Value: 1
        IO Voltage: 0
    PORT MAP (
        pa_out => \I2C:sda(0)\__PA ,
        fb => Net_155 ,
        pad => \I2C:sda(0)_PAD\ );
    Properties:
    {
    }

[IoId=6]: 
Pin : Name = CY_CPUSS_SWJ_SWDIO_TMS(0)
    Attributes:
        In Group/Port: True
        In Sync Option: AUTO
        Out Sync Option: AUTO
        Interrupt generated: False
        Interrupt mode: NONE
        Drive mode: RES_PULL_UP
        VTrip: CMOS
        Slew: FAST
        Input Sync needed: False
        Output Sync needed: False
        SC shield enabled: False
        POR State: INP_DIS_HI_Z
        LCD Mode: COMMON
        Register Mode: RegComb
        CaSense Mode: NEITHER
        Treat as pin: True
        Is OE Registered: False
        Uses Analog: False
        Can contain Digital: True
        Is SIO: False
        SIO Output Buf: NONREGULATED
        SIO Input Buf: SINGLE_ENDED
        SIO HiFreq: LOW
        SIO Hyst: DISABLED
        SIO Vtrip: MULTIPLIER_0_5
        SIO Multiplier Index: 0
        SIO RefSel: VCC_IO
        Required Capabilities: DIGITAL
        Initial Value: 0
        IO Voltage: 0
    PORT MAP (
        pa_out => CY_CPUSS_SWJ_SWDIO_TMS(0)__PA ,
        fb => CPUSS_swj_swdio_tms );
    Properties:
    {
    }

[IoId=7]: 
Pin : Name = CY_CPUSS_SWJ_SWCLK_TCLK(0)
    Attributes:
        In Group/Port: True
        In Sync Option: AUTO
        Out Sync Option: AUTO
        Interrupt generated: False
        Interrupt mode: NONE
        Drive mode: RES_PULL_DOWN
        VTrip: CMOS
        Slew: FAST
        Input Sync needed: False
        Output Sync needed: False
        SC shield enabled: False
        POR State: INP_DIS_HI_Z
        LCD Mode: COMMON
        Register Mode: RegComb
        CaSense Mode: NEITHER
        Treat as pin: True
        Is OE Registered: False
        Uses Analog: False
        Can contain Digital: True
        Is SIO: False
        SIO Output Buf: NONREGULATED
        SIO Input Buf: SINGLE_ENDED
        SIO HiFreq: LOW
        SIO Hyst: DISABLED
        SIO Vtrip: MULTIPLIER_0_5
        SIO Multiplier Index: 0
        SIO RefSel: VCC_IO
        Required Capabilities: DIGITAL
        Initial Value: 0
        IO Voltage: 0
    PORT MAP (
        pa_out => CY_CPUSS_SWJ_SWCLK_TCLK(0)__PA ,
        fb => CPUSS_swj_swclk_tclk );
    Properties:
    {
    }

Port 7 contains the following IO cells:
[IoId=1]: 
Pin : Name = GREEN(0)
    Attributes:
        In Group/Port: True
        In Sync Option: AUTO
        Out Sync Option: NOSYNC
        Interrupt generated: False
        Interrupt mode: NONE
        Drive mode: CMOS_OUT
        VTrip: CMOS
        Slew: FAST
        Input Sync needed: False
        Output Sync needed: False
        SC shield enabled: False
        POR State: INP_DIS_HI_Z
        LCD Mode: COMMON
        Register Mode: RegComb
        CaSense Mode: NEITHER
        Treat as pin: True
        Is OE Registered: False
        Uses Analog: False
        Can contain Digital: True
        Is SIO: False
        SIO Output Buf: NONREGULATED
        SIO Input Buf: SINGLE_ENDED
        SIO HiFreq: LOW
        SIO Hyst: DISABLED
        SIO Vtrip: MULTIPLIER_0_5
        SIO Multiplier Index: 0
        SIO RefSel: VCC_IO
        Required Capabilities: DIGITAL
        Initial Value: 1
        IO Voltage: 0
    PORT MAP (
        pa_out => GREEN(0)__PA ,
        pin_input => Net_68 ,
        pad => GREEN(0)_PAD );
    Properties:
    {
    }

[IoId=2]: 
Pin : Name = BLUE(0)
    Attributes:
        In Group/Port: True
        In Sync Option: AUTO
        Out Sync Option: NOSYNC
        Interrupt generated: False
        Interrupt mode: NONE
        Drive mode: CMOS_OUT
        VTrip: CMOS
        Slew: FAST
        Input Sync needed: False
        Output Sync needed: False
        SC shield enabled: False
        POR State: INP_DIS_HI_Z
        LCD Mode: COMMON
        Register Mode: RegComb
        CaSense Mode: NEITHER
        Treat as pin: True
        Is OE Registered: False
        Uses Analog: False
        Can contain Digital: True
        Is SIO: False
        SIO Output Buf: NONREGULATED
        SIO Input Buf: SINGLE_ENDED
        SIO HiFreq: LOW
        SIO Hyst: DISABLED
        SIO Vtrip: MULTIPLIER_0_5
        SIO Multiplier Index: 0
        SIO RefSel: VCC_IO
        Required Capabilities: DIGITAL
        Initial Value: 1
        IO Voltage: 0
    PORT MAP (
        pa_out => BLUE(0)__PA ,
        pin_input => Net_1 ,
        pad => BLUE(0)_PAD );
    Properties:
    {
    }

Port 9 contains the following IO cells:
[IoId=0]: 
Pin : Name = A1(0)
    Attributes:
        In Group/Port: True
        In Sync Option: AUTO
        Out Sync Option: AUTO
        Interrupt generated: False
        Interrupt mode: NONE
        Drive mode: HI_Z_ANALOG
        VTrip: CMOS
        Slew: FAST
        Input Sync needed: False
        Output Sync needed: False
        SC shield enabled: False
        POR State: INP_DIS_HI_Z
        LCD Mode: COMMON
        Register Mode: RegComb
        CaSense Mode: NEITHER
        Treat as pin: True
        Is OE Registered: False
        Uses Analog: True
        Can contain Digital: False
        Is SIO: False
        SIO Output Buf: NONREGULATED
        SIO Input Buf: SINGLE_ENDED
        SIO HiFreq: LOW
        SIO Hyst: DISABLED
        SIO Vtrip: MULTIPLIER_0_5
        SIO Multiplier Index: 0
        SIO RefSel: VCC_IO
        Required Capabilities: ANALOG
        Initial Value: 1
        IO Voltage: 0
    PORT MAP (
        pa_out => A1(0)__PA ,
        analog_term => Net_139 ,
        pad => A1(0)_PAD );
    Properties:
    {
    }

Port 10 contains the following IO cells:
Port 12 contains the following IO cells:
Clock group 0: 
    Clock Block @ F(Clock,0): 
    Clock: Name =ClockBlock
        PORT MAP (
            imo => ClockBlock_IMO ,
            ext => ClockBlock_ExtClk ,
            altHf => ClockBlock_AltHF ,
            eco => ClockBlock_ECO ,
            fll => ClockBlock_FLL ,
            pll_0 => ClockBlock_PLL0 ,
            hfclk_0 => ClockBlock_HFClk0 ,
            hfclk_1 => ClockBlock_HFClk1 ,
            hfclk_2 => ClockBlock_HFClk2 ,
            hfclk_3 => ClockBlock_HFClk3 ,
            hfclk_4 => ClockBlock_HFClk4 ,
            fastclk => ClockBlock_FastClk ,
            periclk => ClockBlock_PeriClk ,
            slowclk => ClockBlock_SlowClk ,
            ilo => ClockBlock_ILO ,
            wco => ClockBlock_WCO ,
            lfclk => ClockBlock_LFClk ,
            ff_div_11 => Net_11_ff11 ,
            ff_div_12 => Net_11_ff12 ,
            ff_div_13 => Net_11_ff13 ,
            ff_div_0 => \I2C:clock_wire_ff0\ ,
            ff_div_1 => \UART:Net_847_ff1\ ,
            ff_div_49 => \ADC:Net_428_ff49\ );
        Properties:
        {
        }
LCD group 0: empty
Vref group 0: 
    Vref Block @ F(Vref,2): 
    vrefcell: Name =\ADC:vRef_4\
        PORT MAP (
            vout => \ADC:Net_1379\ );
        Properties:
        {
            autoenable = 1
            guid = "6E0C5DC9-D531-4D01-9B49-536487FE4A82"
            ignoresleep = 0
            name = "Bandgap Reference"
        }
    Vref Block @ F(Vref,5): 
    vrefcell: Name =\ADC:vRef_8\
        PORT MAP (
            vout => \ADC:Net_102\ );
        Properties:
        {
            autoenable = 1
            guid = "A74A229D-E18B-4A00-BEEC-CCDCB446AC07 "
            ignoresleep = 0
            name = ""
        }
LPCOMP group 0: empty
SCB group 0: 
    SCB @ F(SCB,5): 
    SCB: Name =\UART:SCB\
        PORT MAP (
            clock => \UART:Net_847_ff1\ ,
            uart_rx => \UART:Net_1172\ ,
            uart_tx => \UART:tx_wire\ ,
            uart_rts => \UART:rts_wire\ ,
            interrupt => \UART:intr_wire\ ,
            tr_tx_req => Net_24 ,
            tr_rx_req => Net_23 ,
            tr_i2c_scl_filtered => \UART:Net_161\ );
        Properties:
        {
            cy_registers = ""
            master = 0
            mode = 2
            requires_io_preconfigure = 0
        }
    SCB @ F(SCB,6): 
    SCB: Name =\I2C:SCB\
        PORT MAP (
            clock => \I2C:clock_wire_ff0\ ,
            uart_tx => \I2C:Net_1062\ ,
            uart_rts => \I2C:Net_1053\ ,
            i2c_scl => Net_153 ,
            i2c_sda => Net_155 ,
            interrupt => \I2C:intr_wire\ ,
            tr_tx_req => \I2C:Net_162\ ,
            tr_rx_req => \I2C:Net_163\ ,
            tr_i2c_scl_filtered => Net_154 );
        Properties:
        {
            cy_registers = ""
            master = 1
            mode = 0
            requires_io_preconfigure = 1
        }
CSD group 0: empty
CSIDAC7 group 0: empty
TCPWM group 0: 
    TCPWM @ F(TCPWM,0): 
    TCPWM: Name =\PWM_1:TCPWM\
        PORT MAP (
            clock => Net_11_ff12 ,
            capture => zero ,
            count => one ,
            reload => zero ,
            stop => zero ,
            start => zero ,
            tr_underflow => Net_43 ,
            tr_compare_match => Net_33 ,
            tr_overflow => Net_37 ,
            line_compl => Net_39 ,
            line => Net_68 ,
            interrupt => Net_35 );
        Properties:
        {
            cy_registers = ""
            exact_width = 0
            width = 16
        }
    TCPWM @ F(TCPWM,1): 
    TCPWM: Name =\PWM_2:TCPWM\
        PORT MAP (
            clock => Net_11_ff13 ,
            capture => zero ,
            count => one ,
            reload => zero ,
            stop => zero ,
            start => zero ,
            tr_underflow => Net_59 ,
            tr_compare_match => Net_49 ,
            tr_overflow => Net_53 ,
            line_compl => Net_55 ,
            line => Net_73 ,
            interrupt => Net_51 );
        Properties:
        {
            cy_registers = ""
            exact_width = 0
            width = 16
        }
    TCPWM @ F(TCPWM,5): 
    TCPWM: Name =\PWM:TCPWM\
        PORT MAP (
            clock => Net_11_ff11 ,
            capture => zero ,
            count => one ,
            reload => zero ,
            stop => zero ,
            start => zero ,
            tr_underflow => Net_9 ,
            tr_compare_match => Net_10 ,
            tr_overflow => Net_8 ,
            line_compl => Net_13 ,
            line => Net_1 ,
            interrupt => Net_7 );
        Properties:
        {
            cy_registers = ""
            exact_width = 0
            width = 16
        }
OA group 0: empty
TEMP group 0: empty
SARADC group 0: 
    SAR ADC @ F(SARADC,0): 
    SARADC: Name =\ADC:SAR\
        PORT MAP (
            vplus => Net_139 ,
            vminus => \ADC:muxoutMinus\ ,
            vref => \ADC:Net_1448\ ,
            ext_vref => \ADC:Net_102\ ,
            dsi_sar_sample_done => Net_143 ,
            dsi_sar_chan_id_valid => Net_145 ,
            dsi_sar_data_valid => Net_147 ,
            tr_sar_out => Net_142 ,
            dsi_sar_data_11 => Net_146_11 ,
            dsi_sar_data_10 => Net_146_10 ,
            dsi_sar_data_9 => Net_146_9 ,
            dsi_sar_data_8 => Net_146_8 ,
            dsi_sar_data_7 => Net_146_7 ,
            dsi_sar_data_6 => Net_146_6 ,
            dsi_sar_data_5 => Net_146_5 ,
            dsi_sar_data_4 => Net_146_4 ,
            dsi_sar_data_3 => Net_146_3 ,
            dsi_sar_data_2 => Net_146_2 ,
            dsi_sar_data_1 => Net_146_1 ,
            dsi_sar_data_0 => Net_146_0 ,
            dsi_sar_chan_id_3 => Net_144_3 ,
            dsi_sar_chan_id_2 => Net_144_2 ,
            dsi_sar_chan_id_1 => Net_144_1 ,
            dsi_sar_chan_id_0 => Net_144_0 ,
            clock => \ADC:Net_428_ff49\ ,
            interrupt => \ADC:Net_423\ );
        Properties:
        {
            cy_registers = ""
            edge_trigger = 0
        }
CLK_GEN group 0: 
    MxS40 Clock Gen Block @ F(CLK_GEN,0): 
    CLK_GEN: Name =ClockGenBlock
        PORT MAP (
             );
        Properties:
        {
        }
LPCOMPBLOCK group 0: empty
PASSBLOCK group 0: empty
BLE group 0: empty
SmartIO group 0: empty
CRYPTO group 0: empty
PROFILE group 0: empty
SRSS group 0: empty
CPUSS group 0: 
    CPUSS Block @ F(CPUSS,0): 
    CPUSS: Name =CPUSS
        PORT MAP (
            swj_swclk_tclk => CPUSS_swj_swclk_tclk ,
            swj_swdio_tms => CPUSS_swj_swdio_tms );
        Properties:
        {
        }
IOSS group 0: 
    IOSS Block @ F(IOSS,0): 
    IOSS: Name =IOSS
        PORT MAP (
            interrupt_port_0 => INDIVIDUAL_PICU_OUT_0 );
        Properties:
        {
        }
UDB group 0: empty
IPC group 0: empty
I2S group 0: empty
PDM group 0: empty
CTDAC group 0: empty
SAMPLEHOLD group 0: empty
MCWDT group 0: empty
RTC group 0: empty
</CYPRESSTAG>
<CYPRESSTAG name="Port Configuration Details">

------------------------------------------------------------
Port Configuration report
------------------------------------------------------------
     |     |       | Interrupt |                  |                            | 
Port | Pin | Fixed |      Type |       Drive Mode |                       Name | Connections
-----+-----+-------+-----------+------------------+----------------------------+-------------------------
   0 |   4 |     * |   FALLING |      RES_PULL_UP |                     SW2(0) | 
-----+-----+-------+-----------+------------------+----------------------------+-------------------------
   5 |   0 |     * |      NONE |      HI_Z_ANALOG |               \UART:rx(0)\ | FB(\UART:Net_1172\)
     |   1 |     * |      NONE |         CMOS_OUT |               \UART:tx(0)\ | In(\UART:tx_wire\)
-----+-----+-------+-----------+------------------+----------------------------+-------------------------
   6 |   3 |     * |      NONE |         CMOS_OUT |                     RED(0) | In(Net_73)
     |   4 |     * |      NONE |    OPEN_DRAIN_LO |               \I2C:scl(0)\ | FB(Net_153)
     |   5 |     * |      NONE |    OPEN_DRAIN_LO |               \I2C:sda(0)\ | FB(Net_155)
     |   6 |     * |      NONE |      RES_PULL_UP |  CY_CPUSS_SWJ_SWDIO_TMS(0) | FB(CPUSS_swj_swdio_tms)
     |   7 |     * |      NONE |    RES_PULL_DOWN | CY_CPUSS_SWJ_SWCLK_TCLK(0) | FB(CPUSS_swj_swclk_tclk)
-----+-----+-------+-----------+------------------+----------------------------+-------------------------
   7 |   1 |     * |      NONE |         CMOS_OUT |                   GREEN(0) | In(Net_68)
     |   2 |     * |      NONE |         CMOS_OUT |                    BLUE(0) | In(Net_1)
-----+-----+-------+-----------+------------------+----------------------------+-------------------------
   9 |   0 |     * |      NONE |      HI_Z_ANALOG |                      A1(0) | Analog(Net_139)
---------------------------------------------------------------------------------------------------------
</CYPRESSTAG>
</CYPRESSTAG>
</CYPRESSTAG>
Digital component placer commit/Report: Elapsed time ==> 0s.035ms
Digital Placement phase: Elapsed time ==> 4s.834ms
</CYPRESSTAG>
<CYPRESSTAG name="Digital Routing">
"C:\Program Files (x86)\Cypress\PSoC Creator\4.4\PSoC Creator\bin/sjrouter.exe" --xml-path "C:\Program Files (x86)\Cypress\PSoC Creator\4.4\PSoC Creator\dev\psoc6/0/route_arch-rrg.cydata" --vh2-path "Lab3.4_r.vh2" --pcf-path "Lab3.4.pco" --des-name "Lab3.4" --dsf-path "Lab3.4.dsf" --sdc-path "Lab3.4.sdc" --lib-path "Lab3.4_r.lib"
Routing successful.
Digital Routing phase: Elapsed time ==> 0s.786ms
</CYPRESSTAG>
<CYPRESSTAG name="Bitstream Generation">
Bitstream Generation phase: Elapsed time ==> 0s.452ms
</CYPRESSTAG>
<CYPRESSTAG name="Bitstream Verification">
Bitstream Verification phase: Elapsed time ==> 0s.000ms
</CYPRESSTAG>
<CYPRESSTAG name="Static timing analysis">
Timing report is in Lab3.4_timing.html.
Static timing analysis phase: Elapsed time ==> 7s.067ms
</CYPRESSTAG>
<CYPRESSTAG name="Data reporting">
Data reporting phase: Elapsed time ==> 0s.000ms
</CYPRESSTAG>
<CYPRESSTAG name="Database update...">
Design database save phase: Elapsed time ==> 0s.161ms
</CYPRESSTAG>
cydsfit: Elapsed time ==> 14s.787ms
</CYPRESSTAG>
Fitter phase: Elapsed time ==> 14s.787ms
API generation phase: Elapsed time ==> 1s.209ms
Dependency generation phase: Elapsed time ==> 0s.012ms
Cleanup phase: Elapsed time ==> 0s.000ms
