--------------- Build Started: 05/09/2022 19:54:33 Project: Lab4.2.1, Configuration: ARM GCC 5.4-2016-q2-update Debug ---------------
cydsfit.exe -.appdatapath "C:\Users\guill\AppData\Local\Cypress Semiconductor\PSoC Creator\4.4" -.fdsnotice -.fdswarpdepfile=warp_dependencies.txt -.fdselabdepfile=elab_dependencies.txt -.fdsbldfile=generated_files.txt -.fdsreffile=referenced_files.txt -p C:\Users\guill\Escritorio\CSE121\Lab4.2.1.cydsn\Lab4.2.1.cyprj -d CYBLE-416045-02 -s C:\Users\guill\Escritorio\CSE121\Lab4.2.1.cydsn\Generated_Source\PSoC6 -- -yv2 -q10 -ygs -o2 -v3 -.fftcfgtype=LE
Elaborating Design...
ADD: fit.M0052: information: Interrupt "UART_SCB_IRQ" is currently mapped to multiple cores on the device.
 * C:\Users\guill\Escritorio\CSE121\Lab4.2.1.cydsn\Lab4.2.1.cydwr (UART_SCB_IRQ)
ADD: fit.M0052: information: Interrupt "I2C_SCB_IRQ" is currently mapped to multiple cores on the device.
 * C:\Users\guill\Escritorio\CSE121\Lab4.2.1.cydsn\Lab4.2.1.cydwr (I2C_SCB_IRQ)
ADD: fit.M0052: information: Interrupt "Timer_Echo_Int" is currently mapped to multiple cores on the device.
 * C:\Users\guill\Escritorio\CSE121\Lab4.2.1.cydsn\Lab4.2.1.cydwr (Timer_Echo_Int)
HDL Generation...
Synthesis...
Tech Mapping...
Info: plm.M0038: The pin named CY_CPUSS_SWJ_SWCLK_TCLK(0) at location P6[7] prevents usage of special purposes: TCPWM[3].line_compl. (App=cydsfit)
Info: plm.M0038: The pin named CY_CPUSS_SWJ_SWCLK_TCLK(0) at location P6[7] prevents usage of special purposes: TCPWM[19].line_compl. (App=cydsfit)
Info: plm.M0038: The pin named CY_CPUSS_SWJ_SWCLK_TCLK(0) at location P6[7] prevents usage of special purposes: SCB[6].uart_cts. (App=cydsfit)
Info: plm.M0038: The pin named CY_CPUSS_SWJ_SWCLK_TCLK(0) at location P6[7] prevents usage of special purposes: SCB[6].spi_select[0]. (App=cydsfit)
Info: plm.M0038: The pin named CY_CPUSS_SWJ_SWCLK_TCLK(0) at location P6[7] prevents usage of special purposes: SCB[8].spi_select[0]. (App=cydsfit)
Info: plm.M0038: The pin named CY_CPUSS_SWJ_SWDIO_TMS(0) at location P6[6] prevents usage of special purposes: TCPWM[3].line. (App=cydsfit)
Info: plm.M0038: The pin named CY_CPUSS_SWJ_SWDIO_TMS(0) at location P6[6] prevents usage of special purposes: TCPWM[19].line. (App=cydsfit)
Info: plm.M0038: The pin named CY_CPUSS_SWJ_SWDIO_TMS(0) at location P6[6] prevents usage of special purposes: SCB[6].uart_rts. (App=cydsfit)
Info: plm.M0038: The pin named CY_CPUSS_SWJ_SWDIO_TMS(0) at location P6[6] prevents usage of special purposes: SCB[6].spi_clk. (App=cydsfit)
Info: plm.M0038: The pin named CY_CPUSS_SWJ_SWDIO_TMS(0) at location P6[6] prevents usage of special purposes: SCB[8].spi_clk. (App=cydsfit)
Analog Placement...
Analog Routing...
Analog Code Generation...
Digital Placement...
Digital Routing...
Bitstream Generation...
Bitstream Verification...
Static timing analysis...
API Generation...
DEL: fit.M0052: information: Interrupt "I2C_SCB_IRQ" is currently mapped to multiple cores on the device.
 * C:\Users\guill\Escritorio\CSE121\Lab4.2.1.cydsn\Lab4.2.1.cydwr (I2C_SCB_IRQ)
DEL: fit.M0052: information: Interrupt "Timer_Echo_Int" is currently mapped to multiple cores on the device.
 * C:\Users\guill\Escritorio\CSE121\Lab4.2.1.cydsn\Lab4.2.1.cydwr (Timer_Echo_Int)
ADD: fit.M0052: information: Interrupt "I2C_SCB_IRQ" is currently mapped to multiple cores on the device.
 * C:\Users\guill\Escritorio\CSE121\Lab4.2.1.cydsn\Lab4.2.1.cydwr (I2C_SCB_IRQ)
ADD: fit.M0052: information: Interrupt "Timer_Echo_Int" is currently mapped to multiple cores on the device.
 * C:\Users\guill\Escritorio\CSE121\Lab4.2.1.cydsn\Lab4.2.1.cydwr (Timer_Echo_Int)
Dependency Generation...
Cleanup...
--------------- Build Skipped: 05/09/2022 19:54:54 ---------------
