ARM GAS  C:\Users\guill\AppData\Local\Temp\ccrhu8oN.s 			page 1


   1              		.syntax unified
   2              		.cpu cortex-m0plus
   3              		.fpu softvfp
   4              		.eabi_attribute 20, 1
   5              		.eabi_attribute 21, 1
   6              		.eabi_attribute 23, 3
   7              		.eabi_attribute 24, 1
   8              		.eabi_attribute 25, 1
   9              		.eabi_attribute 26, 1
  10              		.eabi_attribute 30, 1
  11              		.eabi_attribute 34, 0
  12              		.eabi_attribute 18, 4
  13              		.thumb
  14              		.syntax unified
  15              		.file	"main_cm0p.c"
  16              		.text
  17              	.Ltext0:
  18              		.cfi_sections	.debug_frame
  19              		.section	.text.main,"ax",%progbits
  20              		.align	2
  21              		.global	main
  22              		.code	16
  23              		.thumb_func
  24              		.type	main, %function
  25              	main:
  26              	.LFB392:
  27              		.file 1 "main_cm0p.c"
   1:main_cm0p.c   **** /* ========================================
   2:main_cm0p.c   ****  *
   3:main_cm0p.c   ****  * Copyright YOUR COMPANY, THE YEAR
   4:main_cm0p.c   ****  * All Rights Reserved
   5:main_cm0p.c   ****  * UNPUBLISHED, LICENSED SOFTWARE.
   6:main_cm0p.c   ****  *
   7:main_cm0p.c   ****  * CONFIDENTIAL AND PROPRIETARY INFORMATION
   8:main_cm0p.c   ****  * WHICH IS THE PROPERTY OF your company.
   9:main_cm0p.c   ****  *
  10:main_cm0p.c   ****  * ========================================
  11:main_cm0p.c   **** */
  12:main_cm0p.c   **** #include "project.h"
  13:main_cm0p.c   **** 
  14:main_cm0p.c   **** int main(void)
  15:main_cm0p.c   **** {
  28              		.loc 1 15 0
  29              		.cfi_startproc
  30              		@ args = 0, pretend = 0, frame = 0
  31              		@ frame_needed = 0, uses_anonymous_args = 0
  32 0000 10B5     		push	{r4, lr}
  33              		.cfi_def_cfa_offset 8
  34              		.cfi_offset 4, -8
  35              		.cfi_offset 14, -4
  36              	.LBB4:
  37              	.LBB5:
  38              		.file 2 "Generated_Source\\PSoC6\\pdl\\cmsis/include/cmsis_gcc.h"
   1:Generated_Source\PSoC6\pdl\cmsis/include/cmsis_gcc.h **** /**************************************************************************//**
   2:Generated_Source\PSoC6\pdl\cmsis/include/cmsis_gcc.h ****  * @file     cmsis_gcc.h
   3:Generated_Source\PSoC6\pdl\cmsis/include/cmsis_gcc.h ****  * @brief    CMSIS compiler GCC header file
   4:Generated_Source\PSoC6\pdl\cmsis/include/cmsis_gcc.h ****  * @version  V5.0.3
ARM GAS  C:\Users\guill\AppData\Local\Temp\ccrhu8oN.s 			page 2


   5:Generated_Source\PSoC6\pdl\cmsis/include/cmsis_gcc.h ****  * @date     16. January 2018
   6:Generated_Source\PSoC6\pdl\cmsis/include/cmsis_gcc.h ****  ******************************************************************************/
   7:Generated_Source\PSoC6\pdl\cmsis/include/cmsis_gcc.h **** /*
   8:Generated_Source\PSoC6\pdl\cmsis/include/cmsis_gcc.h ****  * Copyright (c) 2009-2017 ARM Limited. All rights reserved.
   9:Generated_Source\PSoC6\pdl\cmsis/include/cmsis_gcc.h ****  *
  10:Generated_Source\PSoC6\pdl\cmsis/include/cmsis_gcc.h ****  * SPDX-License-Identifier: Apache-2.0
  11:Generated_Source\PSoC6\pdl\cmsis/include/cmsis_gcc.h ****  *
  12:Generated_Source\PSoC6\pdl\cmsis/include/cmsis_gcc.h ****  * Licensed under the Apache License, Version 2.0 (the License); you may
  13:Generated_Source\PSoC6\pdl\cmsis/include/cmsis_gcc.h ****  * not use this file except in compliance with the License.
  14:Generated_Source\PSoC6\pdl\cmsis/include/cmsis_gcc.h ****  * You may obtain a copy of the License at
  15:Generated_Source\PSoC6\pdl\cmsis/include/cmsis_gcc.h ****  *
  16:Generated_Source\PSoC6\pdl\cmsis/include/cmsis_gcc.h ****  * www.apache.org/licenses/LICENSE-2.0
  17:Generated_Source\PSoC6\pdl\cmsis/include/cmsis_gcc.h ****  *
  18:Generated_Source\PSoC6\pdl\cmsis/include/cmsis_gcc.h ****  * Unless required by applicable law or agreed to in writing, software
  19:Generated_Source\PSoC6\pdl\cmsis/include/cmsis_gcc.h ****  * distributed under the License is distributed on an AS IS BASIS, WITHOUT
  20:Generated_Source\PSoC6\pdl\cmsis/include/cmsis_gcc.h ****  * WARRANTIES OR CONDITIONS OF ANY KIND, either express or implied.
  21:Generated_Source\PSoC6\pdl\cmsis/include/cmsis_gcc.h ****  * See the License for the specific language governing permissions and
  22:Generated_Source\PSoC6\pdl\cmsis/include/cmsis_gcc.h ****  * limitations under the License.
  23:Generated_Source\PSoC6\pdl\cmsis/include/cmsis_gcc.h ****  */
  24:Generated_Source\PSoC6\pdl\cmsis/include/cmsis_gcc.h **** 
  25:Generated_Source\PSoC6\pdl\cmsis/include/cmsis_gcc.h **** #ifndef __CMSIS_GCC_H
  26:Generated_Source\PSoC6\pdl\cmsis/include/cmsis_gcc.h **** #define __CMSIS_GCC_H
  27:Generated_Source\PSoC6\pdl\cmsis/include/cmsis_gcc.h **** 
  28:Generated_Source\PSoC6\pdl\cmsis/include/cmsis_gcc.h **** /* ignore some GCC warnings */
  29:Generated_Source\PSoC6\pdl\cmsis/include/cmsis_gcc.h **** #pragma GCC diagnostic push
  30:Generated_Source\PSoC6\pdl\cmsis/include/cmsis_gcc.h **** #pragma GCC diagnostic ignored "-Wsign-conversion"
  31:Generated_Source\PSoC6\pdl\cmsis/include/cmsis_gcc.h **** #pragma GCC diagnostic ignored "-Wconversion"
  32:Generated_Source\PSoC6\pdl\cmsis/include/cmsis_gcc.h **** #pragma GCC diagnostic ignored "-Wunused-parameter"
  33:Generated_Source\PSoC6\pdl\cmsis/include/cmsis_gcc.h **** 
  34:Generated_Source\PSoC6\pdl\cmsis/include/cmsis_gcc.h **** /* Fallback for __has_builtin */
  35:Generated_Source\PSoC6\pdl\cmsis/include/cmsis_gcc.h **** #ifndef __has_builtin
  36:Generated_Source\PSoC6\pdl\cmsis/include/cmsis_gcc.h ****   #define __has_builtin(x) (0)
  37:Generated_Source\PSoC6\pdl\cmsis/include/cmsis_gcc.h **** #endif
  38:Generated_Source\PSoC6\pdl\cmsis/include/cmsis_gcc.h **** 
  39:Generated_Source\PSoC6\pdl\cmsis/include/cmsis_gcc.h **** /* CMSIS compiler specific defines */
  40:Generated_Source\PSoC6\pdl\cmsis/include/cmsis_gcc.h **** #ifndef   __ASM
  41:Generated_Source\PSoC6\pdl\cmsis/include/cmsis_gcc.h ****   #define __ASM                                  __asm
  42:Generated_Source\PSoC6\pdl\cmsis/include/cmsis_gcc.h **** #endif
  43:Generated_Source\PSoC6\pdl\cmsis/include/cmsis_gcc.h **** #ifndef   __INLINE
  44:Generated_Source\PSoC6\pdl\cmsis/include/cmsis_gcc.h ****   #define __INLINE                               inline
  45:Generated_Source\PSoC6\pdl\cmsis/include/cmsis_gcc.h **** #endif
  46:Generated_Source\PSoC6\pdl\cmsis/include/cmsis_gcc.h **** #ifndef   __STATIC_INLINE
  47:Generated_Source\PSoC6\pdl\cmsis/include/cmsis_gcc.h ****   #define __STATIC_INLINE                        static inline
  48:Generated_Source\PSoC6\pdl\cmsis/include/cmsis_gcc.h **** #endif
  49:Generated_Source\PSoC6\pdl\cmsis/include/cmsis_gcc.h **** #ifndef   __STATIC_FORCEINLINE                 
  50:Generated_Source\PSoC6\pdl\cmsis/include/cmsis_gcc.h ****   #define __STATIC_FORCEINLINE                   __attribute__((always_inline)) static inline
  51:Generated_Source\PSoC6\pdl\cmsis/include/cmsis_gcc.h **** #endif                                           
  52:Generated_Source\PSoC6\pdl\cmsis/include/cmsis_gcc.h **** #ifndef   __NO_RETURN
  53:Generated_Source\PSoC6\pdl\cmsis/include/cmsis_gcc.h ****   #define __NO_RETURN                            __attribute__((__noreturn__))
  54:Generated_Source\PSoC6\pdl\cmsis/include/cmsis_gcc.h **** #endif
  55:Generated_Source\PSoC6\pdl\cmsis/include/cmsis_gcc.h **** #ifndef   __USED
  56:Generated_Source\PSoC6\pdl\cmsis/include/cmsis_gcc.h ****   #define __USED                                 __attribute__((used))
  57:Generated_Source\PSoC6\pdl\cmsis/include/cmsis_gcc.h **** #endif
  58:Generated_Source\PSoC6\pdl\cmsis/include/cmsis_gcc.h **** #ifndef   __WEAK
  59:Generated_Source\PSoC6\pdl\cmsis/include/cmsis_gcc.h ****   #define __WEAK                                 __attribute__((weak))
  60:Generated_Source\PSoC6\pdl\cmsis/include/cmsis_gcc.h **** #endif
  61:Generated_Source\PSoC6\pdl\cmsis/include/cmsis_gcc.h **** #ifndef   __PACKED
ARM GAS  C:\Users\guill\AppData\Local\Temp\ccrhu8oN.s 			page 3


  62:Generated_Source\PSoC6\pdl\cmsis/include/cmsis_gcc.h ****   #define __PACKED                               __attribute__((packed, aligned(1)))
  63:Generated_Source\PSoC6\pdl\cmsis/include/cmsis_gcc.h **** #endif
  64:Generated_Source\PSoC6\pdl\cmsis/include/cmsis_gcc.h **** #ifndef   __PACKED_STRUCT
  65:Generated_Source\PSoC6\pdl\cmsis/include/cmsis_gcc.h ****   #define __PACKED_STRUCT                        struct __attribute__((packed, aligned(1)))
  66:Generated_Source\PSoC6\pdl\cmsis/include/cmsis_gcc.h **** #endif
  67:Generated_Source\PSoC6\pdl\cmsis/include/cmsis_gcc.h **** #ifndef   __PACKED_UNION
  68:Generated_Source\PSoC6\pdl\cmsis/include/cmsis_gcc.h ****   #define __PACKED_UNION                         union __attribute__((packed, aligned(1)))
  69:Generated_Source\PSoC6\pdl\cmsis/include/cmsis_gcc.h **** #endif
  70:Generated_Source\PSoC6\pdl\cmsis/include/cmsis_gcc.h **** #ifndef   __UNALIGNED_UINT32        /* deprecated */
  71:Generated_Source\PSoC6\pdl\cmsis/include/cmsis_gcc.h ****   #pragma GCC diagnostic push
  72:Generated_Source\PSoC6\pdl\cmsis/include/cmsis_gcc.h ****   #pragma GCC diagnostic ignored "-Wpacked"
  73:Generated_Source\PSoC6\pdl\cmsis/include/cmsis_gcc.h ****   #pragma GCC diagnostic ignored "-Wattributes"
  74:Generated_Source\PSoC6\pdl\cmsis/include/cmsis_gcc.h ****   struct __attribute__((packed)) T_UINT32 { uint32_t v; };
  75:Generated_Source\PSoC6\pdl\cmsis/include/cmsis_gcc.h ****   #pragma GCC diagnostic pop
  76:Generated_Source\PSoC6\pdl\cmsis/include/cmsis_gcc.h ****   #define __UNALIGNED_UINT32(x)                  (((struct T_UINT32 *)(x))->v)
  77:Generated_Source\PSoC6\pdl\cmsis/include/cmsis_gcc.h **** #endif
  78:Generated_Source\PSoC6\pdl\cmsis/include/cmsis_gcc.h **** #ifndef   __UNALIGNED_UINT16_WRITE
  79:Generated_Source\PSoC6\pdl\cmsis/include/cmsis_gcc.h ****   #pragma GCC diagnostic push
  80:Generated_Source\PSoC6\pdl\cmsis/include/cmsis_gcc.h ****   #pragma GCC diagnostic ignored "-Wpacked"
  81:Generated_Source\PSoC6\pdl\cmsis/include/cmsis_gcc.h ****   #pragma GCC diagnostic ignored "-Wattributes"
  82:Generated_Source\PSoC6\pdl\cmsis/include/cmsis_gcc.h ****   __PACKED_STRUCT T_UINT16_WRITE { uint16_t v; };
  83:Generated_Source\PSoC6\pdl\cmsis/include/cmsis_gcc.h ****   #pragma GCC diagnostic pop
  84:Generated_Source\PSoC6\pdl\cmsis/include/cmsis_gcc.h ****   #define __UNALIGNED_UINT16_WRITE(addr, val)    (void)((((struct T_UINT16_WRITE *)(void *)(addr))-
  85:Generated_Source\PSoC6\pdl\cmsis/include/cmsis_gcc.h **** #endif
  86:Generated_Source\PSoC6\pdl\cmsis/include/cmsis_gcc.h **** #ifndef   __UNALIGNED_UINT16_READ
  87:Generated_Source\PSoC6\pdl\cmsis/include/cmsis_gcc.h ****   #pragma GCC diagnostic push
  88:Generated_Source\PSoC6\pdl\cmsis/include/cmsis_gcc.h ****   #pragma GCC diagnostic ignored "-Wpacked"
  89:Generated_Source\PSoC6\pdl\cmsis/include/cmsis_gcc.h ****   #pragma GCC diagnostic ignored "-Wattributes"
  90:Generated_Source\PSoC6\pdl\cmsis/include/cmsis_gcc.h ****   __PACKED_STRUCT T_UINT16_READ { uint16_t v; };
  91:Generated_Source\PSoC6\pdl\cmsis/include/cmsis_gcc.h ****   #pragma GCC diagnostic pop
  92:Generated_Source\PSoC6\pdl\cmsis/include/cmsis_gcc.h ****   #define __UNALIGNED_UINT16_READ(addr)          (((const struct T_UINT16_READ *)(const void *)(add
  93:Generated_Source\PSoC6\pdl\cmsis/include/cmsis_gcc.h **** #endif
  94:Generated_Source\PSoC6\pdl\cmsis/include/cmsis_gcc.h **** #ifndef   __UNALIGNED_UINT32_WRITE
  95:Generated_Source\PSoC6\pdl\cmsis/include/cmsis_gcc.h ****   #pragma GCC diagnostic push
  96:Generated_Source\PSoC6\pdl\cmsis/include/cmsis_gcc.h ****   #pragma GCC diagnostic ignored "-Wpacked"
  97:Generated_Source\PSoC6\pdl\cmsis/include/cmsis_gcc.h ****   #pragma GCC diagnostic ignored "-Wattributes"
  98:Generated_Source\PSoC6\pdl\cmsis/include/cmsis_gcc.h ****   __PACKED_STRUCT T_UINT32_WRITE { uint32_t v; };
  99:Generated_Source\PSoC6\pdl\cmsis/include/cmsis_gcc.h ****   #pragma GCC diagnostic pop
 100:Generated_Source\PSoC6\pdl\cmsis/include/cmsis_gcc.h ****   #define __UNALIGNED_UINT32_WRITE(addr, val)    (void)((((struct T_UINT32_WRITE *)(void *)(addr))-
 101:Generated_Source\PSoC6\pdl\cmsis/include/cmsis_gcc.h **** #endif
 102:Generated_Source\PSoC6\pdl\cmsis/include/cmsis_gcc.h **** #ifndef   __UNALIGNED_UINT32_READ
 103:Generated_Source\PSoC6\pdl\cmsis/include/cmsis_gcc.h ****   #pragma GCC diagnostic push
 104:Generated_Source\PSoC6\pdl\cmsis/include/cmsis_gcc.h ****   #pragma GCC diagnostic ignored "-Wpacked"
 105:Generated_Source\PSoC6\pdl\cmsis/include/cmsis_gcc.h ****   #pragma GCC diagnostic ignored "-Wattributes"
 106:Generated_Source\PSoC6\pdl\cmsis/include/cmsis_gcc.h ****   __PACKED_STRUCT T_UINT32_READ { uint32_t v; };
 107:Generated_Source\PSoC6\pdl\cmsis/include/cmsis_gcc.h ****   #pragma GCC diagnostic pop
 108:Generated_Source\PSoC6\pdl\cmsis/include/cmsis_gcc.h ****   #define __UNALIGNED_UINT32_READ(addr)          (((const struct T_UINT32_READ *)(const void *)(add
 109:Generated_Source\PSoC6\pdl\cmsis/include/cmsis_gcc.h **** #endif
 110:Generated_Source\PSoC6\pdl\cmsis/include/cmsis_gcc.h **** #ifndef   __ALIGNED
 111:Generated_Source\PSoC6\pdl\cmsis/include/cmsis_gcc.h ****   #define __ALIGNED(x)                           __attribute__((aligned(x)))
 112:Generated_Source\PSoC6\pdl\cmsis/include/cmsis_gcc.h **** #endif
 113:Generated_Source\PSoC6\pdl\cmsis/include/cmsis_gcc.h **** #ifndef   __RESTRICT
 114:Generated_Source\PSoC6\pdl\cmsis/include/cmsis_gcc.h ****   #define __RESTRICT                             __restrict
 115:Generated_Source\PSoC6\pdl\cmsis/include/cmsis_gcc.h **** #endif
 116:Generated_Source\PSoC6\pdl\cmsis/include/cmsis_gcc.h **** 
 117:Generated_Source\PSoC6\pdl\cmsis/include/cmsis_gcc.h **** 
 118:Generated_Source\PSoC6\pdl\cmsis/include/cmsis_gcc.h **** /* ###########################  Core Function Access  ########################### */
ARM GAS  C:\Users\guill\AppData\Local\Temp\ccrhu8oN.s 			page 4


 119:Generated_Source\PSoC6\pdl\cmsis/include/cmsis_gcc.h **** /** \ingroup  CMSIS_Core_FunctionInterface
 120:Generated_Source\PSoC6\pdl\cmsis/include/cmsis_gcc.h ****     \defgroup CMSIS_Core_RegAccFunctions CMSIS Core Register Access Functions
 121:Generated_Source\PSoC6\pdl\cmsis/include/cmsis_gcc.h ****   @{
 122:Generated_Source\PSoC6\pdl\cmsis/include/cmsis_gcc.h ****  */
 123:Generated_Source\PSoC6\pdl\cmsis/include/cmsis_gcc.h **** 
 124:Generated_Source\PSoC6\pdl\cmsis/include/cmsis_gcc.h **** /**
 125:Generated_Source\PSoC6\pdl\cmsis/include/cmsis_gcc.h ****   \brief   Enable IRQ Interrupts
 126:Generated_Source\PSoC6\pdl\cmsis/include/cmsis_gcc.h ****   \details Enables IRQ interrupts by clearing the I-bit in the CPSR.
 127:Generated_Source\PSoC6\pdl\cmsis/include/cmsis_gcc.h ****            Can only be executed in Privileged modes.
 128:Generated_Source\PSoC6\pdl\cmsis/include/cmsis_gcc.h ****  */
 129:Generated_Source\PSoC6\pdl\cmsis/include/cmsis_gcc.h **** __STATIC_FORCEINLINE void __enable_irq(void)
 130:Generated_Source\PSoC6\pdl\cmsis/include/cmsis_gcc.h **** {
 131:Generated_Source\PSoC6\pdl\cmsis/include/cmsis_gcc.h ****   __ASM volatile ("cpsie i" : : : "memory");
  39              		.loc 2 131 0
  40              		.syntax divided
  41              	@ 131 "Generated_Source\PSoC6\pdl\cmsis/include/cmsis_gcc.h" 1
  42 0002 62B6     		cpsie i
  43              	@ 0 "" 2
  44              		.thumb
  45              		.syntax unified
  46              	.LBE5:
  47              	.LBE4:
  16:main_cm0p.c   ****     __enable_irq(); /* Enable global interrupts. */
  17:main_cm0p.c   ****     /* Enable CM4.  CY_CORTEX_M4_APPL_ADDR must be updated if CM4 memory layout is changed. */
  18:main_cm0p.c   ****     Cy_SysEnableCM4(CY_CORTEX_M4_APPL_ADDR); 
  48              		.loc 1 18 0
  49 0004 0348     		ldr	r0, .L2
  50 0006 FFF7FEFF 		bl	Cy_SysEnableCM4
  51              	.LVL0:
  19:main_cm0p.c   **** 
  20:main_cm0p.c   ****     /* Place your initialization/startup code here (e.g. MyInst_Start()) */
  21:main_cm0p.c   **** 
  22:main_cm0p.c   ****     Cy_SysPm_CpuEnterDeepSleep(CY_SYSPM_STATUS_CM0_SLEEP);
  52              		.loc 1 22 0
  53 000a 0020     		movs	r0, #0
  54 000c FFF7FEFF 		bl	Cy_SysPm_CpuEnterDeepSleep
  55              	.LVL1:
  23:main_cm0p.c   **** }
  56              		.loc 1 23 0
  57 0010 0020     		movs	r0, #0
  58              		@ sp needed
  59 0012 10BD     		pop	{r4, pc}
  60              	.L3:
  61              		.align	2
  62              	.L2:
  63 0014 00000810 		.word	268959744
  64              		.cfi_endproc
  65              	.LFE392:
  66              		.size	main, .-main
  67              		.text
  68              	.Letext0:
  69              		.file 3 "c:\\program files (x86)\\cypress\\psoc creator\\4.4\\psoc creator\\import\\gnu\\arm\\5.4.
  70              		.file 4 "c:\\program files (x86)\\cypress\\psoc creator\\4.4\\psoc creator\\import\\gnu\\arm\\5.4.
  71              		.file 5 "Generated_Source\\PSoC6\\pdl\\drivers/peripheral/device/cy_device.h"
  72              		.file 6 "Generated_Source\\PSoC6\\pdl\\drivers/peripheral/scb/cy_scb_uart.h"
  73              		.file 7 "Generated_Source\\PSoC6/UART.h"
  74              		.file 8 "./system_psoc6.h"
ARM GAS  C:\Users\guill\AppData\Local\Temp\ccrhu8oN.s 			page 5


  75              		.file 9 "Generated_Source\\PSoC6\\pdl\\drivers/peripheral/syspm/cy_syspm.h"
  76              		.section	.debug_info,"",%progbits
  77              	.Ldebug_info0:
  78 0000 8A060000 		.4byte	0x68a
  79 0004 0400     		.2byte	0x4
  80 0006 00000000 		.4byte	.Ldebug_abbrev0
  81 000a 04       		.byte	0x4
  82 000b 01       		.uleb128 0x1
  83 000c 14060000 		.4byte	.LASF130
  84 0010 0C       		.byte	0xc
  85 0011 7A000000 		.4byte	.LASF131
  86 0015 AF030000 		.4byte	.LASF132
  87 0019 00000000 		.4byte	.Ldebug_ranges0+0
  88 001d 00000000 		.4byte	0
  89 0021 00000000 		.4byte	.Ldebug_line0
  90 0025 02       		.uleb128 0x2
  91 0026 02       		.byte	0x2
  92 0027 05       		.byte	0x5
  93 0028 BA050000 		.4byte	.LASF0
  94 002c 02       		.uleb128 0x2
  95 002d 01       		.byte	0x1
  96 002e 08       		.byte	0x8
  97 002f 98050000 		.4byte	.LASF1
  98 0033 02       		.uleb128 0x2
  99 0034 01       		.byte	0x1
 100 0035 06       		.byte	0x6
 101 0036 6C010000 		.4byte	.LASF2
 102 003a 03       		.uleb128 0x3
 103 003b 94000000 		.4byte	.LASF3
 104 003f 03       		.byte	0x3
 105 0040 1D       		.byte	0x1d
 106 0041 2C000000 		.4byte	0x2c
 107 0045 03       		.uleb128 0x3
 108 0046 9E020000 		.4byte	.LASF4
 109 004a 03       		.byte	0x3
 110 004b 29       		.byte	0x29
 111 004c 25000000 		.4byte	0x25
 112 0050 03       		.uleb128 0x3
 113 0051 D1060000 		.4byte	.LASF5
 114 0055 03       		.byte	0x3
 115 0056 2B       		.byte	0x2b
 116 0057 5B000000 		.4byte	0x5b
 117 005b 02       		.uleb128 0x2
 118 005c 02       		.byte	0x2
 119 005d 07       		.byte	0x7
 120 005e 1C070000 		.4byte	.LASF6
 121 0062 02       		.uleb128 0x2
 122 0063 04       		.byte	0x4
 123 0064 05       		.byte	0x5
 124 0065 CF010000 		.4byte	.LASF7
 125 0069 03       		.uleb128 0x3
 126 006a 68020000 		.4byte	.LASF8
 127 006e 03       		.byte	0x3
 128 006f 41       		.byte	0x41
 129 0070 74000000 		.4byte	0x74
 130 0074 02       		.uleb128 0x2
 131 0075 04       		.byte	0x4
ARM GAS  C:\Users\guill\AppData\Local\Temp\ccrhu8oN.s 			page 6


 132 0076 07       		.byte	0x7
 133 0077 2C030000 		.4byte	.LASF9
 134 007b 02       		.uleb128 0x2
 135 007c 08       		.byte	0x8
 136 007d 05       		.byte	0x5
 137 007e 5E010000 		.4byte	.LASF10
 138 0082 02       		.uleb128 0x2
 139 0083 08       		.byte	0x8
 140 0084 07       		.byte	0x7
 141 0085 E3000000 		.4byte	.LASF11
 142 0089 04       		.uleb128 0x4
 143 008a 04       		.byte	0x4
 144 008b 05       		.byte	0x5
 145 008c 696E7400 		.ascii	"int\000"
 146 0090 02       		.uleb128 0x2
 147 0091 04       		.byte	0x4
 148 0092 07       		.byte	0x7
 149 0093 F0020000 		.4byte	.LASF12
 150 0097 03       		.uleb128 0x3
 151 0098 B1070000 		.4byte	.LASF13
 152 009c 04       		.byte	0x4
 153 009d 18       		.byte	0x18
 154 009e 3A000000 		.4byte	0x3a
 155 00a2 03       		.uleb128 0x3
 156 00a3 56010000 		.4byte	.LASF14
 157 00a7 04       		.byte	0x4
 158 00a8 20       		.byte	0x20
 159 00a9 45000000 		.4byte	0x45
 160 00ad 03       		.uleb128 0x3
 161 00ae FD020000 		.4byte	.LASF15
 162 00b2 04       		.byte	0x4
 163 00b3 24       		.byte	0x24
 164 00b4 50000000 		.4byte	0x50
 165 00b8 03       		.uleb128 0x3
 166 00b9 F6050000 		.4byte	.LASF16
 167 00bd 04       		.byte	0x4
 168 00be 30       		.byte	0x30
 169 00bf 69000000 		.4byte	0x69
 170 00c3 02       		.uleb128 0x2
 171 00c4 04       		.byte	0x4
 172 00c5 07       		.byte	0x7
 173 00c6 94040000 		.4byte	.LASF17
 174 00ca 05       		.uleb128 0x5
 175 00cb B8000000 		.4byte	0xb8
 176 00cf 02       		.uleb128 0x2
 177 00d0 08       		.byte	0x8
 178 00d1 04       		.byte	0x4
 179 00d2 A6060000 		.4byte	.LASF18
 180 00d6 06       		.uleb128 0x6
 181 00d7 B8       		.byte	0xb8
 182 00d8 05       		.byte	0x5
 183 00d9 34       		.byte	0x34
 184 00da E7040000 		.4byte	0x4e7
 185 00de 07       		.uleb128 0x7
 186 00df CA000000 		.4byte	.LASF19
 187 00e3 05       		.byte	0x5
 188 00e4 37       		.byte	0x37
ARM GAS  C:\Users\guill\AppData\Local\Temp\ccrhu8oN.s 			page 7


 189 00e5 B8000000 		.4byte	0xb8
 190 00e9 00       		.byte	0
 191 00ea 07       		.uleb128 0x7
 192 00eb 5D020000 		.4byte	.LASF20
 193 00ef 05       		.byte	0x5
 194 00f0 38       		.byte	0x38
 195 00f1 B8000000 		.4byte	0xb8
 196 00f5 04       		.byte	0x4
 197 00f6 07       		.uleb128 0x7
 198 00f7 E6010000 		.4byte	.LASF21
 199 00fb 05       		.byte	0x5
 200 00fc 39       		.byte	0x39
 201 00fd B8000000 		.4byte	0xb8
 202 0101 08       		.byte	0x8
 203 0102 07       		.uleb128 0x7
 204 0103 8A050000 		.4byte	.LASF22
 205 0107 05       		.byte	0x5
 206 0108 3A       		.byte	0x3a
 207 0109 B8000000 		.4byte	0xb8
 208 010d 0C       		.byte	0xc
 209 010e 07       		.uleb128 0x7
 210 010f 8D010000 		.4byte	.LASF23
 211 0113 05       		.byte	0x5
 212 0114 3B       		.byte	0x3b
 213 0115 B8000000 		.4byte	0xb8
 214 0119 10       		.byte	0x10
 215 011a 07       		.uleb128 0x7
 216 011b C5010000 		.4byte	.LASF24
 217 011f 05       		.byte	0x5
 218 0120 3C       		.byte	0x3c
 219 0121 B8000000 		.4byte	0xb8
 220 0125 14       		.byte	0x14
 221 0126 07       		.uleb128 0x7
 222 0127 75030000 		.4byte	.LASF25
 223 012b 05       		.byte	0x5
 224 012c 3D       		.byte	0x3d
 225 012d B8000000 		.4byte	0xb8
 226 0131 18       		.byte	0x18
 227 0132 07       		.uleb128 0x7
 228 0133 71000000 		.4byte	.LASF26
 229 0137 05       		.byte	0x5
 230 0138 3E       		.byte	0x3e
 231 0139 B8000000 		.4byte	0xb8
 232 013d 1C       		.byte	0x1c
 233 013e 07       		.uleb128 0x7
 234 013f 1A080000 		.4byte	.LASF27
 235 0143 05       		.byte	0x5
 236 0144 3F       		.byte	0x3f
 237 0145 B8000000 		.4byte	0xb8
 238 0149 20       		.byte	0x20
 239 014a 07       		.uleb128 0x7
 240 014b 11050000 		.4byte	.LASF28
 241 014f 05       		.byte	0x5
 242 0150 40       		.byte	0x40
 243 0151 B8000000 		.4byte	0xb8
 244 0155 24       		.byte	0x24
 245 0156 07       		.uleb128 0x7
ARM GAS  C:\Users\guill\AppData\Local\Temp\ccrhu8oN.s 			page 8


 246 0157 66040000 		.4byte	.LASF29
 247 015b 05       		.byte	0x5
 248 015c 43       		.byte	0x43
 249 015d 97000000 		.4byte	0x97
 250 0161 28       		.byte	0x28
 251 0162 07       		.uleb128 0x7
 252 0163 57000000 		.4byte	.LASF30
 253 0167 05       		.byte	0x5
 254 0168 44       		.byte	0x44
 255 0169 97000000 		.4byte	0x97
 256 016d 29       		.byte	0x29
 257 016e 07       		.uleb128 0x7
 258 016f 10080000 		.4byte	.LASF31
 259 0173 05       		.byte	0x5
 260 0174 45       		.byte	0x45
 261 0175 97000000 		.4byte	0x97
 262 0179 2A       		.byte	0x2a
 263 017a 07       		.uleb128 0x7
 264 017b 03050000 		.4byte	.LASF32
 265 017f 05       		.byte	0x5
 266 0180 46       		.byte	0x46
 267 0181 97000000 		.4byte	0x97
 268 0185 2B       		.byte	0x2b
 269 0186 07       		.uleb128 0x7
 270 0187 03040000 		.4byte	.LASF33
 271 018b 05       		.byte	0x5
 272 018c 47       		.byte	0x47
 273 018d 97000000 		.4byte	0x97
 274 0191 2C       		.byte	0x2c
 275 0192 07       		.uleb128 0x7
 276 0193 EF060000 		.4byte	.LASF34
 277 0197 05       		.byte	0x5
 278 0198 48       		.byte	0x48
 279 0199 97000000 		.4byte	0x97
 280 019d 2D       		.byte	0x2d
 281 019e 07       		.uleb128 0x7
 282 019f 96010000 		.4byte	.LASF35
 283 01a3 05       		.byte	0x5
 284 01a4 49       		.byte	0x49
 285 01a5 97000000 		.4byte	0x97
 286 01a9 2E       		.byte	0x2e
 287 01aa 07       		.uleb128 0x7
 288 01ab 73040000 		.4byte	.LASF36
 289 01af 05       		.byte	0x5
 290 01b0 4A       		.byte	0x4a
 291 01b1 97000000 		.4byte	0x97
 292 01b5 2F       		.byte	0x2f
 293 01b6 07       		.uleb128 0x7
 294 01b7 B7060000 		.4byte	.LASF37
 295 01bb 05       		.byte	0x5
 296 01bc 4B       		.byte	0x4b
 297 01bd 97000000 		.4byte	0x97
 298 01c1 30       		.byte	0x30
 299 01c2 07       		.uleb128 0x7
 300 01c3 6A030000 		.4byte	.LASF38
 301 01c7 05       		.byte	0x5
 302 01c8 4E       		.byte	0x4e
ARM GAS  C:\Users\guill\AppData\Local\Temp\ccrhu8oN.s 			page 9


 303 01c9 97000000 		.4byte	0x97
 304 01cd 31       		.byte	0x31
 305 01ce 07       		.uleb128 0x7
 306 01cf 86000000 		.4byte	.LASF39
 307 01d3 05       		.byte	0x5
 308 01d4 4F       		.byte	0x4f
 309 01d5 97000000 		.4byte	0x97
 310 01d9 32       		.byte	0x32
 311 01da 07       		.uleb128 0x7
 312 01db E4020000 		.4byte	.LASF40
 313 01df 05       		.byte	0x5
 314 01e0 50       		.byte	0x50
 315 01e1 97000000 		.4byte	0x97
 316 01e5 33       		.byte	0x33
 317 01e6 07       		.uleb128 0x7
 318 01e7 A8040000 		.4byte	.LASF41
 319 01eb 05       		.byte	0x5
 320 01ec 51       		.byte	0x51
 321 01ed 97000000 		.4byte	0x97
 322 01f1 34       		.byte	0x34
 323 01f2 07       		.uleb128 0x7
 324 01f3 46070000 		.4byte	.LASF42
 325 01f7 05       		.byte	0x5
 326 01f8 52       		.byte	0x52
 327 01f9 A2000000 		.4byte	0xa2
 328 01fd 36       		.byte	0x36
 329 01fe 07       		.uleb128 0x7
 330 01ff 00020000 		.4byte	.LASF43
 331 0203 05       		.byte	0x5
 332 0204 53       		.byte	0x53
 333 0205 A2000000 		.4byte	0xa2
 334 0209 38       		.byte	0x38
 335 020a 07       		.uleb128 0x7
 336 020b 8C070000 		.4byte	.LASF44
 337 020f 05       		.byte	0x5
 338 0210 54       		.byte	0x54
 339 0211 A2000000 		.4byte	0xa2
 340 0215 3A       		.byte	0x3a
 341 0216 07       		.uleb128 0x7
 342 0217 B6010000 		.4byte	.LASF45
 343 021b 05       		.byte	0x5
 344 021c 55       		.byte	0x55
 345 021d 97000000 		.4byte	0x97
 346 0221 3C       		.byte	0x3c
 347 0222 07       		.uleb128 0x7
 348 0223 27020000 		.4byte	.LASF46
 349 0227 05       		.byte	0x5
 350 0228 56       		.byte	0x56
 351 0229 97000000 		.4byte	0x97
 352 022d 3D       		.byte	0x3d
 353 022e 07       		.uleb128 0x7
 354 022f D8050000 		.4byte	.LASF47
 355 0233 05       		.byte	0x5
 356 0234 57       		.byte	0x57
 357 0235 97000000 		.4byte	0x97
 358 0239 3E       		.byte	0x3e
 359 023a 07       		.uleb128 0x7
ARM GAS  C:\Users\guill\AppData\Local\Temp\ccrhu8oN.s 			page 10


 360 023b 65000000 		.4byte	.LASF48
 361 023f 05       		.byte	0x5
 362 0240 58       		.byte	0x58
 363 0241 97000000 		.4byte	0x97
 364 0245 3F       		.byte	0x3f
 365 0246 07       		.uleb128 0x7
 366 0247 1C050000 		.4byte	.LASF49
 367 024b 05       		.byte	0x5
 368 024c 59       		.byte	0x59
 369 024d 97000000 		.4byte	0x97
 370 0251 40       		.byte	0x40
 371 0252 07       		.uleb128 0x7
 372 0253 73020000 		.4byte	.LASF50
 373 0257 05       		.byte	0x5
 374 0258 5A       		.byte	0x5a
 375 0259 97000000 		.4byte	0x97
 376 025d 41       		.byte	0x41
 377 025e 07       		.uleb128 0x7
 378 025f 1F040000 		.4byte	.LASF51
 379 0263 05       		.byte	0x5
 380 0264 5B       		.byte	0x5b
 381 0265 97000000 		.4byte	0x97
 382 0269 42       		.byte	0x42
 383 026a 07       		.uleb128 0x7
 384 026b EF040000 		.4byte	.LASF52
 385 026f 05       		.byte	0x5
 386 0270 5C       		.byte	0x5c
 387 0271 97000000 		.4byte	0x97
 388 0275 43       		.byte	0x43
 389 0276 07       		.uleb128 0x7
 390 0277 EF010000 		.4byte	.LASF53
 391 027b 05       		.byte	0x5
 392 027c 5D       		.byte	0x5d
 393 027d 97000000 		.4byte	0x97
 394 0281 44       		.byte	0x44
 395 0282 07       		.uleb128 0x7
 396 0283 00000000 		.4byte	.LASF54
 397 0287 05       		.byte	0x5
 398 0288 5E       		.byte	0x5e
 399 0289 B8000000 		.4byte	0xb8
 400 028d 48       		.byte	0x48
 401 028e 07       		.uleb128 0x7
 402 028f D8010000 		.4byte	.LASF55
 403 0293 05       		.byte	0x5
 404 0294 5F       		.byte	0x5f
 405 0295 B8000000 		.4byte	0xb8
 406 0299 4C       		.byte	0x4c
 407 029a 07       		.uleb128 0x7
 408 029b 50080000 		.4byte	.LASF56
 409 029f 05       		.byte	0x5
 410 02a0 60       		.byte	0x60
 411 02a1 97000000 		.4byte	0x97
 412 02a5 50       		.byte	0x50
 413 02a6 07       		.uleb128 0x7
 414 02a7 30010000 		.4byte	.LASF57
 415 02ab 05       		.byte	0x5
 416 02ac 61       		.byte	0x61
ARM GAS  C:\Users\guill\AppData\Local\Temp\ccrhu8oN.s 			page 11


 417 02ad 97000000 		.4byte	0x97
 418 02b1 51       		.byte	0x51
 419 02b2 07       		.uleb128 0x7
 420 02b3 A1070000 		.4byte	.LASF58
 421 02b7 05       		.byte	0x5
 422 02b8 62       		.byte	0x62
 423 02b9 97000000 		.4byte	0x97
 424 02bd 52       		.byte	0x52
 425 02be 07       		.uleb128 0x7
 426 02bf FC060000 		.4byte	.LASF59
 427 02c3 05       		.byte	0x5
 428 02c4 63       		.byte	0x63
 429 02c5 97000000 		.4byte	0x97
 430 02c9 53       		.byte	0x53
 431 02ca 07       		.uleb128 0x7
 432 02cb E6050000 		.4byte	.LASF60
 433 02cf 05       		.byte	0x5
 434 02d0 64       		.byte	0x64
 435 02d1 97000000 		.4byte	0x97
 436 02d5 54       		.byte	0x54
 437 02d6 07       		.uleb128 0x7
 438 02d7 42010000 		.4byte	.LASF61
 439 02db 05       		.byte	0x5
 440 02dc 65       		.byte	0x65
 441 02dd 97000000 		.4byte	0x97
 442 02e1 55       		.byte	0x55
 443 02e2 07       		.uleb128 0x7
 444 02e3 18030000 		.4byte	.LASF62
 445 02e7 05       		.byte	0x5
 446 02e8 66       		.byte	0x66
 447 02e9 97000000 		.4byte	0x97
 448 02ed 56       		.byte	0x56
 449 02ee 07       		.uleb128 0x7
 450 02ef 7E030000 		.4byte	.LASF63
 451 02f3 05       		.byte	0x5
 452 02f4 67       		.byte	0x67
 453 02f5 97000000 		.4byte	0x97
 454 02f9 57       		.byte	0x57
 455 02fa 07       		.uleb128 0x7
 456 02fb 1C000000 		.4byte	.LASF64
 457 02ff 05       		.byte	0x5
 458 0300 68       		.byte	0x68
 459 0301 97000000 		.4byte	0x97
 460 0305 58       		.byte	0x58
 461 0306 07       		.uleb128 0x7
 462 0307 A6050000 		.4byte	.LASF65
 463 030b 05       		.byte	0x5
 464 030c 69       		.byte	0x69
 465 030d 97000000 		.4byte	0x97
 466 0311 59       		.byte	0x59
 467 0312 07       		.uleb128 0x7
 468 0313 9D040000 		.4byte	.LASF66
 469 0317 05       		.byte	0x5
 470 0318 6E       		.byte	0x6e
 471 0319 AD000000 		.4byte	0xad
 472 031d 5A       		.byte	0x5a
 473 031e 07       		.uleb128 0x7
ARM GAS  C:\Users\guill\AppData\Local\Temp\ccrhu8oN.s 			page 12


 474 031f 2F070000 		.4byte	.LASF67
 475 0323 05       		.byte	0x5
 476 0324 6F       		.byte	0x6f
 477 0325 AD000000 		.4byte	0xad
 478 0329 5C       		.byte	0x5c
 479 032a 07       		.uleb128 0x7
 480 032b D4000000 		.4byte	.LASF68
 481 032f 05       		.byte	0x5
 482 0330 70       		.byte	0x70
 483 0331 97000000 		.4byte	0x97
 484 0335 5E       		.byte	0x5e
 485 0336 07       		.uleb128 0x7
 486 0337 63050000 		.4byte	.LASF69
 487 033b 05       		.byte	0x5
 488 033c 71       		.byte	0x71
 489 033d 97000000 		.4byte	0x97
 490 0341 5F       		.byte	0x5f
 491 0342 07       		.uleb128 0x7
 492 0343 DE040000 		.4byte	.LASF70
 493 0347 05       		.byte	0x5
 494 0348 72       		.byte	0x72
 495 0349 97000000 		.4byte	0x97
 496 034d 60       		.byte	0x60
 497 034e 07       		.uleb128 0x7
 498 034f 3C050000 		.4byte	.LASF71
 499 0353 05       		.byte	0x5
 500 0354 73       		.byte	0x73
 501 0355 B8000000 		.4byte	0xb8
 502 0359 64       		.byte	0x64
 503 035a 07       		.uleb128 0x7
 504 035b FA000000 		.4byte	.LASF72
 505 035f 05       		.byte	0x5
 506 0360 76       		.byte	0x76
 507 0361 AD000000 		.4byte	0xad
 508 0365 68       		.byte	0x68
 509 0366 07       		.uleb128 0x7
 510 0367 06030000 		.4byte	.LASF73
 511 036b 05       		.byte	0x5
 512 036c 77       		.byte	0x77
 513 036d AD000000 		.4byte	0xad
 514 0371 6A       		.byte	0x6a
 515 0372 07       		.uleb128 0x7
 516 0373 92030000 		.4byte	.LASF74
 517 0377 05       		.byte	0x5
 518 0378 78       		.byte	0x78
 519 0379 AD000000 		.4byte	0xad
 520 037d 6C       		.byte	0x6c
 521 037e 07       		.uleb128 0x7
 522 037f E6030000 		.4byte	.LASF75
 523 0383 05       		.byte	0x5
 524 0384 79       		.byte	0x79
 525 0385 AD000000 		.4byte	0xad
 526 0389 6E       		.byte	0x6e
 527 038a 07       		.uleb128 0x7
 528 038b C4050000 		.4byte	.LASF76
 529 038f 05       		.byte	0x5
 530 0390 7B       		.byte	0x7b
ARM GAS  C:\Users\guill\AppData\Local\Temp\ccrhu8oN.s 			page 13


 531 0391 97000000 		.4byte	0x97
 532 0395 70       		.byte	0x70
 533 0396 07       		.uleb128 0x7
 534 0397 78010000 		.4byte	.LASF77
 535 039b 05       		.byte	0x5
 536 039c 7C       		.byte	0x7c
 537 039d 97000000 		.4byte	0x97
 538 03a1 71       		.byte	0x71
 539 03a2 07       		.uleb128 0x7
 540 03a3 22080000 		.4byte	.LASF78
 541 03a7 05       		.byte	0x5
 542 03a8 7D       		.byte	0x7d
 543 03a9 97000000 		.4byte	0x97
 544 03ad 72       		.byte	0x72
 545 03ae 07       		.uleb128 0x7
 546 03af B9040000 		.4byte	.LASF79
 547 03b3 05       		.byte	0x5
 548 03b4 7E       		.byte	0x7e
 549 03b5 97000000 		.4byte	0x97
 550 03b9 73       		.byte	0x73
 551 03ba 07       		.uleb128 0x7
 552 03bb 37020000 		.4byte	.LASF80
 553 03bf 05       		.byte	0x5
 554 03c0 80       		.byte	0x80
 555 03c1 AD000000 		.4byte	0xad
 556 03c5 74       		.byte	0x74
 557 03c6 07       		.uleb128 0x7
 558 03c7 DC060000 		.4byte	.LASF81
 559 03cb 05       		.byte	0x5
 560 03cc 81       		.byte	0x81
 561 03cd AD000000 		.4byte	0xad
 562 03d1 76       		.byte	0x76
 563 03d2 07       		.uleb128 0x7
 564 03d3 12020000 		.4byte	.LASF82
 565 03d7 05       		.byte	0x5
 566 03d8 82       		.byte	0x82
 567 03d9 AD000000 		.4byte	0xad
 568 03dd 78       		.byte	0x78
 569 03de 07       		.uleb128 0x7
 570 03df 9E000000 		.4byte	.LASF83
 571 03e3 05       		.byte	0x5
 572 03e4 83       		.byte	0x83
 573 03e5 AD000000 		.4byte	0xad
 574 03e9 7A       		.byte	0x7a
 575 03ea 07       		.uleb128 0x7
 576 03eb CE070000 		.4byte	.LASF84
 577 03ef 05       		.byte	0x5
 578 03f0 86       		.byte	0x86
 579 03f1 97000000 		.4byte	0x97
 580 03f5 7C       		.byte	0x7c
 581 03f6 07       		.uleb128 0x7
 582 03f7 53070000 		.4byte	.LASF85
 583 03fb 05       		.byte	0x5
 584 03fc 87       		.byte	0x87
 585 03fd 97000000 		.4byte	0x97
 586 0401 7D       		.byte	0x7d
 587 0402 07       		.uleb128 0x7
ARM GAS  C:\Users\guill\AppData\Local\Temp\ccrhu8oN.s 			page 14


 588 0403 30000000 		.4byte	.LASF86
 589 0407 05       		.byte	0x5
 590 0408 88       		.byte	0x88
 591 0409 97000000 		.4byte	0x97
 592 040d 7E       		.byte	0x7e
 593 040e 07       		.uleb128 0x7
 594 040f 49020000 		.4byte	.LASF87
 595 0413 05       		.byte	0x5
 596 0414 89       		.byte	0x89
 597 0415 97000000 		.4byte	0x97
 598 0419 7F       		.byte	0x7f
 599 041a 07       		.uleb128 0x7
 600 041b D0020000 		.4byte	.LASF88
 601 041f 05       		.byte	0x5
 602 0420 8A       		.byte	0x8a
 603 0421 97000000 		.4byte	0x97
 604 0425 80       		.byte	0x80
 605 0426 07       		.uleb128 0x7
 606 0427 4F040000 		.4byte	.LASF89
 607 042b 05       		.byte	0x5
 608 042c 8D       		.byte	0x8d
 609 042d B8000000 		.4byte	0xb8
 610 0431 84       		.byte	0x84
 611 0432 07       		.uleb128 0x7
 612 0433 B3000000 		.4byte	.LASF90
 613 0437 05       		.byte	0x5
 614 0438 8E       		.byte	0x8e
 615 0439 B8000000 		.4byte	0xb8
 616 043d 88       		.byte	0x88
 617 043e 07       		.uleb128 0x7
 618 043f B9070000 		.4byte	.LASF91
 619 0443 05       		.byte	0x5
 620 0444 8F       		.byte	0x8f
 621 0445 B8000000 		.4byte	0xb8
 622 0449 8C       		.byte	0x8c
 623 044a 07       		.uleb128 0x7
 624 044b 7F040000 		.4byte	.LASF92
 625 044f 05       		.byte	0x5
 626 0450 90       		.byte	0x90
 627 0451 B8000000 		.4byte	0xb8
 628 0455 90       		.byte	0x90
 629 0456 07       		.uleb128 0x7
 630 0457 B1020000 		.4byte	.LASF93
 631 045b 05       		.byte	0x5
 632 045c 91       		.byte	0x91
 633 045d B8000000 		.4byte	0xb8
 634 0461 94       		.byte	0x94
 635 0462 07       		.uleb128 0x7
 636 0463 39040000 		.4byte	.LASF94
 637 0467 05       		.byte	0x5
 638 0468 92       		.byte	0x92
 639 0469 B8000000 		.4byte	0xb8
 640 046d 98       		.byte	0x98
 641 046e 07       		.uleb128 0x7
 642 046f F1070000 		.4byte	.LASF95
 643 0473 05       		.byte	0x5
 644 0474 93       		.byte	0x93
ARM GAS  C:\Users\guill\AppData\Local\Temp\ccrhu8oN.s 			page 15


 645 0475 B8000000 		.4byte	0xb8
 646 0479 9C       		.byte	0x9c
 647 047a 07       		.uleb128 0x7
 648 047b 14010000 		.4byte	.LASF96
 649 047f 05       		.byte	0x5
 650 0480 94       		.byte	0x94
 651 0481 B8000000 		.4byte	0xb8
 652 0485 A0       		.byte	0xa0
 653 0486 07       		.uleb128 0x7
 654 0487 A1010000 		.4byte	.LASF97
 655 048b 05       		.byte	0x5
 656 048c 95       		.byte	0x95
 657 048d AD000000 		.4byte	0xad
 658 0491 A4       		.byte	0xa4
 659 0492 07       		.uleb128 0x7
 660 0493 FF050000 		.4byte	.LASF98
 661 0497 05       		.byte	0x5
 662 0498 96       		.byte	0x96
 663 0499 AD000000 		.4byte	0xad
 664 049d A6       		.byte	0xa6
 665 049e 07       		.uleb128 0x7
 666 049f 57050000 		.4byte	.LASF99
 667 04a3 05       		.byte	0x5
 668 04a4 97       		.byte	0x97
 669 04a5 AD000000 		.4byte	0xad
 670 04a9 A8       		.byte	0xa8
 671 04aa 07       		.uleb128 0x7
 672 04ab C3060000 		.4byte	.LASF100
 673 04af 05       		.byte	0x5
 674 04b0 98       		.byte	0x98
 675 04b1 AD000000 		.4byte	0xad
 676 04b5 AA       		.byte	0xaa
 677 04b6 07       		.uleb128 0x7
 678 04b7 A1030000 		.4byte	.LASF101
 679 04bb 05       		.byte	0x5
 680 04bc 99       		.byte	0x99
 681 04bd AD000000 		.4byte	0xad
 682 04c1 AC       		.byte	0xac
 683 04c2 07       		.uleb128 0x7
 684 04c3 D0040000 		.4byte	.LASF102
 685 04c7 05       		.byte	0x5
 686 04c8 9A       		.byte	0x9a
 687 04c9 AD000000 		.4byte	0xad
 688 04cd AE       		.byte	0xae
 689 04ce 07       		.uleb128 0x7
 690 04cf 38070000 		.4byte	.LASF103
 691 04d3 05       		.byte	0x5
 692 04d4 9D       		.byte	0x9d
 693 04d5 AD000000 		.4byte	0xad
 694 04d9 B0       		.byte	0xb0
 695 04da 07       		.uleb128 0x7
 696 04db 43000000 		.4byte	.LASF104
 697 04df 05       		.byte	0x5
 698 04e0 9E       		.byte	0x9e
 699 04e1 B8000000 		.4byte	0xb8
 700 04e5 B4       		.byte	0xb4
 701 04e6 00       		.byte	0
ARM GAS  C:\Users\guill\AppData\Local\Temp\ccrhu8oN.s 			page 16


 702 04e7 03       		.uleb128 0x3
 703 04e8 0F040000 		.4byte	.LASF105
 704 04ec 05       		.byte	0x5
 705 04ed 9F       		.byte	0x9f
 706 04ee D6000000 		.4byte	0xd6
 707 04f2 02       		.uleb128 0x2
 708 04f3 01       		.byte	0x1
 709 04f4 08       		.byte	0x8
 710 04f5 B2060000 		.4byte	.LASF106
 711 04f9 02       		.uleb128 0x2
 712 04fa 04       		.byte	0x4
 713 04fb 04       		.byte	0x4
 714 04fc 36050000 		.4byte	.LASF107
 715 0500 02       		.uleb128 0x2
 716 0501 08       		.byte	0x8
 717 0502 04       		.byte	0x4
 718 0503 0B020000 		.4byte	.LASF108
 719 0507 08       		.uleb128 0x8
 720 0508 04       		.byte	0x4
 721 0509 02       		.uleb128 0x2
 722 050a 01       		.byte	0x1
 723 050b 02       		.byte	0x2
 724 050c 92050000 		.4byte	.LASF109
 725 0510 09       		.uleb128 0x9
 726 0511 04       		.byte	0x4
 727 0512 16050000 		.4byte	0x516
 728 0516 0A       		.uleb128 0xa
 729 0517 21050000 		.4byte	0x521
 730 051b 0B       		.uleb128 0xb
 731 051c B8000000 		.4byte	0xb8
 732 0520 00       		.byte	0
 733 0521 0C       		.uleb128 0xc
 734 0522 3E030000 		.4byte	.LASF110
 735 0526 06       		.byte	0x6
 736 0527 D901     		.2byte	0x1d9
 737 0529 10050000 		.4byte	0x510
 738 052d 0D       		.uleb128 0xd
 739 052e 38080000 		.4byte	.LASF133
 740 0532 38       		.byte	0x38
 741 0533 06       		.byte	0x6
 742 0534 7502     		.2byte	0x275
 743 0536 F1050000 		.4byte	0x5f1
 744 053a 0E       		.uleb128 0xe
 745 053b 07080000 		.4byte	.LASF111
 746 053f 06       		.byte	0x6
 747 0540 7802     		.2byte	0x278
 748 0542 CA000000 		.4byte	0xca
 749 0546 00       		.byte	0
 750 0547 0E       		.uleb128 0xe
 751 0548 FA040000 		.4byte	.LASF112
 752 054c 06       		.byte	0x6
 753 054d 7902     		.2byte	0x279
 754 054f CA000000 		.4byte	0xca
 755 0553 04       		.byte	0x4
 756 0554 0E       		.uleb128 0xe
 757 0555 0A010000 		.4byte	.LASF113
 758 0559 06       		.byte	0x6
ARM GAS  C:\Users\guill\AppData\Local\Temp\ccrhu8oN.s 			page 17


 759 055a 7B02     		.2byte	0x27b
 760 055c 07050000 		.4byte	0x507
 761 0560 08       		.byte	0x8
 762 0561 0E       		.uleb128 0xe
 763 0562 0E070000 		.4byte	.LASF114
 764 0566 06       		.byte	0x6
 765 0567 7C02     		.2byte	0x27c
 766 0569 B8000000 		.4byte	0xb8
 767 056d 0C       		.byte	0xc
 768 056e 0E       		.uleb128 0xe
 769 056f 2B040000 		.4byte	.LASF115
 770 0573 06       		.byte	0x6
 771 0574 7D02     		.2byte	0x27d
 772 0576 CA000000 		.4byte	0xca
 773 057a 10       		.byte	0x10
 774 057b 0E       		.uleb128 0xe
 775 057c E3070000 		.4byte	.LASF116
 776 0580 06       		.byte	0x6
 777 0581 7E02     		.2byte	0x27e
 778 0583 CA000000 		.4byte	0xca
 779 0587 14       		.byte	0x14
 780 0588 0E       		.uleb128 0xe
 781 0589 6C070000 		.4byte	.LASF117
 782 058d 06       		.byte	0x6
 783 058e 8002     		.2byte	0x280
 784 0590 07050000 		.4byte	0x507
 785 0594 18       		.byte	0x18
 786 0595 0E       		.uleb128 0xe
 787 0596 12000000 		.4byte	.LASF118
 788 059a 06       		.byte	0x6
 789 059b 8102     		.2byte	0x281
 790 059d B8000000 		.4byte	0xb8
 791 05a1 1C       		.byte	0x1c
 792 05a2 0E       		.uleb128 0xe
 793 05a3 A8020000 		.4byte	.LASF119
 794 05a7 06       		.byte	0x6
 795 05a8 8202     		.2byte	0x282
 796 05aa CA000000 		.4byte	0xca
 797 05ae 20       		.byte	0x20
 798 05af 0E       		.uleb128 0xe
 799 05b0 2A010000 		.4byte	.LASF120
 800 05b4 06       		.byte	0x6
 801 05b5 8402     		.2byte	0x284
 802 05b7 07050000 		.4byte	0x507
 803 05bb 24       		.byte	0x24
 804 05bc 0E       		.uleb128 0xe
 805 05bd C6020000 		.4byte	.LASF121
 806 05c1 06       		.byte	0x6
 807 05c2 8502     		.2byte	0x285
 808 05c4 B8000000 		.4byte	0xb8
 809 05c8 28       		.byte	0x28
 810 05c9 0E       		.uleb128 0xe
 811 05ca 79050000 		.4byte	.LASF122
 812 05ce 06       		.byte	0x6
 813 05cf 8602     		.2byte	0x286
 814 05d1 CA000000 		.4byte	0xca
 815 05d5 2C       		.byte	0x2c
ARM GAS  C:\Users\guill\AppData\Local\Temp\ccrhu8oN.s 			page 18


 816 05d6 0E       		.uleb128 0xe
 817 05d7 DD030000 		.4byte	.LASF123
 818 05db 06       		.byte	0x6
 819 05dc 8B02     		.2byte	0x28b
 820 05de 21050000 		.4byte	0x521
 821 05e2 30       		.byte	0x30
 822 05e3 0E       		.uleb128 0xe
 823 05e4 64070000 		.4byte	.LASF124
 824 05e8 06       		.byte	0x6
 825 05e9 8E02     		.2byte	0x28e
 826 05eb B8000000 		.4byte	0xb8
 827 05ef 34       		.byte	0x34
 828 05f0 00       		.byte	0
 829 05f1 0C       		.uleb128 0xc
 830 05f2 72070000 		.4byte	.LASF125
 831 05f6 06       		.byte	0x6
 832 05f7 9102     		.2byte	0x291
 833 05f9 2D050000 		.4byte	0x52d
 834 05fd 0F       		.uleb128 0xf
 835 05fe 29050000 		.4byte	.LASF134
 836 0602 02       		.byte	0x2
 837 0603 81       		.byte	0x81
 838 0604 03       		.byte	0x3
 839 0605 10       		.uleb128 0x10
 840 0606 32020000 		.4byte	.LASF135
 841 060a 01       		.byte	0x1
 842 060b 0E       		.byte	0xe
 843 060c 89000000 		.4byte	0x89
 844 0610 00000000 		.4byte	.LFB392
 845 0614 18000000 		.4byte	.LFE392-.LFB392
 846 0618 01       		.uleb128 0x1
 847 0619 9C       		.byte	0x9c
 848 061a 54060000 		.4byte	0x654
 849 061e 11       		.uleb128 0x11
 850 061f FD050000 		.4byte	0x5fd
 851 0623 02000000 		.4byte	.LBB4
 852 0627 02000000 		.4byte	.LBE4-.LBB4
 853 062b 01       		.byte	0x1
 854 062c 10       		.byte	0x10
 855 062d 12       		.uleb128 0x12
 856 062e 0A000000 		.4byte	.LVL0
 857 0632 75060000 		.4byte	0x675
 858 0636 44060000 		.4byte	0x644
 859 063a 13       		.uleb128 0x13
 860 063b 01       		.uleb128 0x1
 861 063c 50       		.byte	0x50
 862 063d 05       		.uleb128 0x5
 863 063e 0C       		.byte	0xc
 864 063f 00000810 		.4byte	0x10080000
 865 0643 00       		.byte	0
 866 0644 14       		.uleb128 0x14
 867 0645 10000000 		.4byte	.LVL1
 868 0649 81060000 		.4byte	0x681
 869 064d 13       		.uleb128 0x13
 870 064e 01       		.uleb128 0x1
 871 064f 50       		.byte	0x50
 872 0650 01       		.uleb128 0x1
ARM GAS  C:\Users\guill\AppData\Local\Temp\ccrhu8oN.s 			page 19


 873 0651 30       		.byte	0x30
 874 0652 00       		.byte	0
 875 0653 00       		.byte	0
 876 0654 15       		.uleb128 0x15
 877 0655 4D050000 		.4byte	.LASF126
 878 0659 05       		.byte	0x5
 879 065a A7       		.byte	0xa7
 880 065b 5F060000 		.4byte	0x65f
 881 065f 09       		.uleb128 0x9
 882 0660 04       		.byte	0x4
 883 0661 65060000 		.4byte	0x665
 884 0665 16       		.uleb128 0x16
 885 0666 E7040000 		.4byte	0x4e7
 886 066a 15       		.uleb128 0x15
 887 066b 5D030000 		.4byte	.LASF127
 888 066f 07       		.byte	0x7
 889 0670 87       		.byte	0x87
 890 0671 F1050000 		.4byte	0x5f1
 891 0675 17       		.uleb128 0x17
 892 0676 F3030000 		.4byte	.LASF128
 893 067a F3030000 		.4byte	.LASF128
 894 067e 08       		.byte	0x8
 895 067f 2502     		.2byte	0x225
 896 0681 17       		.uleb128 0x17
 897 0682 83020000 		.4byte	.LASF129
 898 0686 83020000 		.4byte	.LASF129
 899 068a 09       		.byte	0x9
 900 068b 4806     		.2byte	0x648
 901 068d 00       		.byte	0
 902              		.section	.debug_abbrev,"",%progbits
 903              	.Ldebug_abbrev0:
 904 0000 01       		.uleb128 0x1
 905 0001 11       		.uleb128 0x11
 906 0002 01       		.byte	0x1
 907 0003 25       		.uleb128 0x25
 908 0004 0E       		.uleb128 0xe
 909 0005 13       		.uleb128 0x13
 910 0006 0B       		.uleb128 0xb
 911 0007 03       		.uleb128 0x3
 912 0008 0E       		.uleb128 0xe
 913 0009 1B       		.uleb128 0x1b
 914 000a 0E       		.uleb128 0xe
 915 000b 55       		.uleb128 0x55
 916 000c 17       		.uleb128 0x17
 917 000d 11       		.uleb128 0x11
 918 000e 01       		.uleb128 0x1
 919 000f 10       		.uleb128 0x10
 920 0010 17       		.uleb128 0x17
 921 0011 00       		.byte	0
 922 0012 00       		.byte	0
 923 0013 02       		.uleb128 0x2
 924 0014 24       		.uleb128 0x24
 925 0015 00       		.byte	0
 926 0016 0B       		.uleb128 0xb
 927 0017 0B       		.uleb128 0xb
 928 0018 3E       		.uleb128 0x3e
 929 0019 0B       		.uleb128 0xb
ARM GAS  C:\Users\guill\AppData\Local\Temp\ccrhu8oN.s 			page 20


 930 001a 03       		.uleb128 0x3
 931 001b 0E       		.uleb128 0xe
 932 001c 00       		.byte	0
 933 001d 00       		.byte	0
 934 001e 03       		.uleb128 0x3
 935 001f 16       		.uleb128 0x16
 936 0020 00       		.byte	0
 937 0021 03       		.uleb128 0x3
 938 0022 0E       		.uleb128 0xe
 939 0023 3A       		.uleb128 0x3a
 940 0024 0B       		.uleb128 0xb
 941 0025 3B       		.uleb128 0x3b
 942 0026 0B       		.uleb128 0xb
 943 0027 49       		.uleb128 0x49
 944 0028 13       		.uleb128 0x13
 945 0029 00       		.byte	0
 946 002a 00       		.byte	0
 947 002b 04       		.uleb128 0x4
 948 002c 24       		.uleb128 0x24
 949 002d 00       		.byte	0
 950 002e 0B       		.uleb128 0xb
 951 002f 0B       		.uleb128 0xb
 952 0030 3E       		.uleb128 0x3e
 953 0031 0B       		.uleb128 0xb
 954 0032 03       		.uleb128 0x3
 955 0033 08       		.uleb128 0x8
 956 0034 00       		.byte	0
 957 0035 00       		.byte	0
 958 0036 05       		.uleb128 0x5
 959 0037 35       		.uleb128 0x35
 960 0038 00       		.byte	0
 961 0039 49       		.uleb128 0x49
 962 003a 13       		.uleb128 0x13
 963 003b 00       		.byte	0
 964 003c 00       		.byte	0
 965 003d 06       		.uleb128 0x6
 966 003e 13       		.uleb128 0x13
 967 003f 01       		.byte	0x1
 968 0040 0B       		.uleb128 0xb
 969 0041 0B       		.uleb128 0xb
 970 0042 3A       		.uleb128 0x3a
 971 0043 0B       		.uleb128 0xb
 972 0044 3B       		.uleb128 0x3b
 973 0045 0B       		.uleb128 0xb
 974 0046 01       		.uleb128 0x1
 975 0047 13       		.uleb128 0x13
 976 0048 00       		.byte	0
 977 0049 00       		.byte	0
 978 004a 07       		.uleb128 0x7
 979 004b 0D       		.uleb128 0xd
 980 004c 00       		.byte	0
 981 004d 03       		.uleb128 0x3
 982 004e 0E       		.uleb128 0xe
 983 004f 3A       		.uleb128 0x3a
 984 0050 0B       		.uleb128 0xb
 985 0051 3B       		.uleb128 0x3b
 986 0052 0B       		.uleb128 0xb
ARM GAS  C:\Users\guill\AppData\Local\Temp\ccrhu8oN.s 			page 21


 987 0053 49       		.uleb128 0x49
 988 0054 13       		.uleb128 0x13
 989 0055 38       		.uleb128 0x38
 990 0056 0B       		.uleb128 0xb
 991 0057 00       		.byte	0
 992 0058 00       		.byte	0
 993 0059 08       		.uleb128 0x8
 994 005a 0F       		.uleb128 0xf
 995 005b 00       		.byte	0
 996 005c 0B       		.uleb128 0xb
 997 005d 0B       		.uleb128 0xb
 998 005e 00       		.byte	0
 999 005f 00       		.byte	0
 1000 0060 09       		.uleb128 0x9
 1001 0061 0F       		.uleb128 0xf
 1002 0062 00       		.byte	0
 1003 0063 0B       		.uleb128 0xb
 1004 0064 0B       		.uleb128 0xb
 1005 0065 49       		.uleb128 0x49
 1006 0066 13       		.uleb128 0x13
 1007 0067 00       		.byte	0
 1008 0068 00       		.byte	0
 1009 0069 0A       		.uleb128 0xa
 1010 006a 15       		.uleb128 0x15
 1011 006b 01       		.byte	0x1
 1012 006c 27       		.uleb128 0x27
 1013 006d 19       		.uleb128 0x19
 1014 006e 01       		.uleb128 0x1
 1015 006f 13       		.uleb128 0x13
 1016 0070 00       		.byte	0
 1017 0071 00       		.byte	0
 1018 0072 0B       		.uleb128 0xb
 1019 0073 05       		.uleb128 0x5
 1020 0074 00       		.byte	0
 1021 0075 49       		.uleb128 0x49
 1022 0076 13       		.uleb128 0x13
 1023 0077 00       		.byte	0
 1024 0078 00       		.byte	0
 1025 0079 0C       		.uleb128 0xc
 1026 007a 16       		.uleb128 0x16
 1027 007b 00       		.byte	0
 1028 007c 03       		.uleb128 0x3
 1029 007d 0E       		.uleb128 0xe
 1030 007e 3A       		.uleb128 0x3a
 1031 007f 0B       		.uleb128 0xb
 1032 0080 3B       		.uleb128 0x3b
 1033 0081 05       		.uleb128 0x5
 1034 0082 49       		.uleb128 0x49
 1035 0083 13       		.uleb128 0x13
 1036 0084 00       		.byte	0
 1037 0085 00       		.byte	0
 1038 0086 0D       		.uleb128 0xd
 1039 0087 13       		.uleb128 0x13
 1040 0088 01       		.byte	0x1
 1041 0089 03       		.uleb128 0x3
 1042 008a 0E       		.uleb128 0xe
 1043 008b 0B       		.uleb128 0xb
ARM GAS  C:\Users\guill\AppData\Local\Temp\ccrhu8oN.s 			page 22


 1044 008c 0B       		.uleb128 0xb
 1045 008d 3A       		.uleb128 0x3a
 1046 008e 0B       		.uleb128 0xb
 1047 008f 3B       		.uleb128 0x3b
 1048 0090 05       		.uleb128 0x5
 1049 0091 01       		.uleb128 0x1
 1050 0092 13       		.uleb128 0x13
 1051 0093 00       		.byte	0
 1052 0094 00       		.byte	0
 1053 0095 0E       		.uleb128 0xe
 1054 0096 0D       		.uleb128 0xd
 1055 0097 00       		.byte	0
 1056 0098 03       		.uleb128 0x3
 1057 0099 0E       		.uleb128 0xe
 1058 009a 3A       		.uleb128 0x3a
 1059 009b 0B       		.uleb128 0xb
 1060 009c 3B       		.uleb128 0x3b
 1061 009d 05       		.uleb128 0x5
 1062 009e 49       		.uleb128 0x49
 1063 009f 13       		.uleb128 0x13
 1064 00a0 38       		.uleb128 0x38
 1065 00a1 0B       		.uleb128 0xb
 1066 00a2 00       		.byte	0
 1067 00a3 00       		.byte	0
 1068 00a4 0F       		.uleb128 0xf
 1069 00a5 2E       		.uleb128 0x2e
 1070 00a6 00       		.byte	0
 1071 00a7 03       		.uleb128 0x3
 1072 00a8 0E       		.uleb128 0xe
 1073 00a9 3A       		.uleb128 0x3a
 1074 00aa 0B       		.uleb128 0xb
 1075 00ab 3B       		.uleb128 0x3b
 1076 00ac 0B       		.uleb128 0xb
 1077 00ad 27       		.uleb128 0x27
 1078 00ae 19       		.uleb128 0x19
 1079 00af 20       		.uleb128 0x20
 1080 00b0 0B       		.uleb128 0xb
 1081 00b1 00       		.byte	0
 1082 00b2 00       		.byte	0
 1083 00b3 10       		.uleb128 0x10
 1084 00b4 2E       		.uleb128 0x2e
 1085 00b5 01       		.byte	0x1
 1086 00b6 3F       		.uleb128 0x3f
 1087 00b7 19       		.uleb128 0x19
 1088 00b8 03       		.uleb128 0x3
 1089 00b9 0E       		.uleb128 0xe
 1090 00ba 3A       		.uleb128 0x3a
 1091 00bb 0B       		.uleb128 0xb
 1092 00bc 3B       		.uleb128 0x3b
 1093 00bd 0B       		.uleb128 0xb
 1094 00be 27       		.uleb128 0x27
 1095 00bf 19       		.uleb128 0x19
 1096 00c0 49       		.uleb128 0x49
 1097 00c1 13       		.uleb128 0x13
 1098 00c2 11       		.uleb128 0x11
 1099 00c3 01       		.uleb128 0x1
 1100 00c4 12       		.uleb128 0x12
ARM GAS  C:\Users\guill\AppData\Local\Temp\ccrhu8oN.s 			page 23


 1101 00c5 06       		.uleb128 0x6
 1102 00c6 40       		.uleb128 0x40
 1103 00c7 18       		.uleb128 0x18
 1104 00c8 9742     		.uleb128 0x2117
 1105 00ca 19       		.uleb128 0x19
 1106 00cb 01       		.uleb128 0x1
 1107 00cc 13       		.uleb128 0x13
 1108 00cd 00       		.byte	0
 1109 00ce 00       		.byte	0
 1110 00cf 11       		.uleb128 0x11
 1111 00d0 1D       		.uleb128 0x1d
 1112 00d1 00       		.byte	0
 1113 00d2 31       		.uleb128 0x31
 1114 00d3 13       		.uleb128 0x13
 1115 00d4 11       		.uleb128 0x11
 1116 00d5 01       		.uleb128 0x1
 1117 00d6 12       		.uleb128 0x12
 1118 00d7 06       		.uleb128 0x6
 1119 00d8 58       		.uleb128 0x58
 1120 00d9 0B       		.uleb128 0xb
 1121 00da 59       		.uleb128 0x59
 1122 00db 0B       		.uleb128 0xb
 1123 00dc 00       		.byte	0
 1124 00dd 00       		.byte	0
 1125 00de 12       		.uleb128 0x12
 1126 00df 898201   		.uleb128 0x4109
 1127 00e2 01       		.byte	0x1
 1128 00e3 11       		.uleb128 0x11
 1129 00e4 01       		.uleb128 0x1
 1130 00e5 31       		.uleb128 0x31
 1131 00e6 13       		.uleb128 0x13
 1132 00e7 01       		.uleb128 0x1
 1133 00e8 13       		.uleb128 0x13
 1134 00e9 00       		.byte	0
 1135 00ea 00       		.byte	0
 1136 00eb 13       		.uleb128 0x13
 1137 00ec 8A8201   		.uleb128 0x410a
 1138 00ef 00       		.byte	0
 1139 00f0 02       		.uleb128 0x2
 1140 00f1 18       		.uleb128 0x18
 1141 00f2 9142     		.uleb128 0x2111
 1142 00f4 18       		.uleb128 0x18
 1143 00f5 00       		.byte	0
 1144 00f6 00       		.byte	0
 1145 00f7 14       		.uleb128 0x14
 1146 00f8 898201   		.uleb128 0x4109
 1147 00fb 01       		.byte	0x1
 1148 00fc 11       		.uleb128 0x11
 1149 00fd 01       		.uleb128 0x1
 1150 00fe 31       		.uleb128 0x31
 1151 00ff 13       		.uleb128 0x13
 1152 0100 00       		.byte	0
 1153 0101 00       		.byte	0
 1154 0102 15       		.uleb128 0x15
 1155 0103 34       		.uleb128 0x34
 1156 0104 00       		.byte	0
 1157 0105 03       		.uleb128 0x3
ARM GAS  C:\Users\guill\AppData\Local\Temp\ccrhu8oN.s 			page 24


 1158 0106 0E       		.uleb128 0xe
 1159 0107 3A       		.uleb128 0x3a
 1160 0108 0B       		.uleb128 0xb
 1161 0109 3B       		.uleb128 0x3b
 1162 010a 0B       		.uleb128 0xb
 1163 010b 49       		.uleb128 0x49
 1164 010c 13       		.uleb128 0x13
 1165 010d 3F       		.uleb128 0x3f
 1166 010e 19       		.uleb128 0x19
 1167 010f 3C       		.uleb128 0x3c
 1168 0110 19       		.uleb128 0x19
 1169 0111 00       		.byte	0
 1170 0112 00       		.byte	0
 1171 0113 16       		.uleb128 0x16
 1172 0114 26       		.uleb128 0x26
 1173 0115 00       		.byte	0
 1174 0116 49       		.uleb128 0x49
 1175 0117 13       		.uleb128 0x13
 1176 0118 00       		.byte	0
 1177 0119 00       		.byte	0
 1178 011a 17       		.uleb128 0x17
 1179 011b 2E       		.uleb128 0x2e
 1180 011c 00       		.byte	0
 1181 011d 3F       		.uleb128 0x3f
 1182 011e 19       		.uleb128 0x19
 1183 011f 3C       		.uleb128 0x3c
 1184 0120 19       		.uleb128 0x19
 1185 0121 6E       		.uleb128 0x6e
 1186 0122 0E       		.uleb128 0xe
 1187 0123 03       		.uleb128 0x3
 1188 0124 0E       		.uleb128 0xe
 1189 0125 3A       		.uleb128 0x3a
 1190 0126 0B       		.uleb128 0xb
 1191 0127 3B       		.uleb128 0x3b
 1192 0128 05       		.uleb128 0x5
 1193 0129 00       		.byte	0
 1194 012a 00       		.byte	0
 1195 012b 00       		.byte	0
 1196              		.section	.debug_aranges,"",%progbits
 1197 0000 1C000000 		.4byte	0x1c
 1198 0004 0200     		.2byte	0x2
 1199 0006 00000000 		.4byte	.Ldebug_info0
 1200 000a 04       		.byte	0x4
 1201 000b 00       		.byte	0
 1202 000c 0000     		.2byte	0
 1203 000e 0000     		.2byte	0
 1204 0010 00000000 		.4byte	.LFB392
 1205 0014 18000000 		.4byte	.LFE392-.LFB392
 1206 0018 00000000 		.4byte	0
 1207 001c 00000000 		.4byte	0
 1208              		.section	.debug_ranges,"",%progbits
 1209              	.Ldebug_ranges0:
 1210 0000 00000000 		.4byte	.LFB392
 1211 0004 18000000 		.4byte	.LFE392
 1212 0008 00000000 		.4byte	0
 1213 000c 00000000 		.4byte	0
 1214              		.section	.debug_line,"",%progbits
ARM GAS  C:\Users\guill\AppData\Local\Temp\ccrhu8oN.s 			page 25


 1215              	.Ldebug_line0:
 1216 0000 78020000 		.section	.debug_str,"MS",%progbits,1
 1216      02005502 
 1216      00000201 
 1216      FB0E0D00 
 1216      01010101 
 1217              	.LASF54:
 1218 0000 70726F74 		.ascii	"protBusMasterMask\000"
 1218      4275734D 
 1218      61737465 
 1218      724D6173 
 1218      6B00
 1219              	.LASF118:
 1220 0012 72784275 		.ascii	"rxBufSize\000"
 1220      6653697A 
 1220      6500
 1221              	.LASF64:
 1222 001c 666C6173 		.ascii	"flashCtlMainWs3Freq\000"
 1222      6843746C 
 1222      4D61696E 
 1222      57733346 
 1222      72657100 
 1223              	.LASF86:
 1224 0030 6770696F 		.ascii	"gpioPrtCfgInOffset\000"
 1224      50727443 
 1224      6667496E 
 1224      4F666673 
 1224      657400
 1225              	.LASF104:
 1226 0043 6970634C 		.ascii	"ipcLockStatusOffset\000"
 1226      6F636B53 
 1226      74617475 
 1226      734F6666 
 1226      73657400 
 1227              	.LASF30:
 1228 0057 63727970 		.ascii	"cryptoVersion\000"
 1228      746F5665 
 1228      7273696F 
 1228      6E00
 1229              	.LASF48:
 1230 0065 70657269 		.ascii	"periClockNr\000"
 1230      436C6F63 
 1230      6B4E7200 
 1231              	.LASF26:
 1232 0071 70617373 		.ascii	"passBase\000"
 1232      42617365 
 1232      00
 1233              	.LASF131:
 1234 007a 6D61696E 		.ascii	"main_cm0p.c\000"
 1234      5F636D30 
 1234      702E6300 
 1235              	.LASF39:
 1236 0086 63707573 		.ascii	"cpussIpcIrqNr\000"
 1236      73497063 
 1236      4972714E 
 1236      7200
 1237              	.LASF3:
ARM GAS  C:\Users\guill\AppData\Local\Temp\ccrhu8oN.s 			page 26


 1238 0094 5F5F7569 		.ascii	"__uint8_t\000"
 1238      6E74385F 
 1238      7400
 1239              	.LASF83:
 1240 009e 70657269 		.ascii	"periDiv24_5CtlOffset\000"
 1240      44697632 
 1240      345F3543 
 1240      746C4F66 
 1240      66736574 
 1241              	.LASF90:
 1242 00b3 63707573 		.ascii	"cpussCm4ClockCtlOffset\000"
 1242      73436D34 
 1242      436C6F63 
 1242      6B43746C 
 1242      4F666673 
 1243              	.LASF19:
 1244 00ca 63707573 		.ascii	"cpussBase\000"
 1244      73426173 
 1244      6500
 1245              	.LASF68:
 1246 00d4 64774368 		.ascii	"dwChCtlPrioPos\000"
 1246      43746C50 
 1246      72696F50 
 1246      6F7300
 1247              	.LASF11:
 1248 00e3 6C6F6E67 		.ascii	"long long unsigned int\000"
 1248      206C6F6E 
 1248      6720756E 
 1248      7369676E 
 1248      65642069 
 1249              	.LASF72:
 1250 00fa 70657269 		.ascii	"periTrCmdOffset\000"
 1250      5472436D 
 1250      644F6666 
 1250      73657400 
 1251              	.LASF113:
 1252 010a 72785269 		.ascii	"rxRingBuf\000"
 1252      6E674275 
 1252      6600
 1253              	.LASF96:
 1254 0114 63707573 		.ascii	"cpussSysTickCtlOffset\000"
 1254      73537973 
 1254      5469636B 
 1254      43746C4F 
 1254      66667365 
 1255              	.LASF120:
 1256 012a 74784275 		.ascii	"txBuf\000"
 1256      6600
 1257              	.LASF57:
 1258 0130 666C6173 		.ascii	"flashPipeRequired\000"
 1258      68506970 
 1258      65526571 
 1258      75697265 
 1258      6400
 1259              	.LASF61:
 1260 0142 666C6173 		.ascii	"flashCtlMainWs0Freq\000"
 1260      6843746C 
ARM GAS  C:\Users\guill\AppData\Local\Temp\ccrhu8oN.s 			page 27


 1260      4D61696E 
 1260      57733046 
 1260      72657100 
 1261              	.LASF14:
 1262 0156 696E7431 		.ascii	"int16_t\000"
 1262      365F7400 
 1263              	.LASF10:
 1264 015e 6C6F6E67 		.ascii	"long long int\000"
 1264      206C6F6E 
 1264      6720696E 
 1264      7400
 1265              	.LASF2:
 1266 016c 7369676E 		.ascii	"signed char\000"
 1266      65642063 
 1266      68617200 
 1267              	.LASF77:
 1268 0178 70657269 		.ascii	"periDivCmdTypeSelPos\000"
 1268      44697643 
 1268      6D645479 
 1268      70655365 
 1268      6C506F73 
 1269              	.LASF23:
 1270 018d 70726F74 		.ascii	"protBase\000"
 1270      42617365 
 1270      00
 1271              	.LASF35:
 1272 0196 69706356 		.ascii	"ipcVersion\000"
 1272      65727369 
 1272      6F6E00
 1273              	.LASF97:
 1274 01a1 63707573 		.ascii	"cpussCm0NmiCtlOffset\000"
 1274      73436D30 
 1274      4E6D6943 
 1274      746C4F66 
 1274      66736574 
 1275              	.LASF45:
 1276 01b6 73727373 		.ascii	"srssNumClkpath\000"
 1276      4E756D43 
 1276      6C6B7061 
 1276      746800
 1277              	.LASF24:
 1278 01c5 6873696F 		.ascii	"hsiomBase\000"
 1278      6D426173 
 1278      6500
 1279              	.LASF7:
 1280 01cf 6C6F6E67 		.ascii	"long int\000"
 1280      20696E74 
 1280      00
 1281              	.LASF55:
 1282 01d8 63727970 		.ascii	"cryptoMemSize\000"
 1282      746F4D65 
 1282      6D53697A 
 1282      6500
 1283              	.LASF21:
 1284 01e6 70657269 		.ascii	"periBase\000"
 1284      42617365 
 1284      00
ARM GAS  C:\Users\guill\AppData\Local\Temp\ccrhu8oN.s 			page 28


 1285              	.LASF53:
 1286 01ef 73797350 		.ascii	"sysPmSimoPresent\000"
 1286      6D53696D 
 1286      6F507265 
 1286      73656E74 
 1286      00
 1287              	.LASF43:
 1288 0200 63707573 		.ascii	"cpussFmIrq\000"
 1288      73466D49 
 1288      727100
 1289              	.LASF108:
 1290 020b 646F7562 		.ascii	"double\000"
 1290      6C6500
 1291              	.LASF82:
 1292 0212 70657269 		.ascii	"periDiv16_5CtlOffset\000"
 1292      44697631 
 1292      365F3543 
 1292      746C4F66 
 1292      66736574 
 1293              	.LASF46:
 1294 0227 73727373 		.ascii	"srssNumPll\000"
 1294      4E756D50 
 1294      6C6C00
 1295              	.LASF135:
 1296 0232 6D61696E 		.ascii	"main\000"
 1296      00
 1297              	.LASF80:
 1298 0237 70657269 		.ascii	"periDiv8CtlOffset\000"
 1298      44697638 
 1298      43746C4F 
 1298      66667365 
 1298      7400
 1299              	.LASF87:
 1300 0249 6770696F 		.ascii	"gpioPrtCfgOutOffset\000"
 1300      50727443 
 1300      66674F75 
 1300      744F6666 
 1300      73657400 
 1301              	.LASF20:
 1302 025d 666C6173 		.ascii	"flashcBase\000"
 1302      68634261 
 1302      736500
 1303              	.LASF8:
 1304 0268 5F5F7569 		.ascii	"__uint32_t\000"
 1304      6E743332 
 1304      5F7400
 1305              	.LASF50:
 1306 0273 70617373 		.ascii	"passSarChannels\000"
 1306      53617243 
 1306      68616E6E 
 1306      656C7300 
 1307              	.LASF129:
 1308 0283 43795F53 		.ascii	"Cy_SysPm_CpuEnterDeepSleep\000"
 1308      7973506D 
 1308      5F437075 
 1308      456E7465 
 1308      72446565 
ARM GAS  C:\Users\guill\AppData\Local\Temp\ccrhu8oN.s 			page 29


 1309              	.LASF4:
 1310 029e 5F5F696E 		.ascii	"__int16_t\000"
 1310      7431365F 
 1310      7400
 1311              	.LASF119:
 1312 02a8 72784275 		.ascii	"rxBufIdx\000"
 1312      66496478 
 1312      00
 1313              	.LASF93:
 1314 02b1 63707573 		.ascii	"cpussCm4PwrCtlOffset\000"
 1314      73436D34 
 1314      50777243 
 1314      746C4F66 
 1314      66736574 
 1315              	.LASF121:
 1316 02c6 74784275 		.ascii	"txBufSize\000"
 1316      6653697A 
 1316      6500
 1317              	.LASF88:
 1318 02d0 6770696F 		.ascii	"gpioPrtCfgSioOffset\000"
 1318      50727443 
 1318      66675369 
 1318      6F4F6666 
 1318      73657400 
 1319              	.LASF40:
 1320 02e4 63707573 		.ascii	"cpussDwChNr\000"
 1320      73447743 
 1320      684E7200 
 1321              	.LASF12:
 1322 02f0 756E7369 		.ascii	"unsigned int\000"
 1322      676E6564 
 1322      20696E74 
 1322      00
 1323              	.LASF15:
 1324 02fd 75696E74 		.ascii	"uint16_t\000"
 1324      31365F74 
 1324      00
 1325              	.LASF73:
 1326 0306 70657269 		.ascii	"periTrCmdGrSelMsk\000"
 1326      5472436D 
 1326      64477253 
 1326      656C4D73 
 1326      6B00
 1327              	.LASF62:
 1328 0318 666C6173 		.ascii	"flashCtlMainWs1Freq\000"
 1328      6843746C 
 1328      4D61696E 
 1328      57733146 
 1328      72657100 
 1329              	.LASF9:
 1330 032c 6C6F6E67 		.ascii	"long unsigned int\000"
 1330      20756E73 
 1330      69676E65 
 1330      6420696E 
 1330      7400
 1331              	.LASF110:
 1332 033e 63795F63 		.ascii	"cy_cb_scb_uart_handle_events_t\000"
ARM GAS  C:\Users\guill\AppData\Local\Temp\ccrhu8oN.s 			page 30


 1332      625F7363 
 1332      625F7561 
 1332      72745F68 
 1332      616E646C 
 1333              	.LASF127:
 1334 035d 55415254 		.ascii	"UART_context\000"
 1334      5F636F6E 
 1334      74657874 
 1334      00
 1335              	.LASF38:
 1336 036a 63707573 		.ascii	"cpussIpcNr\000"
 1336      73497063 
 1336      4E7200
 1337              	.LASF25:
 1338 0375 6770696F 		.ascii	"gpioBase\000"
 1338      42617365 
 1338      00
 1339              	.LASF63:
 1340 037e 666C6173 		.ascii	"flashCtlMainWs2Freq\000"
 1340      6843746C 
 1340      4D61696E 
 1340      57733246 
 1340      72657100 
 1341              	.LASF74:
 1342 0392 70657269 		.ascii	"periTrGrOffset\000"
 1342      54724772 
 1342      4F666673 
 1342      657400
 1343              	.LASF101:
 1344 03a1 63707573 		.ascii	"cpussRam1Ctl0\000"
 1344      7352616D 
 1344      3143746C 
 1344      3000
 1345              	.LASF132:
 1346 03af 433A5C55 		.ascii	"C:\\Users\\guill\\Escritorio\\CSE121\\Lab6.2.cydsn\000"
 1346      73657273 
 1346      5C677569 
 1346      6C6C5C45 
 1346      73637269 
 1347              	.LASF123:
 1348 03dd 63624576 		.ascii	"cbEvents\000"
 1348      656E7473 
 1348      00
 1349              	.LASF75:
 1350 03e6 70657269 		.ascii	"periTrGrSize\000"
 1350      54724772 
 1350      53697A65 
 1350      00
 1351              	.LASF128:
 1352 03f3 43795F53 		.ascii	"Cy_SysEnableCM4\000"
 1352      7973456E 
 1352      61626C65 
 1352      434D3400 
 1353              	.LASF33:
 1354 0403 6770696F 		.ascii	"gpioVersion\000"
 1354      56657273 
 1354      696F6E00 
ARM GAS  C:\Users\guill\AppData\Local\Temp\ccrhu8oN.s 			page 31


 1355              	.LASF105:
 1356 040f 63795F73 		.ascii	"cy_stc_device_t\000"
 1356      74635F64 
 1356      65766963 
 1356      655F7400 
 1357              	.LASF51:
 1358 041f 65704D6F 		.ascii	"epMonitorNr\000"
 1358      6E69746F 
 1358      724E7200 
 1359              	.LASF115:
 1360 042b 72785269 		.ascii	"rxRingBufHead\000"
 1360      6E674275 
 1360      66486561 
 1360      6400
 1361              	.LASF94:
 1362 0439 63707573 		.ascii	"cpussTrimRamCtlOffset\000"
 1362      73547269 
 1362      6D52616D 
 1362      43746C4F 
 1362      66667365 
 1363              	.LASF89:
 1364 044f 63707573 		.ascii	"cpussCm0ClockCtlOffset\000"
 1364      73436D30 
 1364      436C6F63 
 1364      6B43746C 
 1364      4F666673 
 1365              	.LASF29:
 1366 0466 63707573 		.ascii	"cpussVersion\000"
 1366      73566572 
 1366      73696F6E 
 1366      00
 1367              	.LASF36:
 1368 0473 70657269 		.ascii	"periVersion\000"
 1368      56657273 
 1368      696F6E00 
 1369              	.LASF92:
 1370 047f 63707573 		.ascii	"cpussCm0StatusOffset\000"
 1370      73436D30 
 1370      53746174 
 1370      75734F66 
 1370      66736574 
 1371              	.LASF17:
 1372 0494 73697A65 		.ascii	"sizetype\000"
 1372      74797065 
 1372      00
 1373              	.LASF66:
 1374 049d 64774368 		.ascii	"dwChOffset\000"
 1374      4F666673 
 1374      657400
 1375              	.LASF41:
 1376 04a8 63707573 		.ascii	"cpussFlashPaSize\000"
 1376      73466C61 
 1376      73685061 
 1376      53697A65 
 1376      00
 1377              	.LASF79:
 1378 04b9 70657269 		.ascii	"periDivCmdPaTypeSelPos\000"
ARM GAS  C:\Users\guill\AppData\Local\Temp\ccrhu8oN.s 			page 32


 1378      44697643 
 1378      6D645061 
 1378      54797065 
 1378      53656C50 
 1379              	.LASF102:
 1380 04d0 63707573 		.ascii	"cpussRam2Ctl0\000"
 1380      7352616D 
 1380      3243746C 
 1380      3000
 1381              	.LASF70:
 1382 04de 64775374 		.ascii	"dwStatusChIdxPos\000"
 1382      61747573 
 1382      43684964 
 1382      78506F73 
 1382      00
 1383              	.LASF52:
 1384 04ef 75646250 		.ascii	"udbPresent\000"
 1384      72657365 
 1384      6E7400
 1385              	.LASF112:
 1386 04fa 72785374 		.ascii	"rxStatus\000"
 1386      61747573 
 1386      00
 1387              	.LASF32:
 1388 0503 666C6173 		.ascii	"flashcVersion\000"
 1388      68635665 
 1388      7273696F 
 1388      6E00
 1389              	.LASF28:
 1390 0511 63727970 		.ascii	"cryptoBase\000"
 1390      746F4261 
 1390      736500
 1391              	.LASF49:
 1392 051c 736D6966 		.ascii	"smifDeviceNr\000"
 1392      44657669 
 1392      63654E72 
 1392      00
 1393              	.LASF134:
 1394 0529 5F5F656E 		.ascii	"__enable_irq\000"
 1394      61626C65 
 1394      5F697271 
 1394      00
 1395              	.LASF107:
 1396 0536 666C6F61 		.ascii	"float\000"
 1396      7400
 1397              	.LASF71:
 1398 053c 64775374 		.ascii	"dwStatusChIdxMsk\000"
 1398      61747573 
 1398      43684964 
 1398      784D736B 
 1398      00
 1399              	.LASF126:
 1400 054d 63795F64 		.ascii	"cy_device\000"
 1400      65766963 
 1400      6500
 1401              	.LASF99:
 1402 0557 63707573 		.ascii	"cpussRomCtl\000"
ARM GAS  C:\Users\guill\AppData\Local\Temp\ccrhu8oN.s 			page 33


 1402      73526F6D 
 1402      43746C00 
 1403              	.LASF69:
 1404 0563 64774368 		.ascii	"dwChCtlPreemptablePos\000"
 1404      43746C50 
 1404      7265656D 
 1404      70746162 
 1404      6C65506F 
 1405              	.LASF122:
 1406 0579 74784C65 		.ascii	"txLeftToTransmit\000"
 1406      6674546F 
 1406      5472616E 
 1406      736D6974 
 1406      00
 1407              	.LASF22:
 1408 058a 75646242 		.ascii	"udbBase\000"
 1408      61736500 
 1409              	.LASF109:
 1410 0592 5F426F6F 		.ascii	"_Bool\000"
 1410      6C00
 1411              	.LASF1:
 1412 0598 756E7369 		.ascii	"unsigned char\000"
 1412      676E6564 
 1412      20636861 
 1412      7200
 1413              	.LASF65:
 1414 05a6 666C6173 		.ascii	"flashCtlMainWs4Freq\000"
 1414      6843746C 
 1414      4D61696E 
 1414      57733446 
 1414      72657100 
 1415              	.LASF0:
 1416 05ba 73686F72 		.ascii	"short int\000"
 1416      7420696E 
 1416      7400
 1417              	.LASF76:
 1418 05c4 70657269 		.ascii	"periDivCmdDivSelMsk\000"
 1418      44697643 
 1418      6D644469 
 1418      7653656C 
 1418      4D736B00 
 1419              	.LASF47:
 1420 05d8 73727373 		.ascii	"srssNumHfroot\000"
 1420      4E756D48 
 1420      66726F6F 
 1420      7400
 1421              	.LASF60:
 1422 05e6 666C6173 		.ascii	"flashEraseDelay\000"
 1422      68457261 
 1422      73654465 
 1422      6C617900 
 1423              	.LASF16:
 1424 05f6 75696E74 		.ascii	"uint32_t\000"
 1424      33325F74 
 1424      00
 1425              	.LASF98:
 1426 05ff 63707573 		.ascii	"cpussCm4NmiCtlOffset\000"
ARM GAS  C:\Users\guill\AppData\Local\Temp\ccrhu8oN.s 			page 34


 1426      73436D34 
 1426      4E6D6943 
 1426      746C4F66 
 1426      66736574 
 1427              	.LASF130:
 1428 0614 474E5520 		.ascii	"GNU C11 5.4.1 20160609 (release) [ARM/embedded-5-br"
 1428      43313120 
 1428      352E342E 
 1428      31203230 
 1428      31363036 
 1429 0647 616E6368 		.ascii	"anch revision 237715] -mcpu=cortex-m0plus -mthumb -"
 1429      20726576 
 1429      6973696F 
 1429      6E203233 
 1429      37373135 
 1430 067a 67202D4F 		.ascii	"g -Og -ffunction-sections -ffat-lto-objects\000"
 1430      67202D66 
 1430      66756E63 
 1430      74696F6E 
 1430      2D736563 
 1431              	.LASF18:
 1432 06a6 6C6F6E67 		.ascii	"long double\000"
 1432      20646F75 
 1432      626C6500 
 1433              	.LASF106:
 1434 06b2 63686172 		.ascii	"char\000"
 1434      00
 1435              	.LASF37:
 1436 06b7 70726F74 		.ascii	"protVersion\000"
 1436      56657273 
 1436      696F6E00 
 1437              	.LASF100:
 1438 06c3 63707573 		.ascii	"cpussRam0Ctl0\000"
 1438      7352616D 
 1438      3043746C 
 1438      3000
 1439              	.LASF5:
 1440 06d1 5F5F7569 		.ascii	"__uint16_t\000"
 1440      6E743136 
 1440      5F7400
 1441              	.LASF81:
 1442 06dc 70657269 		.ascii	"periDiv16CtlOffset\000"
 1442      44697631 
 1442      3643746C 
 1442      4F666673 
 1442      657400
 1443              	.LASF34:
 1444 06ef 6873696F 		.ascii	"hsiomVersion\000"
 1444      6D566572 
 1444      73696F6E 
 1444      00
 1445              	.LASF59:
 1446 06fc 666C6173 		.ascii	"flashProgramDelay\000"
 1446      6850726F 
 1446      6772616D 
 1446      44656C61 
 1446      7900
ARM GAS  C:\Users\guill\AppData\Local\Temp\ccrhu8oN.s 			page 35


 1447              	.LASF114:
 1448 070e 72785269 		.ascii	"rxRingBufSize\000"
 1448      6E674275 
 1448      6653697A 
 1448      6500
 1449              	.LASF6:
 1450 071c 73686F72 		.ascii	"short unsigned int\000"
 1450      7420756E 
 1450      7369676E 
 1450      65642069 
 1450      6E7400
 1451              	.LASF67:
 1452 072f 64774368 		.ascii	"dwChSize\000"
 1452      53697A65 
 1452      00
 1453              	.LASF103:
 1454 0738 69706353 		.ascii	"ipcStructSize\000"
 1454      74727563 
 1454      7453697A 
 1454      6500
 1455              	.LASF42:
 1456 0746 63707573 		.ascii	"cpussIpc0Irq\000"
 1456      73497063 
 1456      30497271 
 1456      00
 1457              	.LASF85:
 1458 0753 6770696F 		.ascii	"gpioPrtCfgOffset\000"
 1458      50727443 
 1458      66674F66 
 1458      66736574 
 1458      00
 1459              	.LASF124:
 1460 0764 696E6974 		.ascii	"initKey\000"
 1460      4B657900 
 1461              	.LASF117:
 1462 076c 72784275 		.ascii	"rxBuf\000"
 1462      6600
 1463              	.LASF125:
 1464 0772 63795F73 		.ascii	"cy_stc_scb_uart_context_t\000"
 1464      74635F73 
 1464      63625F75 
 1464      6172745F 
 1464      636F6E74 
 1465              	.LASF44:
 1466 078c 63707573 		.ascii	"cpussNotConnectedIrq\000"
 1466      734E6F74 
 1466      436F6E6E 
 1466      65637465 
 1466      64497271 
 1467              	.LASF58:
 1468 07a1 666C6173 		.ascii	"flashWriteDelay\000"
 1468      68577269 
 1468      74654465 
 1468      6C617900 
 1469              	.LASF13:
 1470 07b1 75696E74 		.ascii	"uint8_t\000"
 1470      385F7400 
ARM GAS  C:\Users\guill\AppData\Local\Temp\ccrhu8oN.s 			page 36


 1471              	.LASF91:
 1472 07b9 63707573 		.ascii	"cpussCm4StatusOffset\000"
 1472      73436D34 
 1472      53746174 
 1472      75734F66 
 1472      66736574 
 1473              	.LASF84:
 1474 07ce 6770696F 		.ascii	"gpioPrtIntrCfgOffset\000"
 1474      50727449 
 1474      6E747243 
 1474      66674F66 
 1474      66736574 
 1475              	.LASF116:
 1476 07e3 72785269 		.ascii	"rxRingBufTail\000"
 1476      6E674275 
 1476      66546169 
 1476      6C00
 1477              	.LASF95:
 1478 07f1 63707573 		.ascii	"cpussTrimRomCtlOffset\000"
 1478      73547269 
 1478      6D526F6D 
 1478      43746C4F 
 1478      66667365 
 1479              	.LASF111:
 1480 0807 74785374 		.ascii	"txStatus\000"
 1480      61747573 
 1480      00
 1481              	.LASF31:
 1482 0810 64775665 		.ascii	"dwVersion\000"
 1482      7273696F 
 1482      6E00
 1483              	.LASF27:
 1484 081a 69706342 		.ascii	"ipcBase\000"
 1484      61736500 
 1485              	.LASF78:
 1486 0822 70657269 		.ascii	"periDivCmdPaDivSelPos\000"
 1486      44697643 
 1486      6D645061 
 1486      44697653 
 1486      656C506F 
 1487              	.LASF133:
 1488 0838 63795F73 		.ascii	"cy_stc_scb_uart_context\000"
 1488      74635F73 
 1488      63625F75 
 1488      6172745F 
 1488      636F6E74 
 1489              	.LASF56:
 1490 0850 666C6173 		.ascii	"flashRwwRequired\000"
 1490      68527777 
 1490      52657175 
 1490      69726564 
 1490      00
 1491              		.ident	"GCC: (GNU Tools for ARM Embedded Processors) 5.4.1 20160609 (release) [ARM/embedded-5-bran
