ARM GAS  C:\Users\guill\AppData\Local\Temp\cctLB7oK.s 			page 1


   1              		.syntax unified
   2              		.cpu cortex-m0plus
   3              		.fpu softvfp
   4              		.eabi_attribute 20, 1
   5              		.eabi_attribute 21, 1
   6              		.eabi_attribute 23, 3
   7              		.eabi_attribute 24, 1
   8              		.eabi_attribute 25, 1
   9              		.eabi_attribute 26, 1
  10              		.eabi_attribute 30, 1
  11              		.eabi_attribute 34, 0
  12              		.eabi_attribute 18, 4
  13              		.thumb
  14              		.syntax unified
  15              		.file	"main_cm0p.c"
  16              		.text
  17              	.Ltext0:
  18              		.cfi_sections	.debug_frame
  19              		.section	.text.main,"ax",%progbits
  20              		.align	2
  21              		.global	main
  22              		.code	16
  23              		.thumb_func
  24              		.type	main, %function
  25              	main:
  26              	.LFB473:
  27              		.file 1 "main_cm0p.c"
   1:main_cm0p.c   **** /* ========================================
   2:main_cm0p.c   ****  *
   3:main_cm0p.c   ****  * Copyright YOUR COMPANY, THE YEAR
   4:main_cm0p.c   ****  * All Rights Reserved
   5:main_cm0p.c   ****  * UNPUBLISHED, LICENSED SOFTWARE.
   6:main_cm0p.c   ****  *
   7:main_cm0p.c   ****  * CONFIDENTIAL AND PROPRIETARY INFORMATION
   8:main_cm0p.c   ****  * WHICH IS THE PROPERTY OF your company.
   9:main_cm0p.c   ****  *
  10:main_cm0p.c   ****  * ========================================
  11:main_cm0p.c   **** */
  12:main_cm0p.c   **** #include "project.h"
  13:main_cm0p.c   **** 
  14:main_cm0p.c   **** int main(void)
  15:main_cm0p.c   **** {
  28              		.loc 1 15 0
  29              		.cfi_startproc
  30              		@ Volatile: function does not return.
  31              		@ args = 0, pretend = 0, frame = 0
  32              		@ frame_needed = 0, uses_anonymous_args = 0
  33 0000 10B5     		push	{r4, lr}
  34              		.cfi_def_cfa_offset 8
  35              		.cfi_offset 4, -8
  36              		.cfi_offset 14, -4
  37              	.LBB4:
  38              	.LBB5:
  39              		.file 2 "Generated_Source\\PSoC6\\pdl\\cmsis/include/cmsis_gcc.h"
   1:Generated_Source\PSoC6\pdl\cmsis/include/cmsis_gcc.h **** /**************************************************************************//**
   2:Generated_Source\PSoC6\pdl\cmsis/include/cmsis_gcc.h ****  * @file     cmsis_gcc.h
   3:Generated_Source\PSoC6\pdl\cmsis/include/cmsis_gcc.h ****  * @brief    CMSIS compiler GCC header file
ARM GAS  C:\Users\guill\AppData\Local\Temp\cctLB7oK.s 			page 2


   4:Generated_Source\PSoC6\pdl\cmsis/include/cmsis_gcc.h ****  * @version  V5.0.3
   5:Generated_Source\PSoC6\pdl\cmsis/include/cmsis_gcc.h ****  * @date     16. January 2018
   6:Generated_Source\PSoC6\pdl\cmsis/include/cmsis_gcc.h ****  ******************************************************************************/
   7:Generated_Source\PSoC6\pdl\cmsis/include/cmsis_gcc.h **** /*
   8:Generated_Source\PSoC6\pdl\cmsis/include/cmsis_gcc.h ****  * Copyright (c) 2009-2017 ARM Limited. All rights reserved.
   9:Generated_Source\PSoC6\pdl\cmsis/include/cmsis_gcc.h ****  *
  10:Generated_Source\PSoC6\pdl\cmsis/include/cmsis_gcc.h ****  * SPDX-License-Identifier: Apache-2.0
  11:Generated_Source\PSoC6\pdl\cmsis/include/cmsis_gcc.h ****  *
  12:Generated_Source\PSoC6\pdl\cmsis/include/cmsis_gcc.h ****  * Licensed under the Apache License, Version 2.0 (the License); you may
  13:Generated_Source\PSoC6\pdl\cmsis/include/cmsis_gcc.h ****  * not use this file except in compliance with the License.
  14:Generated_Source\PSoC6\pdl\cmsis/include/cmsis_gcc.h ****  * You may obtain a copy of the License at
  15:Generated_Source\PSoC6\pdl\cmsis/include/cmsis_gcc.h ****  *
  16:Generated_Source\PSoC6\pdl\cmsis/include/cmsis_gcc.h ****  * www.apache.org/licenses/LICENSE-2.0
  17:Generated_Source\PSoC6\pdl\cmsis/include/cmsis_gcc.h ****  *
  18:Generated_Source\PSoC6\pdl\cmsis/include/cmsis_gcc.h ****  * Unless required by applicable law or agreed to in writing, software
  19:Generated_Source\PSoC6\pdl\cmsis/include/cmsis_gcc.h ****  * distributed under the License is distributed on an AS IS BASIS, WITHOUT
  20:Generated_Source\PSoC6\pdl\cmsis/include/cmsis_gcc.h ****  * WARRANTIES OR CONDITIONS OF ANY KIND, either express or implied.
  21:Generated_Source\PSoC6\pdl\cmsis/include/cmsis_gcc.h ****  * See the License for the specific language governing permissions and
  22:Generated_Source\PSoC6\pdl\cmsis/include/cmsis_gcc.h ****  * limitations under the License.
  23:Generated_Source\PSoC6\pdl\cmsis/include/cmsis_gcc.h ****  */
  24:Generated_Source\PSoC6\pdl\cmsis/include/cmsis_gcc.h **** 
  25:Generated_Source\PSoC6\pdl\cmsis/include/cmsis_gcc.h **** #ifndef __CMSIS_GCC_H
  26:Generated_Source\PSoC6\pdl\cmsis/include/cmsis_gcc.h **** #define __CMSIS_GCC_H
  27:Generated_Source\PSoC6\pdl\cmsis/include/cmsis_gcc.h **** 
  28:Generated_Source\PSoC6\pdl\cmsis/include/cmsis_gcc.h **** /* ignore some GCC warnings */
  29:Generated_Source\PSoC6\pdl\cmsis/include/cmsis_gcc.h **** #pragma GCC diagnostic push
  30:Generated_Source\PSoC6\pdl\cmsis/include/cmsis_gcc.h **** #pragma GCC diagnostic ignored "-Wsign-conversion"
  31:Generated_Source\PSoC6\pdl\cmsis/include/cmsis_gcc.h **** #pragma GCC diagnostic ignored "-Wconversion"
  32:Generated_Source\PSoC6\pdl\cmsis/include/cmsis_gcc.h **** #pragma GCC diagnostic ignored "-Wunused-parameter"
  33:Generated_Source\PSoC6\pdl\cmsis/include/cmsis_gcc.h **** 
  34:Generated_Source\PSoC6\pdl\cmsis/include/cmsis_gcc.h **** /* Fallback for __has_builtin */
  35:Generated_Source\PSoC6\pdl\cmsis/include/cmsis_gcc.h **** #ifndef __has_builtin
  36:Generated_Source\PSoC6\pdl\cmsis/include/cmsis_gcc.h ****   #define __has_builtin(x) (0)
  37:Generated_Source\PSoC6\pdl\cmsis/include/cmsis_gcc.h **** #endif
  38:Generated_Source\PSoC6\pdl\cmsis/include/cmsis_gcc.h **** 
  39:Generated_Source\PSoC6\pdl\cmsis/include/cmsis_gcc.h **** /* CMSIS compiler specific defines */
  40:Generated_Source\PSoC6\pdl\cmsis/include/cmsis_gcc.h **** #ifndef   __ASM
  41:Generated_Source\PSoC6\pdl\cmsis/include/cmsis_gcc.h ****   #define __ASM                                  __asm
  42:Generated_Source\PSoC6\pdl\cmsis/include/cmsis_gcc.h **** #endif
  43:Generated_Source\PSoC6\pdl\cmsis/include/cmsis_gcc.h **** #ifndef   __INLINE
  44:Generated_Source\PSoC6\pdl\cmsis/include/cmsis_gcc.h ****   #define __INLINE                               inline
  45:Generated_Source\PSoC6\pdl\cmsis/include/cmsis_gcc.h **** #endif
  46:Generated_Source\PSoC6\pdl\cmsis/include/cmsis_gcc.h **** #ifndef   __STATIC_INLINE
  47:Generated_Source\PSoC6\pdl\cmsis/include/cmsis_gcc.h ****   #define __STATIC_INLINE                        static inline
  48:Generated_Source\PSoC6\pdl\cmsis/include/cmsis_gcc.h **** #endif
  49:Generated_Source\PSoC6\pdl\cmsis/include/cmsis_gcc.h **** #ifndef   __STATIC_FORCEINLINE                 
  50:Generated_Source\PSoC6\pdl\cmsis/include/cmsis_gcc.h ****   #define __STATIC_FORCEINLINE                   __attribute__((always_inline)) static inline
  51:Generated_Source\PSoC6\pdl\cmsis/include/cmsis_gcc.h **** #endif                                           
  52:Generated_Source\PSoC6\pdl\cmsis/include/cmsis_gcc.h **** #ifndef   __NO_RETURN
  53:Generated_Source\PSoC6\pdl\cmsis/include/cmsis_gcc.h ****   #define __NO_RETURN                            __attribute__((__noreturn__))
  54:Generated_Source\PSoC6\pdl\cmsis/include/cmsis_gcc.h **** #endif
  55:Generated_Source\PSoC6\pdl\cmsis/include/cmsis_gcc.h **** #ifndef   __USED
  56:Generated_Source\PSoC6\pdl\cmsis/include/cmsis_gcc.h ****   #define __USED                                 __attribute__((used))
  57:Generated_Source\PSoC6\pdl\cmsis/include/cmsis_gcc.h **** #endif
  58:Generated_Source\PSoC6\pdl\cmsis/include/cmsis_gcc.h **** #ifndef   __WEAK
  59:Generated_Source\PSoC6\pdl\cmsis/include/cmsis_gcc.h ****   #define __WEAK                                 __attribute__((weak))
  60:Generated_Source\PSoC6\pdl\cmsis/include/cmsis_gcc.h **** #endif
ARM GAS  C:\Users\guill\AppData\Local\Temp\cctLB7oK.s 			page 3


  61:Generated_Source\PSoC6\pdl\cmsis/include/cmsis_gcc.h **** #ifndef   __PACKED
  62:Generated_Source\PSoC6\pdl\cmsis/include/cmsis_gcc.h ****   #define __PACKED                               __attribute__((packed, aligned(1)))
  63:Generated_Source\PSoC6\pdl\cmsis/include/cmsis_gcc.h **** #endif
  64:Generated_Source\PSoC6\pdl\cmsis/include/cmsis_gcc.h **** #ifndef   __PACKED_STRUCT
  65:Generated_Source\PSoC6\pdl\cmsis/include/cmsis_gcc.h ****   #define __PACKED_STRUCT                        struct __attribute__((packed, aligned(1)))
  66:Generated_Source\PSoC6\pdl\cmsis/include/cmsis_gcc.h **** #endif
  67:Generated_Source\PSoC6\pdl\cmsis/include/cmsis_gcc.h **** #ifndef   __PACKED_UNION
  68:Generated_Source\PSoC6\pdl\cmsis/include/cmsis_gcc.h ****   #define __PACKED_UNION                         union __attribute__((packed, aligned(1)))
  69:Generated_Source\PSoC6\pdl\cmsis/include/cmsis_gcc.h **** #endif
  70:Generated_Source\PSoC6\pdl\cmsis/include/cmsis_gcc.h **** #ifndef   __UNALIGNED_UINT32        /* deprecated */
  71:Generated_Source\PSoC6\pdl\cmsis/include/cmsis_gcc.h ****   #pragma GCC diagnostic push
  72:Generated_Source\PSoC6\pdl\cmsis/include/cmsis_gcc.h ****   #pragma GCC diagnostic ignored "-Wpacked"
  73:Generated_Source\PSoC6\pdl\cmsis/include/cmsis_gcc.h ****   #pragma GCC diagnostic ignored "-Wattributes"
  74:Generated_Source\PSoC6\pdl\cmsis/include/cmsis_gcc.h ****   struct __attribute__((packed)) T_UINT32 { uint32_t v; };
  75:Generated_Source\PSoC6\pdl\cmsis/include/cmsis_gcc.h ****   #pragma GCC diagnostic pop
  76:Generated_Source\PSoC6\pdl\cmsis/include/cmsis_gcc.h ****   #define __UNALIGNED_UINT32(x)                  (((struct T_UINT32 *)(x))->v)
  77:Generated_Source\PSoC6\pdl\cmsis/include/cmsis_gcc.h **** #endif
  78:Generated_Source\PSoC6\pdl\cmsis/include/cmsis_gcc.h **** #ifndef   __UNALIGNED_UINT16_WRITE
  79:Generated_Source\PSoC6\pdl\cmsis/include/cmsis_gcc.h ****   #pragma GCC diagnostic push
  80:Generated_Source\PSoC6\pdl\cmsis/include/cmsis_gcc.h ****   #pragma GCC diagnostic ignored "-Wpacked"
  81:Generated_Source\PSoC6\pdl\cmsis/include/cmsis_gcc.h ****   #pragma GCC diagnostic ignored "-Wattributes"
  82:Generated_Source\PSoC6\pdl\cmsis/include/cmsis_gcc.h ****   __PACKED_STRUCT T_UINT16_WRITE { uint16_t v; };
  83:Generated_Source\PSoC6\pdl\cmsis/include/cmsis_gcc.h ****   #pragma GCC diagnostic pop
  84:Generated_Source\PSoC6\pdl\cmsis/include/cmsis_gcc.h ****   #define __UNALIGNED_UINT16_WRITE(addr, val)    (void)((((struct T_UINT16_WRITE *)(void *)(addr))-
  85:Generated_Source\PSoC6\pdl\cmsis/include/cmsis_gcc.h **** #endif
  86:Generated_Source\PSoC6\pdl\cmsis/include/cmsis_gcc.h **** #ifndef   __UNALIGNED_UINT16_READ
  87:Generated_Source\PSoC6\pdl\cmsis/include/cmsis_gcc.h ****   #pragma GCC diagnostic push
  88:Generated_Source\PSoC6\pdl\cmsis/include/cmsis_gcc.h ****   #pragma GCC diagnostic ignored "-Wpacked"
  89:Generated_Source\PSoC6\pdl\cmsis/include/cmsis_gcc.h ****   #pragma GCC diagnostic ignored "-Wattributes"
  90:Generated_Source\PSoC6\pdl\cmsis/include/cmsis_gcc.h ****   __PACKED_STRUCT T_UINT16_READ { uint16_t v; };
  91:Generated_Source\PSoC6\pdl\cmsis/include/cmsis_gcc.h ****   #pragma GCC diagnostic pop
  92:Generated_Source\PSoC6\pdl\cmsis/include/cmsis_gcc.h ****   #define __UNALIGNED_UINT16_READ(addr)          (((const struct T_UINT16_READ *)(const void *)(add
  93:Generated_Source\PSoC6\pdl\cmsis/include/cmsis_gcc.h **** #endif
  94:Generated_Source\PSoC6\pdl\cmsis/include/cmsis_gcc.h **** #ifndef   __UNALIGNED_UINT32_WRITE
  95:Generated_Source\PSoC6\pdl\cmsis/include/cmsis_gcc.h ****   #pragma GCC diagnostic push
  96:Generated_Source\PSoC6\pdl\cmsis/include/cmsis_gcc.h ****   #pragma GCC diagnostic ignored "-Wpacked"
  97:Generated_Source\PSoC6\pdl\cmsis/include/cmsis_gcc.h ****   #pragma GCC diagnostic ignored "-Wattributes"
  98:Generated_Source\PSoC6\pdl\cmsis/include/cmsis_gcc.h ****   __PACKED_STRUCT T_UINT32_WRITE { uint32_t v; };
  99:Generated_Source\PSoC6\pdl\cmsis/include/cmsis_gcc.h ****   #pragma GCC diagnostic pop
 100:Generated_Source\PSoC6\pdl\cmsis/include/cmsis_gcc.h ****   #define __UNALIGNED_UINT32_WRITE(addr, val)    (void)((((struct T_UINT32_WRITE *)(void *)(addr))-
 101:Generated_Source\PSoC6\pdl\cmsis/include/cmsis_gcc.h **** #endif
 102:Generated_Source\PSoC6\pdl\cmsis/include/cmsis_gcc.h **** #ifndef   __UNALIGNED_UINT32_READ
 103:Generated_Source\PSoC6\pdl\cmsis/include/cmsis_gcc.h ****   #pragma GCC diagnostic push
 104:Generated_Source\PSoC6\pdl\cmsis/include/cmsis_gcc.h ****   #pragma GCC diagnostic ignored "-Wpacked"
 105:Generated_Source\PSoC6\pdl\cmsis/include/cmsis_gcc.h ****   #pragma GCC diagnostic ignored "-Wattributes"
 106:Generated_Source\PSoC6\pdl\cmsis/include/cmsis_gcc.h ****   __PACKED_STRUCT T_UINT32_READ { uint32_t v; };
 107:Generated_Source\PSoC6\pdl\cmsis/include/cmsis_gcc.h ****   #pragma GCC diagnostic pop
 108:Generated_Source\PSoC6\pdl\cmsis/include/cmsis_gcc.h ****   #define __UNALIGNED_UINT32_READ(addr)          (((const struct T_UINT32_READ *)(const void *)(add
 109:Generated_Source\PSoC6\pdl\cmsis/include/cmsis_gcc.h **** #endif
 110:Generated_Source\PSoC6\pdl\cmsis/include/cmsis_gcc.h **** #ifndef   __ALIGNED
 111:Generated_Source\PSoC6\pdl\cmsis/include/cmsis_gcc.h ****   #define __ALIGNED(x)                           __attribute__((aligned(x)))
 112:Generated_Source\PSoC6\pdl\cmsis/include/cmsis_gcc.h **** #endif
 113:Generated_Source\PSoC6\pdl\cmsis/include/cmsis_gcc.h **** #ifndef   __RESTRICT
 114:Generated_Source\PSoC6\pdl\cmsis/include/cmsis_gcc.h ****   #define __RESTRICT                             __restrict
 115:Generated_Source\PSoC6\pdl\cmsis/include/cmsis_gcc.h **** #endif
 116:Generated_Source\PSoC6\pdl\cmsis/include/cmsis_gcc.h **** 
 117:Generated_Source\PSoC6\pdl\cmsis/include/cmsis_gcc.h **** 
ARM GAS  C:\Users\guill\AppData\Local\Temp\cctLB7oK.s 			page 4


 118:Generated_Source\PSoC6\pdl\cmsis/include/cmsis_gcc.h **** /* ###########################  Core Function Access  ########################### */
 119:Generated_Source\PSoC6\pdl\cmsis/include/cmsis_gcc.h **** /** \ingroup  CMSIS_Core_FunctionInterface
 120:Generated_Source\PSoC6\pdl\cmsis/include/cmsis_gcc.h ****     \defgroup CMSIS_Core_RegAccFunctions CMSIS Core Register Access Functions
 121:Generated_Source\PSoC6\pdl\cmsis/include/cmsis_gcc.h ****   @{
 122:Generated_Source\PSoC6\pdl\cmsis/include/cmsis_gcc.h ****  */
 123:Generated_Source\PSoC6\pdl\cmsis/include/cmsis_gcc.h **** 
 124:Generated_Source\PSoC6\pdl\cmsis/include/cmsis_gcc.h **** /**
 125:Generated_Source\PSoC6\pdl\cmsis/include/cmsis_gcc.h ****   \brief   Enable IRQ Interrupts
 126:Generated_Source\PSoC6\pdl\cmsis/include/cmsis_gcc.h ****   \details Enables IRQ interrupts by clearing the I-bit in the CPSR.
 127:Generated_Source\PSoC6\pdl\cmsis/include/cmsis_gcc.h ****            Can only be executed in Privileged modes.
 128:Generated_Source\PSoC6\pdl\cmsis/include/cmsis_gcc.h ****  */
 129:Generated_Source\PSoC6\pdl\cmsis/include/cmsis_gcc.h **** __STATIC_FORCEINLINE void __enable_irq(void)
 130:Generated_Source\PSoC6\pdl\cmsis/include/cmsis_gcc.h **** {
 131:Generated_Source\PSoC6\pdl\cmsis/include/cmsis_gcc.h ****   __ASM volatile ("cpsie i" : : : "memory");
  40              		.loc 2 131 0
  41              		.syntax divided
  42              	@ 131 "Generated_Source\PSoC6\pdl\cmsis/include/cmsis_gcc.h" 1
  43 0002 62B6     		cpsie i
  44              	@ 0 "" 2
  45              		.thumb
  46              		.syntax unified
  47              	.LBE5:
  48              	.LBE4:
  16:main_cm0p.c   ****     __enable_irq(); /* Enable global interrupts. */
  17:main_cm0p.c   ****     /* Enable CM4.  CY_CORTEX_M4_APPL_ADDR must be updated if CM4 memory layout is changed. */
  18:main_cm0p.c   ****     Cy_SysEnableCM4(CY_CORTEX_M4_APPL_ADDR); 
  49              		.loc 1 18 0
  50 0004 0148     		ldr	r0, .L3
  51 0006 FFF7FEFF 		bl	Cy_SysEnableCM4
  52              	.LVL0:
  53              	.L2:
  54 000a FEE7     		b	.L2
  55              	.L4:
  56              		.align	2
  57              	.L3:
  58 000c 00000810 		.word	268959744
  59              		.cfi_endproc
  60              	.LFE473:
  61              		.size	main, .-main
  62              		.text
  63              	.Letext0:
  64              		.file 3 "c:\\program files (x86)\\cypress\\psoc creator\\4.4\\psoc creator\\import\\gnu\\arm\\5.4.
  65              		.file 4 "c:\\program files (x86)\\cypress\\psoc creator\\4.4\\psoc creator\\import\\gnu\\arm\\5.4.
  66              		.file 5 "Generated_Source\\PSoC6\\pdl\\drivers/peripheral/device/cy_device.h"
  67              		.file 6 "Generated_Source\\PSoC6\\pdl\\drivers/peripheral/scb/cy_scb_uart.h"
  68              		.file 7 "Generated_Source\\PSoC6\\pdl\\drivers/peripheral/tcpwm/cy_tcpwm_pwm.h"
  69              		.file 8 "Generated_Source\\PSoC6/PWM.h"
  70              		.file 9 "Generated_Source\\PSoC6/UART.h"
  71              		.file 10 "./system_psoc6.h"
  72              		.section	.debug_info,"",%progbits
  73              	.Ldebug_info0:
  74 0000 BF070000 		.4byte	0x7bf
  75 0004 0400     		.2byte	0x4
  76 0006 00000000 		.4byte	.Ldebug_abbrev0
  77 000a 04       		.byte	0x4
  78 000b 01       		.uleb128 0x1
  79 000c A2060000 		.4byte	.LASF157
ARM GAS  C:\Users\guill\AppData\Local\Temp\cctLB7oK.s 			page 5


  80 0010 0C       		.byte	0xc
  81 0011 8C000000 		.4byte	.LASF158
  82 0015 9C070000 		.4byte	.LASF159
  83 0019 00000000 		.4byte	.Ldebug_ranges0+0
  84 001d 00000000 		.4byte	0
  85 0021 00000000 		.4byte	.Ldebug_line0
  86 0025 02       		.uleb128 0x2
  87 0026 02       		.byte	0x2
  88 0027 05       		.byte	0x5
  89 0028 19060000 		.4byte	.LASF0
  90 002c 02       		.uleb128 0x2
  91 002d 01       		.byte	0x1
  92 002e 08       		.byte	0x8
  93 002f F7050000 		.4byte	.LASF1
  94 0033 02       		.uleb128 0x2
  95 0034 01       		.byte	0x1
  96 0035 06       		.byte	0x6
  97 0036 9A010000 		.4byte	.LASF2
  98 003a 03       		.uleb128 0x3
  99 003b B3000000 		.4byte	.LASF3
 100 003f 03       		.byte	0x3
 101 0040 1D       		.byte	0x1d
 102 0041 2C000000 		.4byte	0x2c
 103 0045 03       		.uleb128 0x3
 104 0046 E7020000 		.4byte	.LASF4
 105 004a 03       		.byte	0x3
 106 004b 29       		.byte	0x29
 107 004c 25000000 		.4byte	0x25
 108 0050 03       		.uleb128 0x3
 109 0051 73070000 		.4byte	.LASF5
 110 0055 03       		.byte	0x3
 111 0056 2B       		.byte	0x2b
 112 0057 5B000000 		.4byte	0x5b
 113 005b 02       		.uleb128 0x2
 114 005c 02       		.byte	0x2
 115 005d 07       		.byte	0x7
 116 005e F6070000 		.4byte	.LASF6
 117 0062 02       		.uleb128 0x2
 118 0063 04       		.byte	0x4
 119 0064 05       		.byte	0x5
 120 0065 26020000 		.4byte	.LASF7
 121 0069 03       		.uleb128 0x3
 122 006a CC020000 		.4byte	.LASF8
 123 006e 03       		.byte	0x3
 124 006f 41       		.byte	0x41
 125 0070 74000000 		.4byte	0x74
 126 0074 02       		.uleb128 0x2
 127 0075 04       		.byte	0x4
 128 0076 07       		.byte	0x7
 129 0077 86030000 		.4byte	.LASF9
 130 007b 02       		.uleb128 0x2
 131 007c 08       		.byte	0x8
 132 007d 05       		.byte	0x5
 133 007e 8C010000 		.4byte	.LASF10
 134 0082 02       		.uleb128 0x2
 135 0083 08       		.byte	0x8
 136 0084 07       		.byte	0x7
ARM GAS  C:\Users\guill\AppData\Local\Temp\cctLB7oK.s 			page 6


 137 0085 02010000 		.4byte	.LASF11
 138 0089 04       		.uleb128 0x4
 139 008a 04       		.byte	0x4
 140 008b 05       		.byte	0x5
 141 008c 696E7400 		.ascii	"int\000"
 142 0090 02       		.uleb128 0x2
 143 0091 04       		.byte	0x4
 144 0092 07       		.byte	0x7
 145 0093 4A030000 		.4byte	.LASF12
 146 0097 03       		.uleb128 0x3
 147 0098 D8080000 		.4byte	.LASF13
 148 009c 04       		.byte	0x4
 149 009d 18       		.byte	0x18
 150 009e 3A000000 		.4byte	0x3a
 151 00a2 03       		.uleb128 0x3
 152 00a3 84010000 		.4byte	.LASF14
 153 00a7 04       		.byte	0x4
 154 00a8 20       		.byte	0x20
 155 00a9 45000000 		.4byte	0x45
 156 00ad 03       		.uleb128 0x3
 157 00ae 57030000 		.4byte	.LASF15
 158 00b2 04       		.byte	0x4
 159 00b3 24       		.byte	0x24
 160 00b4 50000000 		.4byte	0x50
 161 00b8 03       		.uleb128 0x3
 162 00b9 84060000 		.4byte	.LASF16
 163 00bd 04       		.byte	0x4
 164 00be 30       		.byte	0x30
 165 00bf 69000000 		.4byte	0x69
 166 00c3 02       		.uleb128 0x2
 167 00c4 04       		.byte	0x4
 168 00c5 07       		.byte	0x7
 169 00c6 F3040000 		.4byte	.LASF17
 170 00ca 05       		.uleb128 0x5
 171 00cb B8000000 		.4byte	0xb8
 172 00cf 02       		.uleb128 0x2
 173 00d0 08       		.byte	0x8
 174 00d1 04       		.byte	0x4
 175 00d2 3D070000 		.4byte	.LASF18
 176 00d6 06       		.uleb128 0x6
 177 00d7 B8       		.byte	0xb8
 178 00d8 05       		.byte	0x5
 179 00d9 34       		.byte	0x34
 180 00da E7040000 		.4byte	0x4e7
 181 00de 07       		.uleb128 0x7
 182 00df E9000000 		.4byte	.LASF19
 183 00e3 05       		.byte	0x5
 184 00e4 37       		.byte	0x37
 185 00e5 B8000000 		.4byte	0xb8
 186 00e9 00       		.byte	0
 187 00ea 07       		.uleb128 0x7
 188 00eb C1020000 		.4byte	.LASF20
 189 00ef 05       		.byte	0x5
 190 00f0 38       		.byte	0x38
 191 00f1 B8000000 		.4byte	0xb8
 192 00f5 04       		.byte	0x4
 193 00f6 07       		.uleb128 0x7
ARM GAS  C:\Users\guill\AppData\Local\Temp\cctLB7oK.s 			page 7


 194 00f7 3D020000 		.4byte	.LASF21
 195 00fb 05       		.byte	0x5
 196 00fc 39       		.byte	0x39
 197 00fd B8000000 		.4byte	0xb8
 198 0101 08       		.byte	0x8
 199 0102 07       		.uleb128 0x7
 200 0103 E9050000 		.4byte	.LASF22
 201 0107 05       		.byte	0x5
 202 0108 3A       		.byte	0x3a
 203 0109 B8000000 		.4byte	0xb8
 204 010d 0C       		.byte	0xc
 205 010e 07       		.uleb128 0x7
 206 010f CC010000 		.4byte	.LASF23
 207 0113 05       		.byte	0x5
 208 0114 3B       		.byte	0x3b
 209 0115 B8000000 		.4byte	0xb8
 210 0119 10       		.byte	0x10
 211 011a 07       		.uleb128 0x7
 212 011b 04020000 		.4byte	.LASF24
 213 011f 05       		.byte	0x5
 214 0120 3C       		.byte	0x3c
 215 0121 B8000000 		.4byte	0xb8
 216 0125 14       		.byte	0x14
 217 0126 07       		.uleb128 0x7
 218 0127 E1030000 		.4byte	.LASF25
 219 012b 05       		.byte	0x5
 220 012c 3D       		.byte	0x3d
 221 012d B8000000 		.4byte	0xb8
 222 0131 18       		.byte	0x18
 223 0132 07       		.uleb128 0x7
 224 0133 83000000 		.4byte	.LASF26
 225 0137 05       		.byte	0x5
 226 0138 3E       		.byte	0x3e
 227 0139 B8000000 		.4byte	0xb8
 228 013d 1C       		.byte	0x1c
 229 013e 07       		.uleb128 0x7
 230 013f 71090000 		.4byte	.LASF27
 231 0143 05       		.byte	0x5
 232 0144 3F       		.byte	0x3f
 233 0145 B8000000 		.4byte	0xb8
 234 0149 20       		.byte	0x20
 235 014a 07       		.uleb128 0x7
 236 014b 70050000 		.4byte	.LASF28
 237 014f 05       		.byte	0x5
 238 0150 40       		.byte	0x40
 239 0151 B8000000 		.4byte	0xb8
 240 0155 24       		.byte	0x24
 241 0156 07       		.uleb128 0x7
 242 0157 C5040000 		.4byte	.LASF29
 243 015b 05       		.byte	0x5
 244 015c 43       		.byte	0x43
 245 015d 97000000 		.4byte	0x97
 246 0161 28       		.byte	0x28
 247 0162 07       		.uleb128 0x7
 248 0163 69000000 		.4byte	.LASF30
 249 0167 05       		.byte	0x5
 250 0168 44       		.byte	0x44
ARM GAS  C:\Users\guill\AppData\Local\Temp\cctLB7oK.s 			page 8


 251 0169 97000000 		.4byte	0x97
 252 016d 29       		.byte	0x29
 253 016e 07       		.uleb128 0x7
 254 016f 67090000 		.4byte	.LASF31
 255 0173 05       		.byte	0x5
 256 0174 45       		.byte	0x45
 257 0175 97000000 		.4byte	0x97
 258 0179 2A       		.byte	0x2a
 259 017a 07       		.uleb128 0x7
 260 017b 62050000 		.4byte	.LASF32
 261 017f 05       		.byte	0x5
 262 0180 46       		.byte	0x46
 263 0181 97000000 		.4byte	0x97
 264 0185 2B       		.byte	0x2b
 265 0186 07       		.uleb128 0x7
 266 0187 5E040000 		.4byte	.LASF33
 267 018b 05       		.byte	0x5
 268 018c 47       		.byte	0x47
 269 018d 97000000 		.4byte	0x97
 270 0191 2C       		.byte	0x2c
 271 0192 07       		.uleb128 0x7
 272 0193 46020000 		.4byte	.LASF34
 273 0197 05       		.byte	0x5
 274 0198 48       		.byte	0x48
 275 0199 97000000 		.4byte	0x97
 276 019d 2D       		.byte	0x2d
 277 019e 07       		.uleb128 0x7
 278 019f D5010000 		.4byte	.LASF35
 279 01a3 05       		.byte	0x5
 280 01a4 49       		.byte	0x49
 281 01a5 97000000 		.4byte	0x97
 282 01a9 2E       		.byte	0x2e
 283 01aa 07       		.uleb128 0x7
 284 01ab D2040000 		.4byte	.LASF36
 285 01af 05       		.byte	0x5
 286 01b0 4A       		.byte	0x4a
 287 01b1 97000000 		.4byte	0x97
 288 01b5 2F       		.byte	0x2f
 289 01b6 07       		.uleb128 0x7
 290 01b7 59070000 		.4byte	.LASF37
 291 01bb 05       		.byte	0x5
 292 01bc 4B       		.byte	0x4b
 293 01bd 97000000 		.4byte	0x97
 294 01c1 30       		.byte	0x30
 295 01c2 07       		.uleb128 0x7
 296 01c3 D6030000 		.4byte	.LASF38
 297 01c7 05       		.byte	0x5
 298 01c8 4E       		.byte	0x4e
 299 01c9 97000000 		.4byte	0x97
 300 01cd 31       		.byte	0x31
 301 01ce 07       		.uleb128 0x7
 302 01cf A5000000 		.4byte	.LASF39
 303 01d3 05       		.byte	0x5
 304 01d4 4F       		.byte	0x4f
 305 01d5 97000000 		.4byte	0x97
 306 01d9 32       		.byte	0x32
 307 01da 07       		.uleb128 0x7
ARM GAS  C:\Users\guill\AppData\Local\Temp\cctLB7oK.s 			page 9


 308 01db 3E030000 		.4byte	.LASF40
 309 01df 05       		.byte	0x5
 310 01e0 50       		.byte	0x50
 311 01e1 97000000 		.4byte	0x97
 312 01e5 33       		.byte	0x33
 313 01e6 07       		.uleb128 0x7
 314 01e7 07050000 		.4byte	.LASF41
 315 01eb 05       		.byte	0x5
 316 01ec 51       		.byte	0x51
 317 01ed 97000000 		.4byte	0x97
 318 01f1 34       		.byte	0x34
 319 01f2 07       		.uleb128 0x7
 320 01f3 2F080000 		.4byte	.LASF42
 321 01f7 05       		.byte	0x5
 322 01f8 52       		.byte	0x52
 323 01f9 A2000000 		.4byte	0xa2
 324 01fd 36       		.byte	0x36
 325 01fe 07       		.uleb128 0x7
 326 01ff 64020000 		.4byte	.LASF43
 327 0203 05       		.byte	0x5
 328 0204 53       		.byte	0x53
 329 0205 A2000000 		.4byte	0xa2
 330 0209 38       		.byte	0x38
 331 020a 07       		.uleb128 0x7
 332 020b A5080000 		.4byte	.LASF44
 333 020f 05       		.byte	0x5
 334 0210 54       		.byte	0x54
 335 0211 A2000000 		.4byte	0xa2
 336 0215 3A       		.byte	0x3a
 337 0216 07       		.uleb128 0x7
 338 0217 F5010000 		.4byte	.LASF45
 339 021b 05       		.byte	0x5
 340 021c 55       		.byte	0x55
 341 021d 97000000 		.4byte	0x97
 342 0221 3C       		.byte	0x3c
 343 0222 07       		.uleb128 0x7
 344 0223 8B020000 		.4byte	.LASF46
 345 0227 05       		.byte	0x5
 346 0228 56       		.byte	0x56
 347 0229 97000000 		.4byte	0x97
 348 022d 3D       		.byte	0x3d
 349 022e 07       		.uleb128 0x7
 350 022f 66060000 		.4byte	.LASF47
 351 0233 05       		.byte	0x5
 352 0234 57       		.byte	0x57
 353 0235 97000000 		.4byte	0x97
 354 0239 3E       		.byte	0x3e
 355 023a 07       		.uleb128 0x7
 356 023b 77000000 		.4byte	.LASF48
 357 023f 05       		.byte	0x5
 358 0240 58       		.byte	0x58
 359 0241 97000000 		.4byte	0x97
 360 0245 3F       		.byte	0x3f
 361 0246 07       		.uleb128 0x7
 362 0247 7B050000 		.4byte	.LASF49
 363 024b 05       		.byte	0x5
 364 024c 59       		.byte	0x59
ARM GAS  C:\Users\guill\AppData\Local\Temp\cctLB7oK.s 			page 10


 365 024d 97000000 		.4byte	0x97
 366 0251 40       		.byte	0x40
 367 0252 07       		.uleb128 0x7
 368 0253 D7020000 		.4byte	.LASF50
 369 0257 05       		.byte	0x5
 370 0258 5A       		.byte	0x5a
 371 0259 97000000 		.4byte	0x97
 372 025d 41       		.byte	0x41
 373 025e 07       		.uleb128 0x7
 374 025f EA030000 		.4byte	.LASF51
 375 0263 05       		.byte	0x5
 376 0264 5B       		.byte	0x5b
 377 0265 97000000 		.4byte	0x97
 378 0269 42       		.byte	0x42
 379 026a 07       		.uleb128 0x7
 380 026b 4E050000 		.4byte	.LASF52
 381 026f 05       		.byte	0x5
 382 0270 5C       		.byte	0x5c
 383 0271 97000000 		.4byte	0x97
 384 0275 43       		.byte	0x43
 385 0276 07       		.uleb128 0x7
 386 0277 53020000 		.4byte	.LASF53
 387 027b 05       		.byte	0x5
 388 027c 5D       		.byte	0x5d
 389 027d 97000000 		.4byte	0x97
 390 0281 44       		.byte	0x44
 391 0282 07       		.uleb128 0x7
 392 0283 00000000 		.4byte	.LASF54
 393 0287 05       		.byte	0x5
 394 0288 5E       		.byte	0x5e
 395 0289 B8000000 		.4byte	0xb8
 396 028d 48       		.byte	0x48
 397 028e 07       		.uleb128 0x7
 398 028f 2F020000 		.4byte	.LASF55
 399 0293 05       		.byte	0x5
 400 0294 5F       		.byte	0x5f
 401 0295 B8000000 		.4byte	0xb8
 402 0299 4C       		.byte	0x4c
 403 029a 07       		.uleb128 0x7
 404 029b A7090000 		.4byte	.LASF56
 405 029f 05       		.byte	0x5
 406 02a0 60       		.byte	0x60
 407 02a1 97000000 		.4byte	0x97
 408 02a5 50       		.byte	0x50
 409 02a6 07       		.uleb128 0x7
 410 02a7 5E010000 		.4byte	.LASF57
 411 02ab 05       		.byte	0x5
 412 02ac 61       		.byte	0x61
 413 02ad 97000000 		.4byte	0x97
 414 02b1 51       		.byte	0x51
 415 02b2 07       		.uleb128 0x7
 416 02b3 C8080000 		.4byte	.LASF58
 417 02b7 05       		.byte	0x5
 418 02b8 62       		.byte	0x62
 419 02b9 97000000 		.4byte	0x97
 420 02bd 52       		.byte	0x52
 421 02be 07       		.uleb128 0x7
ARM GAS  C:\Users\guill\AppData\Local\Temp\cctLB7oK.s 			page 11


 422 02bf CA070000 		.4byte	.LASF59
 423 02c3 05       		.byte	0x5
 424 02c4 63       		.byte	0x63
 425 02c5 97000000 		.4byte	0x97
 426 02c9 53       		.byte	0x53
 427 02ca 07       		.uleb128 0x7
 428 02cb 74060000 		.4byte	.LASF60
 429 02cf 05       		.byte	0x5
 430 02d0 64       		.byte	0x64
 431 02d1 97000000 		.4byte	0x97
 432 02d5 54       		.byte	0x54
 433 02d6 07       		.uleb128 0x7
 434 02d7 70010000 		.4byte	.LASF61
 435 02db 05       		.byte	0x5
 436 02dc 65       		.byte	0x65
 437 02dd 97000000 		.4byte	0x97
 438 02e1 55       		.byte	0x55
 439 02e2 07       		.uleb128 0x7
 440 02e3 72030000 		.4byte	.LASF62
 441 02e7 05       		.byte	0x5
 442 02e8 66       		.byte	0x66
 443 02e9 97000000 		.4byte	0x97
 444 02ed 56       		.byte	0x56
 445 02ee 07       		.uleb128 0x7
 446 02ef 37060000 		.4byte	.LASF63
 447 02f3 05       		.byte	0x5
 448 02f4 67       		.byte	0x67
 449 02f5 97000000 		.4byte	0x97
 450 02f9 57       		.byte	0x57
 451 02fa 07       		.uleb128 0x7
 452 02fb 24000000 		.4byte	.LASF64
 453 02ff 05       		.byte	0x5
 454 0300 68       		.byte	0x68
 455 0301 97000000 		.4byte	0x97
 456 0305 58       		.byte	0x58
 457 0306 07       		.uleb128 0x7
 458 0307 05060000 		.4byte	.LASF65
 459 030b 05       		.byte	0x5
 460 030c 69       		.byte	0x69
 461 030d 97000000 		.4byte	0x97
 462 0311 59       		.byte	0x59
 463 0312 07       		.uleb128 0x7
 464 0313 FC040000 		.4byte	.LASF66
 465 0317 05       		.byte	0x5
 466 0318 6E       		.byte	0x6e
 467 0319 AD000000 		.4byte	0xad
 468 031d 5A       		.byte	0x5a
 469 031e 07       		.uleb128 0x7
 470 031f 09080000 		.4byte	.LASF67
 471 0323 05       		.byte	0x5
 472 0324 6F       		.byte	0x6f
 473 0325 AD000000 		.4byte	0xad
 474 0329 5C       		.byte	0x5c
 475 032a 07       		.uleb128 0x7
 476 032b F3000000 		.4byte	.LASF68
 477 032f 05       		.byte	0x5
 478 0330 70       		.byte	0x70
ARM GAS  C:\Users\guill\AppData\Local\Temp\cctLB7oK.s 			page 12


 479 0331 97000000 		.4byte	0x97
 480 0335 5E       		.byte	0x5e
 481 0336 07       		.uleb128 0x7
 482 0337 CA050000 		.4byte	.LASF69
 483 033b 05       		.byte	0x5
 484 033c 71       		.byte	0x71
 485 033d 97000000 		.4byte	0x97
 486 0341 5F       		.byte	0x5f
 487 0342 07       		.uleb128 0x7
 488 0343 3D050000 		.4byte	.LASF70
 489 0347 05       		.byte	0x5
 490 0348 72       		.byte	0x72
 491 0349 97000000 		.4byte	0x97
 492 034d 60       		.byte	0x60
 493 034e 07       		.uleb128 0x7
 494 034f A3050000 		.4byte	.LASF71
 495 0353 05       		.byte	0x5
 496 0354 73       		.byte	0x73
 497 0355 B8000000 		.4byte	0xb8
 498 0359 64       		.byte	0x64
 499 035a 07       		.uleb128 0x7
 500 035b 28010000 		.4byte	.LASF72
 501 035f 05       		.byte	0x5
 502 0360 76       		.byte	0x76
 503 0361 AD000000 		.4byte	0xad
 504 0365 68       		.byte	0x68
 505 0366 07       		.uleb128 0x7
 506 0367 60030000 		.4byte	.LASF73
 507 036b 05       		.byte	0x5
 508 036c 77       		.byte	0x77
 509 036d AD000000 		.4byte	0xad
 510 0371 6A       		.byte	0x6a
 511 0372 07       		.uleb128 0x7
 512 0373 0D040000 		.4byte	.LASF74
 513 0377 05       		.byte	0x5
 514 0378 78       		.byte	0x78
 515 0379 AD000000 		.4byte	0xad
 516 037d 6C       		.byte	0x6c
 517 037e 07       		.uleb128 0x7
 518 037f 41040000 		.4byte	.LASF75
 519 0383 05       		.byte	0x5
 520 0384 79       		.byte	0x79
 521 0385 AD000000 		.4byte	0xad
 522 0389 6E       		.byte	0x6e
 523 038a 07       		.uleb128 0x7
 524 038b 23060000 		.4byte	.LASF76
 525 038f 05       		.byte	0x5
 526 0390 7B       		.byte	0x7b
 527 0391 97000000 		.4byte	0x97
 528 0395 70       		.byte	0x70
 529 0396 07       		.uleb128 0x7
 530 0397 A6010000 		.4byte	.LASF77
 531 039b 05       		.byte	0x5
 532 039c 7C       		.byte	0x7c
 533 039d 97000000 		.4byte	0x97
 534 03a1 71       		.byte	0x71
 535 03a2 07       		.uleb128 0x7
ARM GAS  C:\Users\guill\AppData\Local\Temp\cctLB7oK.s 			page 13


 536 03a3 79090000 		.4byte	.LASF78
 537 03a7 05       		.byte	0x5
 538 03a8 7D       		.byte	0x7d
 539 03a9 97000000 		.4byte	0x97
 540 03ad 72       		.byte	0x72
 541 03ae 07       		.uleb128 0x7
 542 03af 18050000 		.4byte	.LASF79
 543 03b3 05       		.byte	0x5
 544 03b4 7E       		.byte	0x7e
 545 03b5 97000000 		.4byte	0x97
 546 03b9 73       		.byte	0x73
 547 03ba 07       		.uleb128 0x7
 548 03bb 9B020000 		.4byte	.LASF80
 549 03bf 05       		.byte	0x5
 550 03c0 80       		.byte	0x80
 551 03c1 AD000000 		.4byte	0xad
 552 03c5 74       		.byte	0x74
 553 03c6 07       		.uleb128 0x7
 554 03c7 89070000 		.4byte	.LASF81
 555 03cb 05       		.byte	0x5
 556 03cc 81       		.byte	0x81
 557 03cd AD000000 		.4byte	0xad
 558 03d1 76       		.byte	0x76
 559 03d2 07       		.uleb128 0x7
 560 03d3 76020000 		.4byte	.LASF82
 561 03d7 05       		.byte	0x5
 562 03d8 82       		.byte	0x82
 563 03d9 AD000000 		.4byte	0xad
 564 03dd 78       		.byte	0x78
 565 03de 07       		.uleb128 0x7
 566 03df BD000000 		.4byte	.LASF83
 567 03e3 05       		.byte	0x5
 568 03e4 83       		.byte	0x83
 569 03e5 AD000000 		.4byte	0xad
 570 03e9 7A       		.byte	0x7a
 571 03ea 07       		.uleb128 0x7
 572 03eb F5080000 		.4byte	.LASF84
 573 03ef 05       		.byte	0x5
 574 03f0 86       		.byte	0x86
 575 03f1 97000000 		.4byte	0x97
 576 03f5 7C       		.byte	0x7c
 577 03f6 07       		.uleb128 0x7
 578 03f7 6C080000 		.4byte	.LASF85
 579 03fb 05       		.byte	0x5
 580 03fc 87       		.byte	0x87
 581 03fd 97000000 		.4byte	0x97
 582 0401 7D       		.byte	0x7d
 583 0402 07       		.uleb128 0x7
 584 0403 38000000 		.4byte	.LASF86
 585 0407 05       		.byte	0x5
 586 0408 88       		.byte	0x88
 587 0409 97000000 		.4byte	0x97
 588 040d 7E       		.byte	0x7e
 589 040e 07       		.uleb128 0x7
 590 040f AD020000 		.4byte	.LASF87
 591 0413 05       		.byte	0x5
 592 0414 89       		.byte	0x89
ARM GAS  C:\Users\guill\AppData\Local\Temp\cctLB7oK.s 			page 14


 593 0415 97000000 		.4byte	0x97
 594 0419 7F       		.byte	0x7f
 595 041a 07       		.uleb128 0x7
 596 041b 2A030000 		.4byte	.LASF88
 597 041f 05       		.byte	0x5
 598 0420 8A       		.byte	0x8a
 599 0421 97000000 		.4byte	0x97
 600 0425 80       		.byte	0x80
 601 0426 07       		.uleb128 0x7
 602 0427 55080000 		.4byte	.LASF89
 603 042b 05       		.byte	0x5
 604 042c 8D       		.byte	0x8d
 605 042d B8000000 		.4byte	0xb8
 606 0431 84       		.byte	0x84
 607 0432 07       		.uleb128 0x7
 608 0433 D2000000 		.4byte	.LASF90
 609 0437 05       		.byte	0x5
 610 0438 8E       		.byte	0x8e
 611 0439 B8000000 		.4byte	0xb8
 612 043d 88       		.byte	0x88
 613 043e 07       		.uleb128 0x7
 614 043f E0080000 		.4byte	.LASF91
 615 0443 05       		.byte	0x5
 616 0444 8F       		.byte	0x8f
 617 0445 B8000000 		.4byte	0xb8
 618 0449 8C       		.byte	0x8c
 619 044a 07       		.uleb128 0x7
 620 044b DE040000 		.4byte	.LASF92
 621 044f 05       		.byte	0x5
 622 0450 90       		.byte	0x90
 623 0451 B8000000 		.4byte	0xb8
 624 0455 90       		.byte	0x90
 625 0456 07       		.uleb128 0x7
 626 0457 FA020000 		.4byte	.LASF93
 627 045b 05       		.byte	0x5
 628 045c 91       		.byte	0x91
 629 045d B8000000 		.4byte	0xb8
 630 0461 94       		.byte	0x94
 631 0462 07       		.uleb128 0x7
 632 0463 A4040000 		.4byte	.LASF94
 633 0467 05       		.byte	0x5
 634 0468 92       		.byte	0x92
 635 0469 B8000000 		.4byte	0xb8
 636 046d 98       		.byte	0x98
 637 046e 07       		.uleb128 0x7
 638 046f 42090000 		.4byte	.LASF95
 639 0473 05       		.byte	0x5
 640 0474 93       		.byte	0x93
 641 0475 B8000000 		.4byte	0xb8
 642 0479 9C       		.byte	0x9c
 643 047a 07       		.uleb128 0x7
 644 047b 42010000 		.4byte	.LASF96
 645 047f 05       		.byte	0x5
 646 0480 94       		.byte	0x94
 647 0481 B8000000 		.4byte	0xb8
 648 0485 A0       		.byte	0xa0
 649 0486 07       		.uleb128 0x7
ARM GAS  C:\Users\guill\AppData\Local\Temp\cctLB7oK.s 			page 15


 650 0487 E0010000 		.4byte	.LASF97
 651 048b 05       		.byte	0x5
 652 048c 95       		.byte	0x95
 653 048d AD000000 		.4byte	0xad
 654 0491 A4       		.byte	0xa4
 655 0492 07       		.uleb128 0x7
 656 0493 8D060000 		.4byte	.LASF98
 657 0497 05       		.byte	0x5
 658 0498 96       		.byte	0x96
 659 0499 AD000000 		.4byte	0xad
 660 049d A6       		.byte	0xa6
 661 049e 07       		.uleb128 0x7
 662 049f BE050000 		.4byte	.LASF99
 663 04a3 05       		.byte	0x5
 664 04a4 97       		.byte	0x97
 665 04a5 AD000000 		.4byte	0xad
 666 04a9 A8       		.byte	0xa8
 667 04aa 07       		.uleb128 0x7
 668 04ab 65070000 		.4byte	.LASF100
 669 04af 05       		.byte	0x5
 670 04b0 98       		.byte	0x98
 671 04b1 AD000000 		.4byte	0xad
 672 04b5 AA       		.byte	0xaa
 673 04b6 07       		.uleb128 0x7
 674 04b7 1C040000 		.4byte	.LASF101
 675 04bb 05       		.byte	0x5
 676 04bc 99       		.byte	0x99
 677 04bd AD000000 		.4byte	0xad
 678 04c1 AC       		.byte	0xac
 679 04c2 07       		.uleb128 0x7
 680 04c3 2F050000 		.4byte	.LASF102
 681 04c7 05       		.byte	0x5
 682 04c8 9A       		.byte	0x9a
 683 04c9 AD000000 		.4byte	0xad
 684 04cd AE       		.byte	0xae
 685 04ce 07       		.uleb128 0x7
 686 04cf 12080000 		.4byte	.LASF103
 687 04d3 05       		.byte	0x5
 688 04d4 9D       		.byte	0x9d
 689 04d5 AD000000 		.4byte	0xad
 690 04d9 B0       		.byte	0xb0
 691 04da 07       		.uleb128 0x7
 692 04db 55000000 		.4byte	.LASF104
 693 04df 05       		.byte	0x5
 694 04e0 9E       		.byte	0x9e
 695 04e1 B8000000 		.4byte	0xb8
 696 04e5 B4       		.byte	0xb4
 697 04e6 00       		.byte	0
 698 04e7 03       		.uleb128 0x3
 699 04e8 6A040000 		.4byte	.LASF105
 700 04ec 05       		.byte	0x5
 701 04ed 9F       		.byte	0x9f
 702 04ee D6000000 		.4byte	0xd6
 703 04f2 02       		.uleb128 0x2
 704 04f3 01       		.byte	0x1
 705 04f4 08       		.byte	0x8
 706 04f5 49070000 		.4byte	.LASF106
ARM GAS  C:\Users\guill\AppData\Local\Temp\cctLB7oK.s 			page 16


 707 04f9 02       		.uleb128 0x2
 708 04fa 04       		.byte	0x4
 709 04fb 04       		.byte	0x4
 710 04fc 9D050000 		.4byte	.LASF107
 711 0500 02       		.uleb128 0x2
 712 0501 08       		.byte	0x8
 713 0502 04       		.byte	0x4
 714 0503 6F020000 		.4byte	.LASF108
 715 0507 08       		.uleb128 0x8
 716 0508 04       		.byte	0x4
 717 0509 02       		.uleb128 0x2
 718 050a 01       		.byte	0x1
 719 050b 02       		.byte	0x2
 720 050c F1050000 		.4byte	.LASF109
 721 0510 09       		.uleb128 0x9
 722 0511 04       		.byte	0x4
 723 0512 16050000 		.4byte	0x516
 724 0516 0A       		.uleb128 0xa
 725 0517 21050000 		.4byte	0x521
 726 051b 0B       		.uleb128 0xb
 727 051c B8000000 		.4byte	0xb8
 728 0520 00       		.byte	0
 729 0521 0C       		.uleb128 0xc
 730 0522 AA030000 		.4byte	.LASF110
 731 0526 06       		.byte	0x6
 732 0527 D901     		.2byte	0x1d9
 733 0529 10050000 		.4byte	0x510
 734 052d 0D       		.uleb128 0xd
 735 052e 8F090000 		.4byte	.LASF126
 736 0532 38       		.byte	0x38
 737 0533 06       		.byte	0x6
 738 0534 7502     		.2byte	0x275
 739 0536 F1050000 		.4byte	0x5f1
 740 053a 0E       		.uleb128 0xe
 741 053b F6030000 		.4byte	.LASF111
 742 053f 06       		.byte	0x6
 743 0540 7802     		.2byte	0x278
 744 0542 CA000000 		.4byte	0xca
 745 0546 00       		.byte	0
 746 0547 0E       		.uleb128 0xe
 747 0548 59050000 		.4byte	.LASF112
 748 054c 06       		.byte	0x6
 749 054d 7902     		.2byte	0x279
 750 054f CA000000 		.4byte	0xca
 751 0553 04       		.byte	0x4
 752 0554 0E       		.uleb128 0xe
 753 0555 38010000 		.4byte	.LASF113
 754 0559 06       		.byte	0x6
 755 055a 7B02     		.2byte	0x27b
 756 055c 07050000 		.4byte	0x507
 757 0560 08       		.byte	0x8
 758 0561 0E       		.uleb128 0xe
 759 0562 DC070000 		.4byte	.LASF114
 760 0566 06       		.byte	0x6
 761 0567 7C02     		.2byte	0x27c
 762 0569 B8000000 		.4byte	0xb8
 763 056d 0C       		.byte	0xc
ARM GAS  C:\Users\guill\AppData\Local\Temp\cctLB7oK.s 			page 17


 764 056e 0E       		.uleb128 0xe
 765 056f 96040000 		.4byte	.LASF115
 766 0573 06       		.byte	0x6
 767 0574 7D02     		.2byte	0x27d
 768 0576 CA000000 		.4byte	0xca
 769 057a 10       		.byte	0x10
 770 057b 0E       		.uleb128 0xe
 771 057c 34090000 		.4byte	.LASF116
 772 0580 06       		.byte	0x6
 773 0581 7E02     		.2byte	0x27e
 774 0583 CA000000 		.4byte	0xca
 775 0587 14       		.byte	0x14
 776 0588 0E       		.uleb128 0xe
 777 0589 85080000 		.4byte	.LASF117
 778 058d 06       		.byte	0x6
 779 058e 8002     		.2byte	0x280
 780 0590 07050000 		.4byte	0x507
 781 0594 18       		.byte	0x18
 782 0595 0E       		.uleb128 0xe
 783 0596 1A000000 		.4byte	.LASF118
 784 059a 06       		.byte	0x6
 785 059b 8102     		.2byte	0x281
 786 059d B8000000 		.4byte	0xb8
 787 05a1 1C       		.byte	0x1c
 788 05a2 0E       		.uleb128 0xe
 789 05a3 F1020000 		.4byte	.LASF119
 790 05a7 06       		.byte	0x6
 791 05a8 8202     		.2byte	0x282
 792 05aa CA000000 		.4byte	0xca
 793 05ae 20       		.byte	0x20
 794 05af 0E       		.uleb128 0xe
 795 05b0 58010000 		.4byte	.LASF120
 796 05b4 06       		.byte	0x6
 797 05b5 8402     		.2byte	0x284
 798 05b7 07050000 		.4byte	0x507
 799 05bb 24       		.byte	0x24
 800 05bc 0E       		.uleb128 0xe
 801 05bd 0F030000 		.4byte	.LASF121
 802 05c1 06       		.byte	0x6
 803 05c2 8502     		.2byte	0x285
 804 05c4 B8000000 		.4byte	0xb8
 805 05c8 28       		.byte	0x28
 806 05c9 0E       		.uleb128 0xe
 807 05ca BB010000 		.4byte	.LASF122
 808 05ce 06       		.byte	0x6
 809 05cf 8602     		.2byte	0x286
 810 05d1 CA000000 		.4byte	0xca
 811 05d5 2C       		.byte	0x2c
 812 05d6 0E       		.uleb128 0xe
 813 05d7 38040000 		.4byte	.LASF123
 814 05db 06       		.byte	0x6
 815 05dc 8B02     		.2byte	0x28b
 816 05de 21050000 		.4byte	0x521
 817 05e2 30       		.byte	0x30
 818 05e3 0E       		.uleb128 0xe
 819 05e4 7D080000 		.4byte	.LASF124
 820 05e8 06       		.byte	0x6
ARM GAS  C:\Users\guill\AppData\Local\Temp\cctLB7oK.s 			page 18


 821 05e9 8E02     		.2byte	0x28e
 822 05eb B8000000 		.4byte	0xb8
 823 05ef 34       		.byte	0x34
 824 05f0 00       		.byte	0
 825 05f1 0C       		.uleb128 0xc
 826 05f2 8B080000 		.4byte	.LASF125
 827 05f6 06       		.byte	0x6
 828 05f7 9102     		.2byte	0x291
 829 05f9 2D050000 		.4byte	0x52d
 830 05fd 0F       		.uleb128 0xf
 831 05fe 0E020000 		.4byte	.LASF127
 832 0602 64       		.byte	0x64
 833 0603 07       		.byte	0x7
 834 0604 2F       		.byte	0x2f
 835 0605 36070000 		.4byte	0x736
 836 0609 07       		.uleb128 0x7
 837 060a 95050000 		.4byte	.LASF128
 838 060e 07       		.byte	0x7
 839 060f 31       		.byte	0x31
 840 0610 B8000000 		.4byte	0xb8
 841 0614 00       		.byte	0
 842 0615 07       		.uleb128 0x7
 843 0616 19010000 		.4byte	.LASF129
 844 061a 07       		.byte	0x7
 845 061b 33       		.byte	0x33
 846 061c B8000000 		.4byte	0xb8
 847 0620 04       		.byte	0x4
 848 0621 07       		.uleb128 0x7
 849 0622 98000000 		.4byte	.LASF130
 850 0626 07       		.byte	0x7
 851 0627 34       		.byte	0x34
 852 0628 B8000000 		.4byte	0xb8
 853 062c 08       		.byte	0x8
 854 062d 07       		.uleb128 0x7
 855 062e 87040000 		.4byte	.LASF131
 856 0632 07       		.byte	0x7
 857 0633 35       		.byte	0x35
 858 0634 B8000000 		.4byte	0xb8
 859 0638 0C       		.byte	0xc
 860 0639 07       		.uleb128 0x7
 861 063a 12000000 		.4byte	.LASF132
 862 063e 07       		.byte	0x7
 863 063f 36       		.byte	0x36
 864 0640 B8000000 		.4byte	0xb8
 865 0644 10       		.byte	0x10
 866 0645 07       		.uleb128 0x7
 867 0646 3C080000 		.4byte	.LASF133
 868 064a 07       		.byte	0x7
 869 064b 37       		.byte	0x37
 870 064c B8000000 		.4byte	0xb8
 871 0650 14       		.byte	0x14
 872 0651 07       		.uleb128 0x7
 873 0652 44080000 		.4byte	.LASF134
 874 0656 07       		.byte	0x7
 875 0657 38       		.byte	0x38
 876 0658 B8000000 		.4byte	0xb8
 877 065c 18       		.byte	0x18
ARM GAS  C:\Users\guill\AppData\Local\Temp\cctLB7oK.s 			page 19


 878 065d 07       		.uleb128 0x7
 879 065e 4B060000 		.4byte	.LASF135
 880 0662 07       		.byte	0x7
 881 0663 39       		.byte	0x39
 882 0664 09050000 		.4byte	0x509
 883 0668 1C       		.byte	0x1c
 884 0669 07       		.uleb128 0x7
 885 066a 34070000 		.4byte	.LASF136
 886 066e 07       		.byte	0x7
 887 066f 3A       		.byte	0x3a
 888 0670 B8000000 		.4byte	0xb8
 889 0674 20       		.byte	0x20
 890 0675 07       		.uleb128 0x7
 891 0676 4C080000 		.4byte	.LASF137
 892 067a 07       		.byte	0x7
 893 067b 3B       		.byte	0x3b
 894 067c B8000000 		.4byte	0xb8
 895 0680 24       		.byte	0x24
 896 0681 07       		.uleb128 0x7
 897 0682 98030000 		.4byte	.LASF138
 898 0686 07       		.byte	0x7
 899 0687 3C       		.byte	0x3c
 900 0688 09050000 		.4byte	0x509
 901 068c 28       		.byte	0x28
 902 068d 07       		.uleb128 0x7
 903 068e 19030000 		.4byte	.LASF139
 904 0692 07       		.byte	0x7
 905 0693 3E       		.byte	0x3e
 906 0694 B8000000 		.4byte	0xb8
 907 0698 2C       		.byte	0x2c
 908 0699 07       		.uleb128 0x7
 909 069a 7A040000 		.4byte	.LASF140
 910 069e 07       		.byte	0x7
 911 069f 3F       		.byte	0x3f
 912 06a0 B8000000 		.4byte	0xb8
 913 06a4 30       		.byte	0x30
 914 06a5 07       		.uleb128 0x7
 915 06a6 BA080000 		.4byte	.LASF141
 916 06aa 07       		.byte	0x7
 917 06ab 40       		.byte	0x40
 918 06ac B8000000 		.4byte	0xb8
 919 06b0 34       		.byte	0x34
 920 06b1 07       		.uleb128 0x7
 921 06b2 E0050000 		.4byte	.LASF142
 922 06b6 07       		.byte	0x7
 923 06b7 41       		.byte	0x41
 924 06b8 B8000000 		.4byte	0xb8
 925 06bc 38       		.byte	0x38
 926 06bd 07       		.uleb128 0x7
 927 06be FF030000 		.4byte	.LASF143
 928 06c2 07       		.byte	0x7
 929 06c3 42       		.byte	0x42
 930 06c4 B8000000 		.4byte	0xb8
 931 06c8 3C       		.byte	0x3c
 932 06c9 07       		.uleb128 0x7
 933 06ca 5C060000 		.4byte	.LASF144
 934 06ce 07       		.byte	0x7
ARM GAS  C:\Users\guill\AppData\Local\Temp\cctLB7oK.s 			page 20


 935 06cf 44       		.byte	0x44
 936 06d0 B8000000 		.4byte	0xb8
 937 06d4 40       		.byte	0x40
 938 06d5 07       		.uleb128 0x7
 939 06d6 24090000 		.4byte	.LASF145
 940 06da 07       		.byte	0x7
 941 06db 45       		.byte	0x45
 942 06dc B8000000 		.4byte	0xb8
 943 06e0 44       		.byte	0x44
 944 06e1 07       		.uleb128 0x7
 945 06e2 EA070000 		.4byte	.LASF146
 946 06e6 07       		.byte	0x7
 947 06e7 47       		.byte	0x47
 948 06e8 B8000000 		.4byte	0xb8
 949 06ec 48       		.byte	0x48
 950 06ed 07       		.uleb128 0x7
 951 06ee 20080000 		.4byte	.LASF147
 952 06f2 07       		.byte	0x7
 953 06f3 48       		.byte	0x48
 954 06f4 B8000000 		.4byte	0xb8
 955 06f8 4C       		.byte	0x4c
 956 06f9 07       		.uleb128 0x7
 957 06fa BA040000 		.4byte	.LASF148
 958 06fe 07       		.byte	0x7
 959 06ff 4A       		.byte	0x4a
 960 0700 B8000000 		.4byte	0xb8
 961 0704 50       		.byte	0x50
 962 0705 07       		.uleb128 0x7
 963 0706 2A040000 		.4byte	.LASF149
 964 070a 07       		.byte	0x7
 965 070b 4B       		.byte	0x4b
 966 070c B8000000 		.4byte	0xb8
 967 0710 54       		.byte	0x54
 968 0711 07       		.uleb128 0x7
 969 0712 4B000000 		.4byte	.LASF150
 970 0716 07       		.byte	0x7
 971 0717 4D       		.byte	0x4d
 972 0718 B8000000 		.4byte	0xb8
 973 071c 58       		.byte	0x58
 974 071d 07       		.uleb128 0x7
 975 071e 58090000 		.4byte	.LASF151
 976 0722 07       		.byte	0x7
 977 0723 4E       		.byte	0x4e
 978 0724 B8000000 		.4byte	0xb8
 979 0728 5C       		.byte	0x5c
 980 0729 07       		.uleb128 0x7
 981 072a 4E070000 		.4byte	.LASF152
 982 072e 07       		.byte	0x7
 983 072f 50       		.byte	0x50
 984 0730 B8000000 		.4byte	0xb8
 985 0734 60       		.byte	0x60
 986 0735 00       		.byte	0
 987 0736 03       		.uleb128 0x3
 988 0737 0A090000 		.4byte	.LASF153
 989 073b 07       		.byte	0x7
 990 073c 51       		.byte	0x51
 991 073d FD050000 		.4byte	0x5fd
ARM GAS  C:\Users\guill\AppData\Local\Temp\cctLB7oK.s 			page 21


 992 0741 10       		.uleb128 0x10
 993 0742 88050000 		.4byte	.LASF160
 994 0746 02       		.byte	0x2
 995 0747 81       		.byte	0x81
 996 0748 03       		.byte	0x3
 997 0749 11       		.uleb128 0x11
 998 074a 96020000 		.4byte	.LASF161
 999 074e 01       		.byte	0x1
 1000 074f 0E       		.byte	0xe
 1001 0750 89000000 		.4byte	0x89
 1002 0754 00000000 		.4byte	.LFB473
 1003 0758 10000000 		.4byte	.LFE473-.LFB473
 1004 075c 01       		.uleb128 0x1
 1005 075d 9C       		.byte	0x9c
 1006 075e 85070000 		.4byte	0x785
 1007 0762 12       		.uleb128 0x12
 1008 0763 41070000 		.4byte	0x741
 1009 0767 02000000 		.4byte	.LBB4
 1010 076b 02000000 		.4byte	.LBE4-.LBB4
 1011 076f 01       		.byte	0x1
 1012 0770 10       		.byte	0x10
 1013 0771 13       		.uleb128 0x13
 1014 0772 0A000000 		.4byte	.LVL0
 1015 0776 B6070000 		.4byte	0x7b6
 1016 077a 14       		.uleb128 0x14
 1017 077b 01       		.uleb128 0x1
 1018 077c 50       		.byte	0x50
 1019 077d 05       		.uleb128 0x5
 1020 077e 0C       		.byte	0xc
 1021 077f 00000810 		.4byte	0x10080000
 1022 0783 00       		.byte	0
 1023 0784 00       		.byte	0
 1024 0785 15       		.uleb128 0x15
 1025 0786 B4050000 		.4byte	.LASF154
 1026 078a 05       		.byte	0x5
 1027 078b A7       		.byte	0xa7
 1028 078c 90070000 		.4byte	0x790
 1029 0790 09       		.uleb128 0x9
 1030 0791 04       		.byte	0x4
 1031 0792 96070000 		.4byte	0x796
 1032 0796 16       		.uleb128 0x16
 1033 0797 E7040000 		.4byte	0x4e7
 1034 079b 15       		.uleb128 0x15
 1035 079c 7E070000 		.4byte	.LASF155
 1036 07a0 08       		.byte	0x8
 1037 07a1 1F       		.byte	0x1f
 1038 07a2 A6070000 		.4byte	0x7a6
 1039 07a6 16       		.uleb128 0x16
 1040 07a7 36070000 		.4byte	0x736
 1041 07ab 15       		.uleb128 0x15
 1042 07ac C9030000 		.4byte	.LASF156
 1043 07b0 09       		.byte	0x9
 1044 07b1 87       		.byte	0x87
 1045 07b2 F1050000 		.4byte	0x5f1
 1046 07b6 17       		.uleb128 0x17
 1047 07b7 4E040000 		.4byte	.LASF162
 1048 07bb 4E040000 		.4byte	.LASF162
ARM GAS  C:\Users\guill\AppData\Local\Temp\cctLB7oK.s 			page 22


 1049 07bf 0A       		.byte	0xa
 1050 07c0 2502     		.2byte	0x225
 1051 07c2 00       		.byte	0
 1052              		.section	.debug_abbrev,"",%progbits
 1053              	.Ldebug_abbrev0:
 1054 0000 01       		.uleb128 0x1
 1055 0001 11       		.uleb128 0x11
 1056 0002 01       		.byte	0x1
 1057 0003 25       		.uleb128 0x25
 1058 0004 0E       		.uleb128 0xe
 1059 0005 13       		.uleb128 0x13
 1060 0006 0B       		.uleb128 0xb
 1061 0007 03       		.uleb128 0x3
 1062 0008 0E       		.uleb128 0xe
 1063 0009 1B       		.uleb128 0x1b
 1064 000a 0E       		.uleb128 0xe
 1065 000b 55       		.uleb128 0x55
 1066 000c 17       		.uleb128 0x17
 1067 000d 11       		.uleb128 0x11
 1068 000e 01       		.uleb128 0x1
 1069 000f 10       		.uleb128 0x10
 1070 0010 17       		.uleb128 0x17
 1071 0011 00       		.byte	0
 1072 0012 00       		.byte	0
 1073 0013 02       		.uleb128 0x2
 1074 0014 24       		.uleb128 0x24
 1075 0015 00       		.byte	0
 1076 0016 0B       		.uleb128 0xb
 1077 0017 0B       		.uleb128 0xb
 1078 0018 3E       		.uleb128 0x3e
 1079 0019 0B       		.uleb128 0xb
 1080 001a 03       		.uleb128 0x3
 1081 001b 0E       		.uleb128 0xe
 1082 001c 00       		.byte	0
 1083 001d 00       		.byte	0
 1084 001e 03       		.uleb128 0x3
 1085 001f 16       		.uleb128 0x16
 1086 0020 00       		.byte	0
 1087 0021 03       		.uleb128 0x3
 1088 0022 0E       		.uleb128 0xe
 1089 0023 3A       		.uleb128 0x3a
 1090 0024 0B       		.uleb128 0xb
 1091 0025 3B       		.uleb128 0x3b
 1092 0026 0B       		.uleb128 0xb
 1093 0027 49       		.uleb128 0x49
 1094 0028 13       		.uleb128 0x13
 1095 0029 00       		.byte	0
 1096 002a 00       		.byte	0
 1097 002b 04       		.uleb128 0x4
 1098 002c 24       		.uleb128 0x24
 1099 002d 00       		.byte	0
 1100 002e 0B       		.uleb128 0xb
 1101 002f 0B       		.uleb128 0xb
 1102 0030 3E       		.uleb128 0x3e
 1103 0031 0B       		.uleb128 0xb
 1104 0032 03       		.uleb128 0x3
 1105 0033 08       		.uleb128 0x8
ARM GAS  C:\Users\guill\AppData\Local\Temp\cctLB7oK.s 			page 23


 1106 0034 00       		.byte	0
 1107 0035 00       		.byte	0
 1108 0036 05       		.uleb128 0x5
 1109 0037 35       		.uleb128 0x35
 1110 0038 00       		.byte	0
 1111 0039 49       		.uleb128 0x49
 1112 003a 13       		.uleb128 0x13
 1113 003b 00       		.byte	0
 1114 003c 00       		.byte	0
 1115 003d 06       		.uleb128 0x6
 1116 003e 13       		.uleb128 0x13
 1117 003f 01       		.byte	0x1
 1118 0040 0B       		.uleb128 0xb
 1119 0041 0B       		.uleb128 0xb
 1120 0042 3A       		.uleb128 0x3a
 1121 0043 0B       		.uleb128 0xb
 1122 0044 3B       		.uleb128 0x3b
 1123 0045 0B       		.uleb128 0xb
 1124 0046 01       		.uleb128 0x1
 1125 0047 13       		.uleb128 0x13
 1126 0048 00       		.byte	0
 1127 0049 00       		.byte	0
 1128 004a 07       		.uleb128 0x7
 1129 004b 0D       		.uleb128 0xd
 1130 004c 00       		.byte	0
 1131 004d 03       		.uleb128 0x3
 1132 004e 0E       		.uleb128 0xe
 1133 004f 3A       		.uleb128 0x3a
 1134 0050 0B       		.uleb128 0xb
 1135 0051 3B       		.uleb128 0x3b
 1136 0052 0B       		.uleb128 0xb
 1137 0053 49       		.uleb128 0x49
 1138 0054 13       		.uleb128 0x13
 1139 0055 38       		.uleb128 0x38
 1140 0056 0B       		.uleb128 0xb
 1141 0057 00       		.byte	0
 1142 0058 00       		.byte	0
 1143 0059 08       		.uleb128 0x8
 1144 005a 0F       		.uleb128 0xf
 1145 005b 00       		.byte	0
 1146 005c 0B       		.uleb128 0xb
 1147 005d 0B       		.uleb128 0xb
 1148 005e 00       		.byte	0
 1149 005f 00       		.byte	0
 1150 0060 09       		.uleb128 0x9
 1151 0061 0F       		.uleb128 0xf
 1152 0062 00       		.byte	0
 1153 0063 0B       		.uleb128 0xb
 1154 0064 0B       		.uleb128 0xb
 1155 0065 49       		.uleb128 0x49
 1156 0066 13       		.uleb128 0x13
 1157 0067 00       		.byte	0
 1158 0068 00       		.byte	0
 1159 0069 0A       		.uleb128 0xa
 1160 006a 15       		.uleb128 0x15
 1161 006b 01       		.byte	0x1
 1162 006c 27       		.uleb128 0x27
ARM GAS  C:\Users\guill\AppData\Local\Temp\cctLB7oK.s 			page 24


 1163 006d 19       		.uleb128 0x19
 1164 006e 01       		.uleb128 0x1
 1165 006f 13       		.uleb128 0x13
 1166 0070 00       		.byte	0
 1167 0071 00       		.byte	0
 1168 0072 0B       		.uleb128 0xb
 1169 0073 05       		.uleb128 0x5
 1170 0074 00       		.byte	0
 1171 0075 49       		.uleb128 0x49
 1172 0076 13       		.uleb128 0x13
 1173 0077 00       		.byte	0
 1174 0078 00       		.byte	0
 1175 0079 0C       		.uleb128 0xc
 1176 007a 16       		.uleb128 0x16
 1177 007b 00       		.byte	0
 1178 007c 03       		.uleb128 0x3
 1179 007d 0E       		.uleb128 0xe
 1180 007e 3A       		.uleb128 0x3a
 1181 007f 0B       		.uleb128 0xb
 1182 0080 3B       		.uleb128 0x3b
 1183 0081 05       		.uleb128 0x5
 1184 0082 49       		.uleb128 0x49
 1185 0083 13       		.uleb128 0x13
 1186 0084 00       		.byte	0
 1187 0085 00       		.byte	0
 1188 0086 0D       		.uleb128 0xd
 1189 0087 13       		.uleb128 0x13
 1190 0088 01       		.byte	0x1
 1191 0089 03       		.uleb128 0x3
 1192 008a 0E       		.uleb128 0xe
 1193 008b 0B       		.uleb128 0xb
 1194 008c 0B       		.uleb128 0xb
 1195 008d 3A       		.uleb128 0x3a
 1196 008e 0B       		.uleb128 0xb
 1197 008f 3B       		.uleb128 0x3b
 1198 0090 05       		.uleb128 0x5
 1199 0091 01       		.uleb128 0x1
 1200 0092 13       		.uleb128 0x13
 1201 0093 00       		.byte	0
 1202 0094 00       		.byte	0
 1203 0095 0E       		.uleb128 0xe
 1204 0096 0D       		.uleb128 0xd
 1205 0097 00       		.byte	0
 1206 0098 03       		.uleb128 0x3
 1207 0099 0E       		.uleb128 0xe
 1208 009a 3A       		.uleb128 0x3a
 1209 009b 0B       		.uleb128 0xb
 1210 009c 3B       		.uleb128 0x3b
 1211 009d 05       		.uleb128 0x5
 1212 009e 49       		.uleb128 0x49
 1213 009f 13       		.uleb128 0x13
 1214 00a0 38       		.uleb128 0x38
 1215 00a1 0B       		.uleb128 0xb
 1216 00a2 00       		.byte	0
 1217 00a3 00       		.byte	0
 1218 00a4 0F       		.uleb128 0xf
 1219 00a5 13       		.uleb128 0x13
ARM GAS  C:\Users\guill\AppData\Local\Temp\cctLB7oK.s 			page 25


 1220 00a6 01       		.byte	0x1
 1221 00a7 03       		.uleb128 0x3
 1222 00a8 0E       		.uleb128 0xe
 1223 00a9 0B       		.uleb128 0xb
 1224 00aa 0B       		.uleb128 0xb
 1225 00ab 3A       		.uleb128 0x3a
 1226 00ac 0B       		.uleb128 0xb
 1227 00ad 3B       		.uleb128 0x3b
 1228 00ae 0B       		.uleb128 0xb
 1229 00af 01       		.uleb128 0x1
 1230 00b0 13       		.uleb128 0x13
 1231 00b1 00       		.byte	0
 1232 00b2 00       		.byte	0
 1233 00b3 10       		.uleb128 0x10
 1234 00b4 2E       		.uleb128 0x2e
 1235 00b5 00       		.byte	0
 1236 00b6 03       		.uleb128 0x3
 1237 00b7 0E       		.uleb128 0xe
 1238 00b8 3A       		.uleb128 0x3a
 1239 00b9 0B       		.uleb128 0xb
 1240 00ba 3B       		.uleb128 0x3b
 1241 00bb 0B       		.uleb128 0xb
 1242 00bc 27       		.uleb128 0x27
 1243 00bd 19       		.uleb128 0x19
 1244 00be 20       		.uleb128 0x20
 1245 00bf 0B       		.uleb128 0xb
 1246 00c0 00       		.byte	0
 1247 00c1 00       		.byte	0
 1248 00c2 11       		.uleb128 0x11
 1249 00c3 2E       		.uleb128 0x2e
 1250 00c4 01       		.byte	0x1
 1251 00c5 3F       		.uleb128 0x3f
 1252 00c6 19       		.uleb128 0x19
 1253 00c7 03       		.uleb128 0x3
 1254 00c8 0E       		.uleb128 0xe
 1255 00c9 3A       		.uleb128 0x3a
 1256 00ca 0B       		.uleb128 0xb
 1257 00cb 3B       		.uleb128 0x3b
 1258 00cc 0B       		.uleb128 0xb
 1259 00cd 27       		.uleb128 0x27
 1260 00ce 19       		.uleb128 0x19
 1261 00cf 49       		.uleb128 0x49
 1262 00d0 13       		.uleb128 0x13
 1263 00d1 8701     		.uleb128 0x87
 1264 00d3 19       		.uleb128 0x19
 1265 00d4 11       		.uleb128 0x11
 1266 00d5 01       		.uleb128 0x1
 1267 00d6 12       		.uleb128 0x12
 1268 00d7 06       		.uleb128 0x6
 1269 00d8 40       		.uleb128 0x40
 1270 00d9 18       		.uleb128 0x18
 1271 00da 9742     		.uleb128 0x2117
 1272 00dc 19       		.uleb128 0x19
 1273 00dd 01       		.uleb128 0x1
 1274 00de 13       		.uleb128 0x13
 1275 00df 00       		.byte	0
 1276 00e0 00       		.byte	0
ARM GAS  C:\Users\guill\AppData\Local\Temp\cctLB7oK.s 			page 26


 1277 00e1 12       		.uleb128 0x12
 1278 00e2 1D       		.uleb128 0x1d
 1279 00e3 00       		.byte	0
 1280 00e4 31       		.uleb128 0x31
 1281 00e5 13       		.uleb128 0x13
 1282 00e6 11       		.uleb128 0x11
 1283 00e7 01       		.uleb128 0x1
 1284 00e8 12       		.uleb128 0x12
 1285 00e9 06       		.uleb128 0x6
 1286 00ea 58       		.uleb128 0x58
 1287 00eb 0B       		.uleb128 0xb
 1288 00ec 59       		.uleb128 0x59
 1289 00ed 0B       		.uleb128 0xb
 1290 00ee 00       		.byte	0
 1291 00ef 00       		.byte	0
 1292 00f0 13       		.uleb128 0x13
 1293 00f1 898201   		.uleb128 0x4109
 1294 00f4 01       		.byte	0x1
 1295 00f5 11       		.uleb128 0x11
 1296 00f6 01       		.uleb128 0x1
 1297 00f7 31       		.uleb128 0x31
 1298 00f8 13       		.uleb128 0x13
 1299 00f9 00       		.byte	0
 1300 00fa 00       		.byte	0
 1301 00fb 14       		.uleb128 0x14
 1302 00fc 8A8201   		.uleb128 0x410a
 1303 00ff 00       		.byte	0
 1304 0100 02       		.uleb128 0x2
 1305 0101 18       		.uleb128 0x18
 1306 0102 9142     		.uleb128 0x2111
 1307 0104 18       		.uleb128 0x18
 1308 0105 00       		.byte	0
 1309 0106 00       		.byte	0
 1310 0107 15       		.uleb128 0x15
 1311 0108 34       		.uleb128 0x34
 1312 0109 00       		.byte	0
 1313 010a 03       		.uleb128 0x3
 1314 010b 0E       		.uleb128 0xe
 1315 010c 3A       		.uleb128 0x3a
 1316 010d 0B       		.uleb128 0xb
 1317 010e 3B       		.uleb128 0x3b
 1318 010f 0B       		.uleb128 0xb
 1319 0110 49       		.uleb128 0x49
 1320 0111 13       		.uleb128 0x13
 1321 0112 3F       		.uleb128 0x3f
 1322 0113 19       		.uleb128 0x19
 1323 0114 3C       		.uleb128 0x3c
 1324 0115 19       		.uleb128 0x19
 1325 0116 00       		.byte	0
 1326 0117 00       		.byte	0
 1327 0118 16       		.uleb128 0x16
 1328 0119 26       		.uleb128 0x26
 1329 011a 00       		.byte	0
 1330 011b 49       		.uleb128 0x49
 1331 011c 13       		.uleb128 0x13
 1332 011d 00       		.byte	0
 1333 011e 00       		.byte	0
ARM GAS  C:\Users\guill\AppData\Local\Temp\cctLB7oK.s 			page 27


 1334 011f 17       		.uleb128 0x17
 1335 0120 2E       		.uleb128 0x2e
 1336 0121 00       		.byte	0
 1337 0122 3F       		.uleb128 0x3f
 1338 0123 19       		.uleb128 0x19
 1339 0124 3C       		.uleb128 0x3c
 1340 0125 19       		.uleb128 0x19
 1341 0126 6E       		.uleb128 0x6e
 1342 0127 0E       		.uleb128 0xe
 1343 0128 03       		.uleb128 0x3
 1344 0129 0E       		.uleb128 0xe
 1345 012a 3A       		.uleb128 0x3a
 1346 012b 0B       		.uleb128 0xb
 1347 012c 3B       		.uleb128 0x3b
 1348 012d 05       		.uleb128 0x5
 1349 012e 00       		.byte	0
 1350 012f 00       		.byte	0
 1351 0130 00       		.byte	0
 1352              		.section	.debug_aranges,"",%progbits
 1353 0000 1C000000 		.4byte	0x1c
 1354 0004 0200     		.2byte	0x2
 1355 0006 00000000 		.4byte	.Ldebug_info0
 1356 000a 04       		.byte	0x4
 1357 000b 00       		.byte	0
 1358 000c 0000     		.2byte	0
 1359 000e 0000     		.2byte	0
 1360 0010 00000000 		.4byte	.LFB473
 1361 0014 10000000 		.4byte	.LFE473-.LFB473
 1362 0018 00000000 		.4byte	0
 1363 001c 00000000 		.4byte	0
 1364              		.section	.debug_ranges,"",%progbits
 1365              	.Ldebug_ranges0:
 1366 0000 00000000 		.4byte	.LFB473
 1367 0004 10000000 		.4byte	.LFE473
 1368 0008 00000000 		.4byte	0
 1369 000c 00000000 		.4byte	0
 1370              		.section	.debug_line,"",%progbits
 1371              	.Ldebug_line0:
 1372 0000 83020000 		.section	.debug_str,"MS",%progbits,1
 1372      02006202 
 1372      00000201 
 1372      FB0E0D00 
 1372      01010101 
 1373              	.LASF54:
 1374 0000 70726F74 		.ascii	"protBusMasterMask\000"
 1374      4275734D 
 1374      61737465 
 1374      724D6173 
 1374      6B00
 1375              	.LASF132:
 1376 0012 72756E4D 		.ascii	"runMode\000"
 1376      6F646500 
 1377              	.LASF118:
 1378 001a 72784275 		.ascii	"rxBufSize\000"
 1378      6653697A 
 1378      6500
 1379              	.LASF64:
ARM GAS  C:\Users\guill\AppData\Local\Temp\cctLB7oK.s 			page 28


 1380 0024 666C6173 		.ascii	"flashCtlMainWs3Freq\000"
 1380      6843746C 
 1380      4D61696E 
 1380      57733346 
 1380      72657100 
 1381              	.LASF86:
 1382 0038 6770696F 		.ascii	"gpioPrtCfgInOffset\000"
 1382      50727443 
 1382      6667496E 
 1382      4F666673 
 1382      657400
 1383              	.LASF150:
 1384 004b 6B696C6C 		.ascii	"killInput\000"
 1384      496E7075 
 1384      7400
 1385              	.LASF104:
 1386 0055 6970634C 		.ascii	"ipcLockStatusOffset\000"
 1386      6F636B53 
 1386      74617475 
 1386      734F6666 
 1386      73657400 
 1387              	.LASF30:
 1388 0069 63727970 		.ascii	"cryptoVersion\000"
 1388      746F5665 
 1388      7273696F 
 1388      6E00
 1389              	.LASF48:
 1390 0077 70657269 		.ascii	"periClockNr\000"
 1390      436C6F63 
 1390      6B4E7200 
 1391              	.LASF26:
 1392 0083 70617373 		.ascii	"passBase\000"
 1392      42617365 
 1392      00
 1393              	.LASF158:
 1394 008c 6D61696E 		.ascii	"main_cm0p.c\000"
 1394      5F636D30 
 1394      702E6300 
 1395              	.LASF130:
 1396 0098 70776D41 		.ascii	"pwmAlignment\000"
 1396      6C69676E 
 1396      6D656E74 
 1396      00
 1397              	.LASF39:
 1398 00a5 63707573 		.ascii	"cpussIpcIrqNr\000"
 1398      73497063 
 1398      4972714E 
 1398      7200
 1399              	.LASF3:
 1400 00b3 5F5F7569 		.ascii	"__uint8_t\000"
 1400      6E74385F 
 1400      7400
 1401              	.LASF83:
 1402 00bd 70657269 		.ascii	"periDiv24_5CtlOffset\000"
 1402      44697632 
 1402      345F3543 
 1402      746C4F66 
ARM GAS  C:\Users\guill\AppData\Local\Temp\cctLB7oK.s 			page 29


 1402      66736574 
 1403              	.LASF90:
 1404 00d2 63707573 		.ascii	"cpussCm4ClockCtlOffset\000"
 1404      73436D34 
 1404      436C6F63 
 1404      6B43746C 
 1404      4F666673 
 1405              	.LASF19:
 1406 00e9 63707573 		.ascii	"cpussBase\000"
 1406      73426173 
 1406      6500
 1407              	.LASF68:
 1408 00f3 64774368 		.ascii	"dwChCtlPrioPos\000"
 1408      43746C50 
 1408      72696F50 
 1408      6F7300
 1409              	.LASF11:
 1410 0102 6C6F6E67 		.ascii	"long long unsigned int\000"
 1410      206C6F6E 
 1410      6720756E 
 1410      7369676E 
 1410      65642069 
 1411              	.LASF129:
 1412 0119 636C6F63 		.ascii	"clockPrescaler\000"
 1412      6B507265 
 1412      7363616C 
 1412      657200
 1413              	.LASF72:
 1414 0128 70657269 		.ascii	"periTrCmdOffset\000"
 1414      5472436D 
 1414      644F6666 
 1414      73657400 
 1415              	.LASF113:
 1416 0138 72785269 		.ascii	"rxRingBuf\000"
 1416      6E674275 
 1416      6600
 1417              	.LASF96:
 1418 0142 63707573 		.ascii	"cpussSysTickCtlOffset\000"
 1418      73537973 
 1418      5469636B 
 1418      43746C4F 
 1418      66667365 
 1419              	.LASF120:
 1420 0158 74784275 		.ascii	"txBuf\000"
 1420      6600
 1421              	.LASF57:
 1422 015e 666C6173 		.ascii	"flashPipeRequired\000"
 1422      68506970 
 1422      65526571 
 1422      75697265 
 1422      6400
 1423              	.LASF61:
 1424 0170 666C6173 		.ascii	"flashCtlMainWs0Freq\000"
 1424      6843746C 
 1424      4D61696E 
 1424      57733046 
 1424      72657100 
ARM GAS  C:\Users\guill\AppData\Local\Temp\cctLB7oK.s 			page 30


 1425              	.LASF14:
 1426 0184 696E7431 		.ascii	"int16_t\000"
 1426      365F7400 
 1427              	.LASF10:
 1428 018c 6C6F6E67 		.ascii	"long long int\000"
 1428      206C6F6E 
 1428      6720696E 
 1428      7400
 1429              	.LASF2:
 1430 019a 7369676E 		.ascii	"signed char\000"
 1430      65642063 
 1430      68617200 
 1431              	.LASF77:
 1432 01a6 70657269 		.ascii	"periDivCmdTypeSelPos\000"
 1432      44697643 
 1432      6D645479 
 1432      70655365 
 1432      6C506F73 
 1433              	.LASF122:
 1434 01bb 74784C65 		.ascii	"txLeftToTransmit\000"
 1434      6674546F 
 1434      5472616E 
 1434      736D6974 
 1434      00
 1435              	.LASF23:
 1436 01cc 70726F74 		.ascii	"protBase\000"
 1436      42617365 
 1436      00
 1437              	.LASF35:
 1438 01d5 69706356 		.ascii	"ipcVersion\000"
 1438      65727369 
 1438      6F6E00
 1439              	.LASF97:
 1440 01e0 63707573 		.ascii	"cpussCm0NmiCtlOffset\000"
 1440      73436D30 
 1440      4E6D6943 
 1440      746C4F66 
 1440      66736574 
 1441              	.LASF45:
 1442 01f5 73727373 		.ascii	"srssNumClkpath\000"
 1442      4E756D43 
 1442      6C6B7061 
 1442      746800
 1443              	.LASF24:
 1444 0204 6873696F 		.ascii	"hsiomBase\000"
 1444      6D426173 
 1444      6500
 1445              	.LASF127:
 1446 020e 63795F73 		.ascii	"cy_stc_tcpwm_pwm_config\000"
 1446      74635F74 
 1446      6370776D 
 1446      5F70776D 
 1446      5F636F6E 
 1447              	.LASF7:
 1448 0226 6C6F6E67 		.ascii	"long int\000"
 1448      20696E74 
 1448      00
ARM GAS  C:\Users\guill\AppData\Local\Temp\cctLB7oK.s 			page 31


 1449              	.LASF55:
 1450 022f 63727970 		.ascii	"cryptoMemSize\000"
 1450      746F4D65 
 1450      6D53697A 
 1450      6500
 1451              	.LASF21:
 1452 023d 70657269 		.ascii	"periBase\000"
 1452      42617365 
 1452      00
 1453              	.LASF34:
 1454 0246 6873696F 		.ascii	"hsiomVersion\000"
 1454      6D566572 
 1454      73696F6E 
 1454      00
 1455              	.LASF53:
 1456 0253 73797350 		.ascii	"sysPmSimoPresent\000"
 1456      6D53696D 
 1456      6F507265 
 1456      73656E74 
 1456      00
 1457              	.LASF43:
 1458 0264 63707573 		.ascii	"cpussFmIrq\000"
 1458      73466D49 
 1458      727100
 1459              	.LASF108:
 1460 026f 646F7562 		.ascii	"double\000"
 1460      6C6500
 1461              	.LASF82:
 1462 0276 70657269 		.ascii	"periDiv16_5CtlOffset\000"
 1462      44697631 
 1462      365F3543 
 1462      746C4F66 
 1462      66736574 
 1463              	.LASF46:
 1464 028b 73727373 		.ascii	"srssNumPll\000"
 1464      4E756D50 
 1464      6C6C00
 1465              	.LASF161:
 1466 0296 6D61696E 		.ascii	"main\000"
 1466      00
 1467              	.LASF80:
 1468 029b 70657269 		.ascii	"periDiv8CtlOffset\000"
 1468      44697638 
 1468      43746C4F 
 1468      66667365 
 1468      7400
 1469              	.LASF87:
 1470 02ad 6770696F 		.ascii	"gpioPrtCfgOutOffset\000"
 1470      50727443 
 1470      66674F75 
 1470      744F6666 
 1470      73657400 
 1471              	.LASF20:
 1472 02c1 666C6173 		.ascii	"flashcBase\000"
 1472      68634261 
 1472      736500
 1473              	.LASF8:
ARM GAS  C:\Users\guill\AppData\Local\Temp\cctLB7oK.s 			page 32


 1474 02cc 5F5F7569 		.ascii	"__uint32_t\000"
 1474      6E743332 
 1474      5F7400
 1475              	.LASF50:
 1476 02d7 70617373 		.ascii	"passSarChannels\000"
 1476      53617243 
 1476      68616E6E 
 1476      656C7300 
 1477              	.LASF4:
 1478 02e7 5F5F696E 		.ascii	"__int16_t\000"
 1478      7431365F 
 1478      7400
 1479              	.LASF119:
 1480 02f1 72784275 		.ascii	"rxBufIdx\000"
 1480      66496478 
 1480      00
 1481              	.LASF93:
 1482 02fa 63707573 		.ascii	"cpussCm4PwrCtlOffset\000"
 1482      73436D34 
 1482      50777243 
 1482      746C4F66 
 1482      66736574 
 1483              	.LASF121:
 1484 030f 74784275 		.ascii	"txBufSize\000"
 1484      6653697A 
 1484      6500
 1485              	.LASF139:
 1486 0319 696E7465 		.ascii	"interruptSources\000"
 1486      72727570 
 1486      74536F75 
 1486      72636573 
 1486      00
 1487              	.LASF88:
 1488 032a 6770696F 		.ascii	"gpioPrtCfgSioOffset\000"
 1488      50727443 
 1488      66675369 
 1488      6F4F6666 
 1488      73657400 
 1489              	.LASF40:
 1490 033e 63707573 		.ascii	"cpussDwChNr\000"
 1490      73447743 
 1490      684E7200 
 1491              	.LASF12:
 1492 034a 756E7369 		.ascii	"unsigned int\000"
 1492      676E6564 
 1492      20696E74 
 1492      00
 1493              	.LASF15:
 1494 0357 75696E74 		.ascii	"uint16_t\000"
 1494      31365F74 
 1494      00
 1495              	.LASF73:
 1496 0360 70657269 		.ascii	"periTrCmdGrSelMsk\000"
 1496      5472436D 
 1496      64477253 
 1496      656C4D73 
 1496      6B00
ARM GAS  C:\Users\guill\AppData\Local\Temp\cctLB7oK.s 			page 33


 1497              	.LASF62:
 1498 0372 666C6173 		.ascii	"flashCtlMainWs1Freq\000"
 1498      6843746C 
 1498      4D61696E 
 1498      57733146 
 1498      72657100 
 1499              	.LASF9:
 1500 0386 6C6F6E67 		.ascii	"long unsigned int\000"
 1500      20756E73 
 1500      69676E65 
 1500      6420696E 
 1500      7400
 1501              	.LASF138:
 1502 0398 656E6162 		.ascii	"enableCompareSwap\000"
 1502      6C65436F 
 1502      6D706172 
 1502      65537761 
 1502      7000
 1503              	.LASF110:
 1504 03aa 63795F63 		.ascii	"cy_cb_scb_uart_handle_events_t\000"
 1504      625F7363 
 1504      625F7561 
 1504      72745F68 
 1504      616E646C 
 1505              	.LASF156:
 1506 03c9 55415254 		.ascii	"UART_context\000"
 1506      5F636F6E 
 1506      74657874 
 1506      00
 1507              	.LASF38:
 1508 03d6 63707573 		.ascii	"cpussIpcNr\000"
 1508      73497063 
 1508      4E7200
 1509              	.LASF25:
 1510 03e1 6770696F 		.ascii	"gpioBase\000"
 1510      42617365 
 1510      00
 1511              	.LASF51:
 1512 03ea 65704D6F 		.ascii	"epMonitorNr\000"
 1512      6E69746F 
 1512      724E7200 
 1513              	.LASF111:
 1514 03f6 74785374 		.ascii	"txStatus\000"
 1514      61747573 
 1514      00
 1515              	.LASF143:
 1516 03ff 73776170 		.ascii	"swapInputMode\000"
 1516      496E7075 
 1516      744D6F64 
 1516      6500
 1517              	.LASF74:
 1518 040d 70657269 		.ascii	"periTrGrOffset\000"
 1518      54724772 
 1518      4F666673 
 1518      657400
 1519              	.LASF101:
 1520 041c 63707573 		.ascii	"cpussRam1Ctl0\000"
ARM GAS  C:\Users\guill\AppData\Local\Temp\cctLB7oK.s 			page 34


 1520      7352616D 
 1520      3143746C 
 1520      3000
 1521              	.LASF149:
 1522 042a 6B696C6C 		.ascii	"killInputMode\000"
 1522      496E7075 
 1522      744D6F64 
 1522      6500
 1523              	.LASF123:
 1524 0438 63624576 		.ascii	"cbEvents\000"
 1524      656E7473 
 1524      00
 1525              	.LASF75:
 1526 0441 70657269 		.ascii	"periTrGrSize\000"
 1526      54724772 
 1526      53697A65 
 1526      00
 1527              	.LASF162:
 1528 044e 43795F53 		.ascii	"Cy_SysEnableCM4\000"
 1528      7973456E 
 1528      61626C65 
 1528      434D3400 
 1529              	.LASF33:
 1530 045e 6770696F 		.ascii	"gpioVersion\000"
 1530      56657273 
 1530      696F6E00 
 1531              	.LASF105:
 1532 046a 63795F73 		.ascii	"cy_stc_device_t\000"
 1532      74635F64 
 1532      65766963 
 1532      655F7400 
 1533              	.LASF140:
 1534 047a 696E7665 		.ascii	"invertPWMOut\000"
 1534      72745057 
 1534      4D4F7574 
 1534      00
 1535              	.LASF131:
 1536 0487 64656164 		.ascii	"deadTimeClocks\000"
 1536      54696D65 
 1536      436C6F63 
 1536      6B7300
 1537              	.LASF115:
 1538 0496 72785269 		.ascii	"rxRingBufHead\000"
 1538      6E674275 
 1538      66486561 
 1538      6400
 1539              	.LASF94:
 1540 04a4 63707573 		.ascii	"cpussTrimRamCtlOffset\000"
 1540      73547269 
 1540      6D52616D 
 1540      43746C4F 
 1540      66667365 
 1541              	.LASF148:
 1542 04ba 73746172 		.ascii	"startInput\000"
 1542      74496E70 
 1542      757400
 1543              	.LASF29:
ARM GAS  C:\Users\guill\AppData\Local\Temp\cctLB7oK.s 			page 35


 1544 04c5 63707573 		.ascii	"cpussVersion\000"
 1544      73566572 
 1544      73696F6E 
 1544      00
 1545              	.LASF36:
 1546 04d2 70657269 		.ascii	"periVersion\000"
 1546      56657273 
 1546      696F6E00 
 1547              	.LASF92:
 1548 04de 63707573 		.ascii	"cpussCm0StatusOffset\000"
 1548      73436D30 
 1548      53746174 
 1548      75734F66 
 1548      66736574 
 1549              	.LASF17:
 1550 04f3 73697A65 		.ascii	"sizetype\000"
 1550      74797065 
 1550      00
 1551              	.LASF66:
 1552 04fc 64774368 		.ascii	"dwChOffset\000"
 1552      4F666673 
 1552      657400
 1553              	.LASF41:
 1554 0507 63707573 		.ascii	"cpussFlashPaSize\000"
 1554      73466C61 
 1554      73685061 
 1554      53697A65 
 1554      00
 1555              	.LASF79:
 1556 0518 70657269 		.ascii	"periDivCmdPaTypeSelPos\000"
 1556      44697643 
 1556      6D645061 
 1556      54797065 
 1556      53656C50 
 1557              	.LASF102:
 1558 052f 63707573 		.ascii	"cpussRam2Ctl0\000"
 1558      7352616D 
 1558      3243746C 
 1558      3000
 1559              	.LASF70:
 1560 053d 64775374 		.ascii	"dwStatusChIdxPos\000"
 1560      61747573 
 1560      43684964 
 1560      78506F73 
 1560      00
 1561              	.LASF52:
 1562 054e 75646250 		.ascii	"udbPresent\000"
 1562      72657365 
 1562      6E7400
 1563              	.LASF112:
 1564 0559 72785374 		.ascii	"rxStatus\000"
 1564      61747573 
 1564      00
 1565              	.LASF32:
 1566 0562 666C6173 		.ascii	"flashcVersion\000"
 1566      68635665 
 1566      7273696F 
ARM GAS  C:\Users\guill\AppData\Local\Temp\cctLB7oK.s 			page 36


 1566      6E00
 1567              	.LASF28:
 1568 0570 63727970 		.ascii	"cryptoBase\000"
 1568      746F4261 
 1568      736500
 1569              	.LASF49:
 1570 057b 736D6966 		.ascii	"smifDeviceNr\000"
 1570      44657669 
 1570      63654E72 
 1570      00
 1571              	.LASF160:
 1572 0588 5F5F656E 		.ascii	"__enable_irq\000"
 1572      61626C65 
 1572      5F697271 
 1572      00
 1573              	.LASF128:
 1574 0595 70776D4D 		.ascii	"pwmMode\000"
 1574      6F646500 
 1575              	.LASF107:
 1576 059d 666C6F61 		.ascii	"float\000"
 1576      7400
 1577              	.LASF71:
 1578 05a3 64775374 		.ascii	"dwStatusChIdxMsk\000"
 1578      61747573 
 1578      43684964 
 1578      784D736B 
 1578      00
 1579              	.LASF154:
 1580 05b4 63795F64 		.ascii	"cy_device\000"
 1580      65766963 
 1580      6500
 1581              	.LASF99:
 1582 05be 63707573 		.ascii	"cpussRomCtl\000"
 1582      73526F6D 
 1582      43746C00 
 1583              	.LASF69:
 1584 05ca 64774368 		.ascii	"dwChCtlPreemptablePos\000"
 1584      43746C50 
 1584      7265656D 
 1584      70746162 
 1584      6C65506F 
 1585              	.LASF142:
 1586 05e0 6B696C6C 		.ascii	"killMode\000"
 1586      4D6F6465 
 1586      00
 1587              	.LASF22:
 1588 05e9 75646242 		.ascii	"udbBase\000"
 1588      61736500 
 1589              	.LASF109:
 1590 05f1 5F426F6F 		.ascii	"_Bool\000"
 1590      6C00
 1591              	.LASF1:
 1592 05f7 756E7369 		.ascii	"unsigned char\000"
 1592      676E6564 
 1592      20636861 
 1592      7200
 1593              	.LASF65:
ARM GAS  C:\Users\guill\AppData\Local\Temp\cctLB7oK.s 			page 37


 1594 0605 666C6173 		.ascii	"flashCtlMainWs4Freq\000"
 1594      6843746C 
 1594      4D61696E 
 1594      57733446 
 1594      72657100 
 1595              	.LASF0:
 1596 0619 73686F72 		.ascii	"short int\000"
 1596      7420696E 
 1596      7400
 1597              	.LASF76:
 1598 0623 70657269 		.ascii	"periDivCmdDivSelMsk\000"
 1598      44697643 
 1598      6D644469 
 1598      7653656C 
 1598      4D736B00 
 1599              	.LASF63:
 1600 0637 666C6173 		.ascii	"flashCtlMainWs2Freq\000"
 1600      6843746C 
 1600      4D61696E 
 1600      57733246 
 1600      72657100 
 1601              	.LASF135:
 1602 064b 656E6162 		.ascii	"enablePeriodSwap\000"
 1602      6C655065 
 1602      72696F64 
 1602      53776170 
 1602      00
 1603              	.LASF144:
 1604 065c 73776170 		.ascii	"swapInput\000"
 1604      496E7075 
 1604      7400
 1605              	.LASF47:
 1606 0666 73727373 		.ascii	"srssNumHfroot\000"
 1606      4E756D48 
 1606      66726F6F 
 1606      7400
 1607              	.LASF60:
 1608 0674 666C6173 		.ascii	"flashEraseDelay\000"
 1608      68457261 
 1608      73654465 
 1608      6C617900 
 1609              	.LASF16:
 1610 0684 75696E74 		.ascii	"uint32_t\000"
 1610      33325F74 
 1610      00
 1611              	.LASF98:
 1612 068d 63707573 		.ascii	"cpussCm4NmiCtlOffset\000"
 1612      73436D34 
 1612      4E6D6943 
 1612      746C4F66 
 1612      66736574 
 1613              	.LASF157:
 1614 06a2 474E5520 		.ascii	"GNU C11 5.4.1 20160609 (release) [ARM/embedded-5-br"
 1614      43313120 
 1614      352E342E 
 1614      31203230 
 1614      31363036 
ARM GAS  C:\Users\guill\AppData\Local\Temp\cctLB7oK.s 			page 38


 1615 06d5 616E6368 		.ascii	"anch revision 237715] -mcpu=cortex-m0plus -mthumb -"
 1615      20726576 
 1615      6973696F 
 1615      6E203233 
 1615      37373135 
 1616 0708 67202D4F 		.ascii	"g -Og -ffunction-sections -ffat-lto-objects\000"
 1616      67202D66 
 1616      66756E63 
 1616      74696F6E 
 1616      2D736563 
 1617              	.LASF136:
 1618 0734 636F6D70 		.ascii	"compare0\000"
 1618      61726530 
 1618      00
 1619              	.LASF18:
 1620 073d 6C6F6E67 		.ascii	"long double\000"
 1620      20646F75 
 1620      626C6500 
 1621              	.LASF106:
 1622 0749 63686172 		.ascii	"char\000"
 1622      00
 1623              	.LASF152:
 1624 074e 636F756E 		.ascii	"countInput\000"
 1624      74496E70 
 1624      757400
 1625              	.LASF37:
 1626 0759 70726F74 		.ascii	"protVersion\000"
 1626      56657273 
 1626      696F6E00 
 1627              	.LASF100:
 1628 0765 63707573 		.ascii	"cpussRam0Ctl0\000"
 1628      7352616D 
 1628      3043746C 
 1628      3000
 1629              	.LASF5:
 1630 0773 5F5F7569 		.ascii	"__uint16_t\000"
 1630      6E743136 
 1630      5F7400
 1631              	.LASF155:
 1632 077e 50574D5F 		.ascii	"PWM_config\000"
 1632      636F6E66 
 1632      696700
 1633              	.LASF81:
 1634 0789 70657269 		.ascii	"periDiv16CtlOffset\000"
 1634      44697631 
 1634      3643746C 
 1634      4F666673 
 1634      657400
 1635              	.LASF159:
 1636 079c 433A5C55 		.ascii	"C:\\Users\\guill\\Escritorio\\CSE121\\Lab2.2.cydsn\000"
 1636      73657273 
 1636      5C677569 
 1636      6C6C5C45 
 1636      73637269 
 1637              	.LASF59:
 1638 07ca 666C6173 		.ascii	"flashProgramDelay\000"
 1638      6850726F 
ARM GAS  C:\Users\guill\AppData\Local\Temp\cctLB7oK.s 			page 39


 1638      6772616D 
 1638      44656C61 
 1638      7900
 1639              	.LASF114:
 1640 07dc 72785269 		.ascii	"rxRingBufSize\000"
 1640      6E674275 
 1640      6653697A 
 1640      6500
 1641              	.LASF146:
 1642 07ea 72656C6F 		.ascii	"reloadInput\000"
 1642      6164496E 
 1642      70757400 
 1643              	.LASF6:
 1644 07f6 73686F72 		.ascii	"short unsigned int\000"
 1644      7420756E 
 1644      7369676E 
 1644      65642069 
 1644      6E7400
 1645              	.LASF67:
 1646 0809 64774368 		.ascii	"dwChSize\000"
 1646      53697A65 
 1646      00
 1647              	.LASF103:
 1648 0812 69706353 		.ascii	"ipcStructSize\000"
 1648      74727563 
 1648      7453697A 
 1648      6500
 1649              	.LASF147:
 1650 0820 73746172 		.ascii	"startInputMode\000"
 1650      74496E70 
 1650      75744D6F 
 1650      646500
 1651              	.LASF42:
 1652 082f 63707573 		.ascii	"cpussIpc0Irq\000"
 1652      73497063 
 1652      30497271 
 1652      00
 1653              	.LASF133:
 1654 083c 70657269 		.ascii	"period0\000"
 1654      6F643000 
 1655              	.LASF134:
 1656 0844 70657269 		.ascii	"period1\000"
 1656      6F643100 
 1657              	.LASF137:
 1658 084c 636F6D70 		.ascii	"compare1\000"
 1658      61726531 
 1658      00
 1659              	.LASF89:
 1660 0855 63707573 		.ascii	"cpussCm0ClockCtlOffset\000"
 1660      73436D30 
 1660      436C6F63 
 1660      6B43746C 
 1660      4F666673 
 1661              	.LASF85:
 1662 086c 6770696F 		.ascii	"gpioPrtCfgOffset\000"
 1662      50727443 
 1662      66674F66 
ARM GAS  C:\Users\guill\AppData\Local\Temp\cctLB7oK.s 			page 40


 1662      66736574 
 1662      00
 1663              	.LASF124:
 1664 087d 696E6974 		.ascii	"initKey\000"
 1664      4B657900 
 1665              	.LASF117:
 1666 0885 72784275 		.ascii	"rxBuf\000"
 1666      6600
 1667              	.LASF125:
 1668 088b 63795F73 		.ascii	"cy_stc_scb_uart_context_t\000"
 1668      74635F73 
 1668      63625F75 
 1668      6172745F 
 1668      636F6E74 
 1669              	.LASF44:
 1670 08a5 63707573 		.ascii	"cpussNotConnectedIrq\000"
 1670      734E6F74 
 1670      436F6E6E 
 1670      65637465 
 1670      64497271 
 1671              	.LASF141:
 1672 08ba 696E7665 		.ascii	"invertPWMOutN\000"
 1672      72745057 
 1672      4D4F7574 
 1672      4E00
 1673              	.LASF58:
 1674 08c8 666C6173 		.ascii	"flashWriteDelay\000"
 1674      68577269 
 1674      74654465 
 1674      6C617900 
 1675              	.LASF13:
 1676 08d8 75696E74 		.ascii	"uint8_t\000"
 1676      385F7400 
 1677              	.LASF91:
 1678 08e0 63707573 		.ascii	"cpussCm4StatusOffset\000"
 1678      73436D34 
 1678      53746174 
 1678      75734F66 
 1678      66736574 
 1679              	.LASF84:
 1680 08f5 6770696F 		.ascii	"gpioPrtIntrCfgOffset\000"
 1680      50727449 
 1680      6E747243 
 1680      66674F66 
 1680      66736574 
 1681              	.LASF153:
 1682 090a 63795F73 		.ascii	"cy_stc_tcpwm_pwm_config_t\000"
 1682      74635F74 
 1682      6370776D 
 1682      5F70776D 
 1682      5F636F6E 
 1683              	.LASF145:
 1684 0924 72656C6F 		.ascii	"reloadInputMode\000"
 1684      6164496E 
 1684      7075744D 
 1684      6F646500 
 1685              	.LASF116:
ARM GAS  C:\Users\guill\AppData\Local\Temp\cctLB7oK.s 			page 41


 1686 0934 72785269 		.ascii	"rxRingBufTail\000"
 1686      6E674275 
 1686      66546169 
 1686      6C00
 1687              	.LASF95:
 1688 0942 63707573 		.ascii	"cpussTrimRomCtlOffset\000"
 1688      73547269 
 1688      6D526F6D 
 1688      43746C4F 
 1688      66667365 
 1689              	.LASF151:
 1690 0958 636F756E 		.ascii	"countInputMode\000"
 1690      74496E70 
 1690      75744D6F 
 1690      646500
 1691              	.LASF31:
 1692 0967 64775665 		.ascii	"dwVersion\000"
 1692      7273696F 
 1692      6E00
 1693              	.LASF27:
 1694 0971 69706342 		.ascii	"ipcBase\000"
 1694      61736500 
 1695              	.LASF78:
 1696 0979 70657269 		.ascii	"periDivCmdPaDivSelPos\000"
 1696      44697643 
 1696      6D645061 
 1696      44697653 
 1696      656C506F 
 1697              	.LASF126:
 1698 098f 63795F73 		.ascii	"cy_stc_scb_uart_context\000"
 1698      74635F73 
 1698      63625F75 
 1698      6172745F 
 1698      636F6E74 
 1699              	.LASF56:
 1700 09a7 666C6173 		.ascii	"flashRwwRequired\000"
 1700      68527777 
 1700      52657175 
 1700      69726564 
 1700      00
 1701              		.ident	"GCC: (GNU Tools for ARM Embedded Processors) 5.4.1 20160609 (release) [ARM/embedded-5-bran
